I231231 04:01:46.877655 1 util/log/sync_buffer.go:195 ⋮ [config] file created at: 2023/12/31 04:01:46
I231231 04:01:46.877686 1 util/log/sync_buffer.go:195 ⋮ [config] running on machine: ‹DESKTOP-Q36URSU›
I231231 04:01:46.877702 1 util/log/sync_buffer.go:195 ⋮ [config] binary: CockroachDB CCL v20.2.3 (x86_64-w64-mingw32, built 2020/12/14 18:43:04, go1.13.14)
I231231 04:01:46.877714 1 util/log/sync_buffer.go:195 ⋮ [config] arguments: ‹[C:\Program Files\cockroach-v20.2.3.windows-6.2-amd64\cockroach.exe start-single-node --insecure --listen-addr 127.0.0.1]›
I231231 04:01:46.877741 1 util/log/sync_buffer.go:195 ⋮ [config] line format: [IWEF]yymmdd hh:mm:ss.uuuuuu goid file:line msg utf8=✓
W231231 04:01:46.861492 1 cli/start.go:1139 ⋮ ALL SECURITY CONTROLS HAVE BEEN DISABLED!

This mode is intended for non-production testing only.

In this mode:
- Your cluster is open to any client that can access ‹127.0.0.1›.
- Intruders with access to your machine or network can observe client-server traffic.
- Intruders can log in without password and read or write any data in the cluster.
- Intruders can consume all your server's resources and cause unavailability.
I231231 04:01:46.882851 1 cli/start.go:1149 ⋮ To start a secure server without mandating TLS for clients,
consider --accept-sql-without-tls instead. For other options, see:

- ‹https://go.crdb.dev/issue-v/53404/v20.2›
- https://www.cockroachlabs.com/docs/v20.2/secure-a-cluster.html
W231231 04:01:46.882962 1 cli/start.go:983 ⋮ ‹Using the default setting for --cache (128 MiB).›
‹  A significantly larger value is usually needed for good performance.›
‹  If you have a dedicated server a reasonable setting is --cache=.25 (2.0 GiB).›
I231231 04:01:46.896400 1 cli/start.go:1164 ⋮ ‹CockroachDB CCL v20.2.3 (x86_64-w64-mingw32, built 2020/12/14 18:43:04, go1.13.14)›
I231231 04:01:47.063928 1 server/config.go:434 ⋮ system total memory: ‹7.9 GiB›
I231231 04:01:47.064212 1 server/config.go:436 ⋮ server configuration:
‹max offset             500000000›
‹cache size             128 MiB›
‹SQL memory pool size   2.0 GiB›
‹scan interval          10m0s›
‹scan min idle time     10ms›
‹scan max idle time     1s›
‹event log enabled      true›
I231231 04:01:47.064369 1 cli/start.go:968 ⋮ process identity: ‹uid S-1-5-21-1398560072-253756905-2351049174-1001, gid S-1-5-21-1398560072-253756905-2351049174-513›
I231231 04:01:47.865949 1 cli/start.go:504 ⋮ GEOS loaded from directory ‹C:\Program Files\cockroach-v20.2.3.windows-6.2-amd64\lib›
I231231 04:01:47.866374 1 cli/start.go:509 ⋮ starting cockroach node
E231231 04:01:48.039619 26 server/status/runtime.go:328 ⋮ [n?] could not get initial disk IO counters: Incorrect function.
I231231 04:01:49.375768 26 server/server.go:782 ⋮ [n?] monitoring forward clock jumps based on server.clock.forward_jump_check_enabled
I231231 04:01:52.080410 26 server/config.go:625 ⋮ [n?] 1 storage engine‹› initialized
I231231 04:01:52.080505 26 server/config.go:628 ⋮ [n?] ‹Pebble cache size: 128 MiB›
I231231 04:01:52.080536 26 server/config.go:628 ⋮ [n?] ‹store 0: RocksDB, max size 0 B, max open file limit 10000›
I231231 04:01:53.153188 120 server/server.go:1416 ⋮ [n?] connecting to gossip network to verify cluster ID ‹"82c4472b-2e0b-4098-a55e-d93881b12bd5"›
I231231 04:01:53.319124 26 gossip/gossip.go:403 ⋮ [n1] NodeDescriptor set to ‹node_id:1 address:<network_field:"tcp" address_field:"127.0.0.1:26257" > attrs:<> locality:<> ServerVersion:<major_val:20 minor_val:2 patch:0 unstable:0 > build_tag:"v20.2.3" started_at:1703995313319105000 cluster_name:"" sql_address:<network_field:"tcp" address_field:"127.0.0.1:26257" >›
I231231 04:01:54.086302 120 server/server.go:1419 ⋮ [n1] node connected via gossip
W231231 04:01:54.190996 168 kv/kvserver/replica_range_lease.go:555 ⋮ [n1,s1,r6/1:‹/Table/{SystemCon…-11}›] can't determine lease status of (n1,s1):1 due to node liveness error: node not in the liveness table
(1) attached stack trace
  -- stack trace:
  | github.com/cockroachdb/cockroach/pkg/kv/kvserver.init
  | 	/go/src/github.com/cockroachdb/cockroach/pkg/kv/kvserver/node_liveness.go:45
  | runtime.doInit
  | 	/usr/local/go/src/runtime/proc.go:5228
  | runtime.doInit
  | 	/usr/local/go/src/runtime/proc.go:5223
  | runtime.doInit
  | 	/usr/local/go/src/runtime/proc.go:5223
  | runtime.doInit
  | 	/usr/local/go/src/runtime/proc.go:5223
  | runtime.doInit
  | 	/usr/local/go/src/runtime/proc.go:5223
  | runtime.main
  | 	/usr/local/go/src/runtime/proc.go:190
  | runtime.goexit
  | 	/usr/local/go/src/runtime/asm_amd64.s:1357
Wraps: (2) node not in the liveness table
Error types: (1) *withstack.withStack (2) *errutil.leafError
W231231 04:01:54.309555 168 kv/kvserver/store.go:1704 ⋮ [n1,s1,r6/1:‹/Table/{SystemCon…-11}›] could not gossip system config: ‹[NotLeaseHolderError] r6: replica (n1,s1):1 not lease holder; lease holder unknown›
(1) ‹[NotLeaseHolderError] r6: replica (n1,s1):1 not lease holder; lease holder unknown›
Error types: (1) *roachpb.NotLeaseHolderError
W231231 04:01:54.462315 168 kv/kvserver/store.go:1704 ⋮ [n1,s1,r6/1:‹/Table/{SystemCon…-11}›] could not gossip system config: ‹[NotLeaseHolderError] r6: replica (n1,s1):1 not lease holder; lease holder unknown›
(1) ‹[NotLeaseHolderError] r6: replica (n1,s1):1 not lease holder; lease holder unknown›
Error types: (1) *roachpb.NotLeaseHolderError
W231231 04:01:54.561400 168 kv/kvserver/store.go:1704 ⋮ [n1,s1,r6/1:‹/Table/{SystemCon…-11}›] could not gossip system config: ‹[NotLeaseHolderError] r6: replica (n1,s1):1 not lease holder; lease holder unknown›
(1) ‹[NotLeaseHolderError] r6: replica (n1,s1):1 not lease holder; lease holder unknown›
Error types: (1) *roachpb.NotLeaseHolderError
I231231 04:01:54.558098 26 server/node.go:430 ⋮ [n1] initialized store [n1,s1]: disk (capacity=416 GiB, available=125 GiB, used=10 MiB, logicalBytes=33 MiB), ranges=36, leases=0, queries=0.00, writes=0.00, bytesPerReplica={p10=0.00 p25=0.00 p50=0.00 p75=1569.00 p90=13141.00 pMax=34905668.00}, writesPerReplica={p10=0.00 p25=0.00 p50=0.00 p75=0.00 p90=0.00 pMax=0.00}
I231231 04:01:54.668214 26 kv/kvserver/stores.go:236 ⋮ [n1] read 0 node addresses from persistent storage
W231231 04:01:54.748769 168 kv/kvserver/store.go:1704 ⋮ [n1,s1,r6/1:‹/Table/{SystemCon…-11}›] could not gossip system config: ‹[NotLeaseHolderError] r6: replica (n1,s1):1 not lease holder; lease holder unknown›
(1) ‹[NotLeaseHolderError] r6: replica (n1,s1):1 not lease holder; lease holder unknown›
Error types: (1) *roachpb.NotLeaseHolderError
I231231 04:01:54.748852 26 server/node.go:489 ⋮ [n1] started with engine type ‹2›
I231231 04:01:54.748913 26 server/node.go:491 ⋮ [n1] started with attributes ‹[]›
I231231 04:01:54.870224 26 server/goroutinedumper/goroutinedumper.go:120 ⋮ [n1] writing goroutine dumps to ‹D:\lain\cockroach-data\logs\goroutine_dump›
I231231 04:01:54.907822 26 server/heapprofiler/heapprofiler.go:49 ⋮ [n1] writing go heap profiles to ‹D:\lain\cockroach-data\logs\heap_profiler› at least every 1h0m0s
I231231 04:01:54.907939 26 server/heapprofiler/cgoprofiler.go:53 ⋮ [n1] to enable jmalloc profiling: "export MALLOC_CONF=prof:true" or "ln -s prof:true /etc/malloc.conf"
I231231 04:01:54.907989 26 server/heapprofiler/statsprofiler.go:54 ⋮ [n1] writing memory stats to ‹D:\lain\cockroach-data\logs\heap_profiler› at last every 1h0m0s
I231231 04:01:54.908037 26 server/server.go:1536 ⋮ [n1] starting http server at ‹127.0.0.1:8080› (use: ‹127.0.0.1:8080›)
I231231 04:01:54.908088 26 server/server.go:1543 ⋮ [n1] starting grpc/postgres server at ‹127.0.0.1:26257›
I231231 04:01:54.908130 26 server/server.go:1544 ⋮ [n1] advertising CockroachDB node at ‹127.0.0.1:26257›
W231231 04:01:55.117609 168 kv/kvserver/store.go:1704 ⋮ [n1,s1,r6/1:‹/Table/{SystemCon…-11}›] could not gossip system config: ‹[NotLeaseHolderError] r6: replica (n1,s1):1 not lease holder; lease holder unknown›
(1) ‹[NotLeaseHolderError] r6: replica (n1,s1):1 not lease holder; lease holder unknown›
Error types: (1) *roachpb.NotLeaseHolderError
I231231 04:01:55.688570 112 gossip/gossip.go:1508 ⋮ [n1] node has connected to cluster via gossip
I231231 04:01:55.766644 112 kv/kvserver/stores.go:255 ⋮ [n1] wrote 0 node addresses to persistent storage
I231231 04:01:55.849593 26 sql/sqlliveness/slinstance/slinstance.go:252 ⋮ [n1] starting SQL liveness instance
I231231 04:01:55.898907 26 server/server_sql.go:753 ⋮ [n1] done ensuring all necessary migrations have run
I231231 04:01:55.898990 26 server/server.go:1876 ⋮ [n1] serving sql connections
I231231 04:01:55.978340 26 cli/start.go:670 ⋮ [config] clusterID: ‹82c4472b-2e0b-4098-a55e-d93881b12bd5›
I231231 04:01:55.978433 26 cli/start.go:680 ⋮ node startup completed:
CockroachDB node starting at 2023-12-31 04:01:55.9780813 +0000 UTC (took 9.2s)
build:               CCL v20.2.3 @ 2020/12/14 18:43:04 (go1.13.14)
webui:               ‹http://127.0.0.1:8080›
sql:                 ‹postgresql://root@127.0.0.1:26257?sslmode=disable›
RPC client flags:    ‹C:\Program Files\cockroach-v20.2.3.windows-6.2-amd64\cockroach.exe <client cmd> --host=127.0.0.1:26257 --insecure›
logs:                ‹D:\lain\cockroach-data\logs›
temp dir:            ‹D:\lain\cockroach-data\cockroach-temp232641291›
external I/O path:   ‹D:\lain\cockroach-data\extern›
store[0]:            ‹path=D:\lain\cockroach-data›
storage engine:      pebble
status:              restarted pre-existing node
clusterID:           ‹82c4472b-2e0b-4098-a55e-d93881b12bd5›
nodeID:              1
I231231 04:01:56.250407 235 sql/temporary_schema.go:497 ⋮ [n1] running temporary object cleanup background job
I231231 04:01:56.266382 248 jobs/job_scheduler.go:346 ⋮ [n1] waiting 3m0s before scheduled jobs daemon start
W231231 04:01:56.452512 157 kv/kvserver/store_raft.go:493 ⋮ [n1,s1,r4/1:‹/System{/tsd-tse}›] handle raft ready: 0.5s [applied=1, batches=1, state_assertions=0]
I231231 04:01:57.831804 235 sql/temporary_schema.go:532 ⋮ [n1] found 0 temporary schemas
I231231 04:01:57.831871 235 sql/temporary_schema.go:535 ⋮ [n1] early exiting temporary schema cleaner as no temporary schemas were found
I231231 04:01:57.831898 235 sql/temporary_schema.go:536 ⋮ [n1] completed temporary object cleanup job
I231231 04:01:57.831934 235 sql/temporary_schema.go:614 ⋮ [n1] temporary object cleaner next scheduled to run at 2023-12-31 04:31:55.9002798 +0000 UTC
I231231 04:01:59.713115 249 server/server_update.go:55 ⋮ [n1] no need to upgrade, cluster already at the newest version
I231231 04:02:00.186371 409 sql/catalog/lease/lease.go:2115 ⋮ released orphaned lease: ‹{id:50 version:1 expiration:{Time:{wall:917990000 ext:63839445538 loc:<nil>}}}›
I231231 04:02:00.186511 233 sql/sqlliveness/slstorage/slstorage.go:342 ⋮ [n1] inserted sqlliveness session ‹854d2059ae16402b8418a4867e9ee2ea›
I231231 04:02:00.186562 233 sql/sqlliveness/slinstance/slinstance.go:143 ⋮ [n1] created new SQL liveness session ‹854d2059ae16402b8418a4867e9ee2ea›
I231231 04:02:00.273624 410 sql/catalog/lease/lease.go:2115 ⋮ released orphaned lease: ‹{id:52 version:1 expiration:{Time:{wall:672006000 ext:63839445529 loc:<nil>}}}›
I231231 04:02:00.239897 231 sql/event_log.go:162 ⋮ [n1] Event: ‹"node_restart"›, target: 1, info: ‹{Descriptor:{NodeID:1 Address:127.0.0.1:26257 Attrs: Locality: ServerVersion:20.2 BuildTag:v20.2.3 StartedAt:1703995313319105000 LocalityAddress:[] ClusterName: SQLAddress:127.0.0.1:26257} ClusterID:82c4472b-2e0b-4098-a55e-d93881b12bd5 StartedAt:1703995313319105000 LastUp:1703848476869065900}›
W231231 04:02:05.048933 128 server/status/runtime.go:449 ⋮ [n1] unable to get file descriptor usage (will not try again): ‹not implemented on windows›
W231231 04:02:05.049312 128 server/status/runtime.go:459 ⋮ [n1] problem fetching disk stats: Incorrect function.; disk stats will be empty.
I231231 04:02:05.058354 128 server/status/runtime.go:522 ⋮ [n1] runtime stats: 92 MiB RSS, 173 goroutines, 18 MiB/50 MiB/41 MiB GO alloc/idle/total, 622 KiB/1.3 MiB CGO alloc/total, 0.0 CGO/sec, 0.0/0.0 %(u/s)time, 0.0 %gc (25x), 132 KiB/2.9 KiB (r/w)net
I231231 04:02:14.510109 232 sql/sqlliveness/slstorage/slstorage.go:320 ⋮ [n1] deleted 1 expired SQL liveness sessions
I231231 04:02:14.803874 79 kv/kvserver/store.go:2638 ⋮ [n1,s1] sstables (read amplification = 1):
‹6 [ 3M 1 ]: 3M›
I231231 04:02:14.833375 79 kv/kvserver/store.go:2639 ⋮ [n1,s1] ‹›
‹__level_____count____size___score______in__ingest(sz_cnt)____move(sz_cnt)___write(sz_cnt)____read___r-amp___w-amp›
‹    WAL         2   533 K       -   530 K       -       -       -       -   533 K       -       -       -     1.0›
‹      0         0     0 B    0.00     0 B     0 B       0     0 B       0     0 B       0     0 B       0     0.0›
‹      1         0     0 B    0.00     0 B     0 B       0     0 B       0     0 B       0     0 B       0     0.0›
‹      2         0     0 B    0.00     0 B     0 B       0     0 B       0     0 B       0     0 B       0     0.0›
‹      3         0     0 B    0.00     0 B     0 B       0     0 B       0     0 B       0     0 B       0     0.0›
‹      4         0     0 B    0.00     0 B     0 B       0     0 B       0     0 B       0     0 B       0     0.0›
‹      5         0     0 B    0.00     0 B     0 B       0     0 B       0     0 B       0     0 B       0     0.0›
‹      6         1   3.1 M       -   355 K     0 B       0     0 B       0   3.1 M       1   3.3 M       1     8.9›
‹  total         1   3.1 M       -   533 K     0 B       0     0 B       0   3.6 M       1   3.3 M       1     6.9›
‹  flush         0›
‹compact         1     0 B          (size == estimated-debt)›
‹ memtbl         2    32 M›
‹zmemtbl         0     0 B›
‹   ztbl         0     0 B›
‹ bcache        15   493 K   81.3%  (score == hit-rate)›
‹ tcache         1   616 B   99.7%  (score == hit-rate)›
‹ titers         0›
‹ filter         -       -   70.9%  (score == utility)›
W231231 04:02:14.921267 128 server/status/runtime.go:459 ⋮ [n1] problem fetching disk stats: Incorrect function.; disk stats will be empty.
I231231 04:02:14.930311 128 server/status/runtime.go:522 ⋮ [n1] runtime stats: 93 MiB RSS, 173 goroutines, 28 MiB/42 MiB/41 MiB GO alloc/idle/total, 622 KiB/1.3 MiB CGO alloc/total, 842.7 CGO/sec, 1.3/0.6 %(u/s)time, 0.0 %gc (0x), 192 B/74 B (r/w)net
W231231 04:02:24.922396 128 server/status/runtime.go:459 ⋮ [n1] problem fetching disk stats: Incorrect function.; disk stats will be empty.
I231231 04:02:24.929873 128 server/status/runtime.go:522 ⋮ [n1] runtime stats: 94 MiB RSS, 173 goroutines, 24 MiB/45 MiB/42 MiB GO alloc/idle/total, 622 KiB/1.3 MiB CGO alloc/total, 1000.6 CGO/sec, 1.3/0.5 %(u/s)time, 0.0 %gc (1x), 132 B/1.2 KiB (r/w)net
W231231 04:02:34.923011 128 server/status/runtime.go:459 ⋮ [n1] problem fetching disk stats: Incorrect function.; disk stats will be empty.
I231231 04:02:34.930783 128 server/status/runtime.go:522 ⋮ [n1] runtime stats: 119 MiB RSS, 175 goroutines, 23 MiB/45 MiB/46 MiB GO alloc/idle/total, 623 KiB/1.3 MiB CGO alloc/total, 2508.3 CGO/sec, 6.9/1.6 %(u/s)time, 0.0 %gc (7x), 19 KiB/24 KiB (r/w)net
W231231 04:02:44.924846 128 server/status/runtime.go:459 ⋮ [n1] problem fetching disk stats: Incorrect function.; disk stats will be empty.
I231231 04:02:44.931598 128 server/status/runtime.go:522 ⋮ [n1] runtime stats: 120 MiB RSS, 176 goroutines, 28 MiB/41 MiB/46 MiB GO alloc/idle/total, 623 KiB/1.3 MiB CGO alloc/total, 2354.1 CGO/sec, 11.1/4.2 %(u/s)time, 0.0 %gc (9x), 465 B/3.0 KiB (r/w)net
I231231 04:02:54.803682 80 gossip/gossip.go:568 ⋮ [n1] gossip status (ok, 1 node‹›)
gossip client (0/3 cur/max conns)
gossip server (0/3 cur/max conns, infos 0/0 sent/received, bytes 0B/0B sent/received)
gossip connectivity
  n1 [sentinel];
W231231 04:02:54.936932 128 server/status/runtime.go:459 ⋮ [n1] problem fetching disk stats: Incorrect function.; disk stats will be empty.
I231231 04:02:54.962495 128 server/status/runtime.go:522 ⋮ [n1] runtime stats: 122 MiB RSS, 176 goroutines, 19 MiB/49 MiB/46 MiB GO alloc/idle/total, 623 KiB/1.3 MiB CGO alloc/total, 2198.8 CGO/sec, 17.8/5.1 %(u/s)time, 0.0 %gc (8x), 336 KiB/10 KiB (r/w)net
W231231 04:03:04.928153 128 server/status/runtime.go:459 ⋮ [n1] problem fetching disk stats: Incorrect function.; disk stats will be empty.
I231231 04:03:04.952078 128 server/status/runtime.go:522 ⋮ [n1] runtime stats: 123 MiB RSS, 174 goroutines, 20 MiB/47 MiB/46 MiB GO alloc/idle/total, 623 KiB/1.3 MiB CGO alloc/total, 1658.0 CGO/sec, 11.7/2.2 %(u/s)time, 0.0 %gc (3x), 66 KiB/1.4 KiB (r/w)net
W231231 04:03:14.928220 128 server/status/runtime.go:459 ⋮ [n1] problem fetching disk stats: Incorrect function.; disk stats will be empty.
I231231 04:03:14.949437 128 server/status/runtime.go:522 ⋮ [n1] runtime stats: 125 MiB RSS, 174 goroutines, 18 MiB/50 MiB/48 MiB GO alloc/idle/total, 623 KiB/1.3 MiB CGO alloc/total, 1932.1 CGO/sec, 19.9/5.0 %(u/s)time, 0.1 %gc (8x), 133 KiB/3.4 KiB (r/w)net
W231231 04:03:24.971148 128 server/status/runtime.go:459 ⋮ [n1] problem fetching disk stats: Incorrect function.; disk stats will be empty.
I231231 04:03:24.989422 128 server/status/runtime.go:522 ⋮ [n1] runtime stats: 126 MiB RSS, 174 goroutines, 20 MiB/48 MiB/48 MiB GO alloc/idle/total, 623 KiB/1.3 MiB CGO alloc/total, 1832.6 CGO/sec, 18.0/3.0 %(u/s)time, 0.0 %gc (10x), 132 B/110 B (r/w)net
E231231 04:03:29.478046 860 kv/kvserver/queue.go:1087 ⋮ [n1,timeSeriesMaintenance,s1,r4/1:‹/System{/tsd-tse}›] ‹operation "timeSeriesMaintenance queue process replica 4" timed out after 1m0s›
W231231 04:03:34.963153 128 server/status/runtime.go:459 ⋮ [n1] problem fetching disk stats: Incorrect function.; disk stats will be empty.
I231231 04:03:34.989233 128 server/status/runtime.go:522 ⋮ [n1] runtime stats: 125 MiB RSS, 175 goroutines, 28 MiB/40 MiB/46 MiB GO alloc/idle/total, 623 KiB/1.3 MiB CGO alloc/total, 1898.9 CGO/sec, 19.5/3.4 %(u/s)time, 0.0 %gc (8x), 28 KiB/21 KiB (r/w)net
W231231 04:03:44.986518 128 server/status/runtime.go:459 ⋮ [n1] problem fetching disk stats: Incorrect function.; disk stats will be empty.
I231231 04:03:45.007055 128 server/status/runtime.go:522 ⋮ [n1] runtime stats: 128 MiB RSS, 175 goroutines, 19 MiB/49 MiB/48 MiB GO alloc/idle/total, 623 KiB/1.3 MiB CGO alloc/total, 2035.0 CGO/sec, 15.8/4.1 %(u/s)time, 0.0 %gc (8x), 614 KiB/84 KiB (r/w)net
I231231 04:03:54.800594 80 gossip/gossip.go:568 ⋮ [n1] gossip status (ok, 1 node‹›)
gossip client (0/3 cur/max conns)
gossip server (0/3 cur/max conns, infos 0/0 sent/received, bytes 0B/0B sent/received)
W231231 04:03:54.967521 128 server/status/runtime.go:459 ⋮ [n1] problem fetching disk stats: Incorrect function.; disk stats will be empty.
I231231 04:03:54.984235 128 server/status/runtime.go:522 ⋮ [n1] runtime stats: 129 MiB RSS, 175 goroutines, 24 MiB/44 MiB/48 MiB GO alloc/idle/total, 623 KiB/1.3 MiB CGO alloc/total, 1849.0 CGO/sec, 11.4/4.9 %(u/s)time, 0.0 %gc (6x), 777 KiB/128 KiB (r/w)net
W231231 04:04:04.975003 128 server/status/runtime.go:459 ⋮ [n1] problem fetching disk stats: Incorrect function.; disk stats will be empty.
I231231 04:04:05.004803 128 server/status/runtime.go:522 ⋮ [n1] runtime stats: 128 MiB RSS, 174 goroutines, 23 MiB/45 MiB/47 MiB GO alloc/idle/total, 623 KiB/1.3 MiB CGO alloc/total, 1957.6 CGO/sec, 16.2/4.7 %(u/s)time, 0.1 %gc (9x), 13 KiB/71 KiB (r/w)net
W231231 04:04:14.973359 128 server/status/runtime.go:459 ⋮ [n1] problem fetching disk stats: Incorrect function.; disk stats will be empty.
I231231 04:04:15.003824 128 server/status/runtime.go:522 ⋮ [n1] runtime stats: 130 MiB RSS, 175 goroutines, 18 MiB/50 MiB/47 MiB GO alloc/idle/total, 623 KiB/1.3 MiB CGO alloc/total, 1755.1 CGO/sec, 17.3/2.8 %(u/s)time, 0.0 %gc (9x), 337 KiB/36 KiB (r/w)net
W231231 04:04:24.985061 128 server/status/runtime.go:459 ⋮ [n1] problem fetching disk stats: Incorrect function.; disk stats will be empty.
I231231 04:04:24.993673 128 server/status/runtime.go:522 ⋮ [n1] runtime stats: 130 MiB RSS, 173 goroutines, 23 MiB/46 MiB/47 MiB GO alloc/idle/total, 623 KiB/1.3 MiB CGO alloc/total, 1260.4 CGO/sec, 3.6/1.6 %(u/s)time, 0.0 %gc (2x), 246 KiB/30 KiB (r/w)net
W231231 04:04:34.990335 128 server/status/runtime.go:459 ⋮ [n1] problem fetching disk stats: Incorrect function.; disk stats will be empty.
I231231 04:04:35.015888 128 server/status/runtime.go:522 ⋮ [n1] runtime stats: 130 MiB RSS, 174 goroutines, 31 MiB/39 MiB/47 MiB GO alloc/idle/total, 623 KiB/1.3 MiB CGO alloc/total, 1163.3 CGO/sec, 2.2/1.2 %(u/s)time, 0.0 %gc (0x), 349 KiB/15 KiB (r/w)net
W231231 04:04:45.003802 128 server/status/runtime.go:459 ⋮ [n1] problem fetching disk stats: Incorrect function.; disk stats will be empty.
I231231 04:04:45.021820 128 server/status/runtime.go:522 ⋮ [n1] runtime stats: 131 MiB RSS, 174 goroutines, 27 MiB/42 MiB/48 MiB GO alloc/idle/total, 623 KiB/1.3 MiB CGO alloc/total, 1181.0 CGO/sec, 4.5/1.6 %(u/s)time, 0.0 %gc (1x), 6.9 KiB/10 KiB (r/w)net
I231231 04:04:54.879305 80 gossip/gossip.go:568 ⋮ [n1] gossip status (ok, 1 node‹›)
gossip client (0/3 cur/max conns)
gossip server (0/3 cur/max conns, infos 0/0 sent/received, bytes 0B/0B sent/received)
W231231 04:04:55.002885 128 server/status/runtime.go:459 ⋮ [n1] problem fetching disk stats: Incorrect function.; disk stats will be empty.
I231231 04:04:55.015990 128 server/status/runtime.go:522 ⋮ [n1] runtime stats: 131 MiB RSS, 175 goroutines, 35 MiB/35 MiB/48 MiB GO alloc/idle/total, 623 KiB/1.3 MiB CGO alloc/total, 1190.7 CGO/sec, 1.7/1.1 %(u/s)time, 0.0 %gc (0x), 67 KiB/9.6 KiB (r/w)net
W231231 04:05:05.004046 128 server/status/runtime.go:459 ⋮ [n1] problem fetching disk stats: Incorrect function.; disk stats will be empty.
I231231 04:05:05.056397 128 server/status/runtime.go:522 ⋮ [n1] runtime stats: 134 MiB RSS, 173 goroutines, 28 MiB/42 MiB/50 MiB GO alloc/idle/total, 623 KiB/1.3 MiB CGO alloc/total, 1365.9 CGO/sec, 2.6/0.9 %(u/s)time, 0.0 %gc (1x), 1.2 KiB/13 KiB (r/w)net
I231231 04:05:14.626986 1 cli/start.go:733 ⋮ received signal 'interrupt'
I231231 04:05:14.652619 1 cli/start.go:817 ⋮ initiating graceful shutdown of server
E231231 04:05:14.805993 1 cli/start.go:861 ⋮ received signal 'interrupt' during shutdown, initiating hard shutdown - node may take longer to restart & clients may need to wait for leases to expire
