I231214 15:19:48.525282 1 util/log/sync_buffer.go:195 ⋮ [config] file created at: 2023/12/14 15:19:48
I231214 15:19:48.525316 1 util/log/sync_buffer.go:195 ⋮ [config] running on machine: ‹DESKTOP-Q36URSU›
I231214 15:19:48.525340 1 util/log/sync_buffer.go:195 ⋮ [config] binary: CockroachDB CCL v20.2.3 (x86_64-w64-mingw32, built 2020/12/14 18:43:04, go1.13.14)
I231214 15:19:48.525357 1 util/log/sync_buffer.go:195 ⋮ [config] arguments: ‹[C:\Program Files\cockroach-v20.2.3.windows-6.2-amd64\cockroach.exe start-single-node --insecure --listen-addr 127.0.0.1]›
I231214 15:19:48.525382 1 util/log/sync_buffer.go:195 ⋮ [config] line format: [IWEF]yymmdd hh:mm:ss.uuuuuu goid file:line msg utf8=✓
W231214 15:19:48.524237 1 cli/start.go:1139 ⋮ ALL SECURITY CONTROLS HAVE BEEN DISABLED!

This mode is intended for non-production testing only.

In this mode:
- Your cluster is open to any client that can access ‹127.0.0.1›.
- Intruders with access to your machine or network can observe client-server traffic.
- Intruders can log in without password and read or write any data in the cluster.
- Intruders can consume all your server's resources and cause unavailability.
I231214 15:19:48.530837 1 cli/start.go:1149 ⋮ To start a secure server without mandating TLS for clients,
consider --accept-sql-without-tls instead. For other options, see:

- ‹https://go.crdb.dev/issue-v/53404/v20.2›
- https://www.cockroachlabs.com/docs/v20.2/secure-a-cluster.html
W231214 15:19:48.530990 1 cli/start.go:983 ⋮ ‹Using the default setting for --cache (128 MiB).›
‹  A significantly larger value is usually needed for good performance.›
‹  If you have a dedicated server a reasonable setting is --cache=.25 (2.0 GiB).›
I231214 15:19:48.531067 1 cli/start.go:1164 ⋮ ‹CockroachDB CCL v20.2.3 (x86_64-w64-mingw32, built 2020/12/14 18:43:04, go1.13.14)›
I231214 15:19:48.570798 1 server/config.go:434 ⋮ system total memory: ‹7.9 GiB›
I231214 15:19:48.570857 1 server/config.go:436 ⋮ server configuration:
‹max offset             500000000›
‹cache size             128 MiB›
‹SQL memory pool size   2.0 GiB›
‹scan interval          10m0s›
‹scan min idle time     10ms›
‹scan max idle time     1s›
‹event log enabled      true›
I231214 15:19:48.571051 1 cli/start.go:968 ⋮ process identity: ‹uid S-1-5-21-1398560072-253756905-2351049174-1001, gid S-1-5-21-1398560072-253756905-2351049174-513›
I231214 15:19:49.358819 1 cli/start.go:504 ⋮ GEOS loaded from directory ‹C:\Program Files\cockroach-v20.2.3.windows-6.2-amd64\lib›
I231214 15:19:49.359188 1 cli/start.go:509 ⋮ starting cockroach node
E231214 15:19:49.634595 11 server/status/runtime.go:328 ⋮ [n?] could not get initial disk IO counters: Incorrect function.
I231214 15:19:51.270478 11 server/server.go:782 ⋮ [n?] monitoring forward clock jumps based on server.clock.forward_jump_check_enabled
I231214 15:19:56.246798 11 server/config.go:625 ⋮ [n?] 1 storage engine‹› initialized
I231214 15:19:56.269399 11 server/config.go:628 ⋮ [n?] ‹Pebble cache size: 128 MiB›
I231214 15:19:56.269471 11 server/config.go:628 ⋮ [n?] ‹store 0: RocksDB, max size 0 B, max open file limit 10000›
I231214 15:19:57.122506 57 server/server.go:1416 ⋮ [n?] connecting to gossip network to verify cluster ID ‹"82c4472b-2e0b-4098-a55e-d93881b12bd5"›
I231214 15:19:57.508500 11 gossip/gossip.go:403 ⋮ [n1] NodeDescriptor set to ‹node_id:1 address:<network_field:"tcp" address_field:"127.0.0.1:26257" > attrs:<> locality:<> ServerVersion:<major_val:20 minor_val:2 patch:0 unstable:0 > build_tag:"v20.2.3" started_at:1702567197508100300 cluster_name:"" sql_address:<network_field:"tcp" address_field:"127.0.0.1:26257" >›
I231214 15:19:58.039047 57 server/server.go:1419 ⋮ [n1] node connected via gossip
W231214 15:19:58.063873 168 kv/kvserver/replica_range_lease.go:555 ⋮ [n1,s1,r6/1:‹/Table/{SystemCon…-11}›] can't determine lease status of (n1,s1):1 due to node liveness error: node not in the liveness table
(1) attached stack trace
  -- stack trace:
  | github.com/cockroachdb/cockroach/pkg/kv/kvserver.init
  | 	/go/src/github.com/cockroachdb/cockroach/pkg/kv/kvserver/node_liveness.go:45
  | runtime.doInit
  | 	/usr/local/go/src/runtime/proc.go:5228
  | runtime.doInit
  | 	/usr/local/go/src/runtime/proc.go:5223
  | runtime.doInit
  | 	/usr/local/go/src/runtime/proc.go:5223
  | runtime.doInit
  | 	/usr/local/go/src/runtime/proc.go:5223
  | runtime.doInit
  | 	/usr/local/go/src/runtime/proc.go:5223
  | runtime.main
  | 	/usr/local/go/src/runtime/proc.go:190
  | runtime.goexit
  | 	/usr/local/go/src/runtime/asm_amd64.s:1357
Wraps: (2) node not in the liveness table
Error types: (1) *withstack.withStack (2) *errutil.leafError
W231214 15:19:58.448397 168 kv/kvserver/store.go:1704 ⋮ [n1,s1,r6/1:‹/Table/{SystemCon…-11}›] could not gossip system config: ‹[NotLeaseHolderError] r6: replica (n1,s1):1 not lease holder; lease holder unknown›
(1) ‹[NotLeaseHolderError] r6: replica (n1,s1):1 not lease holder; lease holder unknown›
Error types: (1) *roachpb.NotLeaseHolderError
W231214 15:19:58.499775 168 kv/kvserver/store.go:1704 ⋮ [n1,s1,r6/1:‹/Table/{SystemCon…-11}›] could not gossip system config: ‹[NotLeaseHolderError] r6: replica (n1,s1):1 not lease holder; lease holder unknown›
(1) ‹[NotLeaseHolderError] r6: replica (n1,s1):1 not lease holder; lease holder unknown›
Error types: (1) *roachpb.NotLeaseHolderError
W231214 15:19:58.613649 168 kv/kvserver/store.go:1704 ⋮ [n1,s1,r6/1:‹/Table/{SystemCon…-11}›] could not gossip system config: ‹[NotLeaseHolderError] r6: replica (n1,s1):1 not lease holder; lease holder unknown›
(1) ‹[NotLeaseHolderError] r6: replica (n1,s1):1 not lease holder; lease holder unknown›
Error types: (1) *roachpb.NotLeaseHolderError
I231214 15:19:58.592330 11 server/node.go:430 ⋮ [n1] initialized store [n1,s1]: disk (capacity=416 GiB, available=179 GiB, used=2.9 MiB, logicalBytes=36 MiB), ranges=35, leases=0, queries=0.00, writes=0.00, bytesPerReplica={p10=0.00 p25=0.00 p50=0.00 p75=1395.00 p90=13418.00 pMax=37106384.00}, writesPerReplica={p10=0.00 p25=0.00 p50=0.00 p75=0.00 p90=0.00 pMax=0.00}
I231214 15:19:58.638983 11 kv/kvserver/stores.go:236 ⋮ [n1] read 0 node addresses from persistent storage
I231214 15:19:58.769187 11 server/node.go:489 ⋮ [n1] started with engine type ‹2›
I231214 15:19:58.769246 11 server/node.go:491 ⋮ [n1] started with attributes ‹[]›
W231214 15:19:58.874068 168 kv/kvserver/store.go:1704 ⋮ [n1,s1,r6/1:‹/Table/{SystemCon…-11}›] could not gossip system config: ‹[NotLeaseHolderError] r6: replica (n1,s1):1 not lease holder; lease holder unknown›
(1) ‹[NotLeaseHolderError] r6: replica (n1,s1):1 not lease holder; lease holder unknown›
Error types: (1) *roachpb.NotLeaseHolderError
I231214 15:19:58.873939 11 server/goroutinedumper/goroutinedumper.go:120 ⋮ [n1] writing goroutine dumps to ‹D:\lain\cockroach-data\logs\goroutine_dump›
I231214 15:19:58.874657 11 server/heapprofiler/heapprofiler.go:49 ⋮ [n1] writing go heap profiles to ‹D:\lain\cockroach-data\logs\heap_profiler› at least every 1h0m0s
I231214 15:19:58.909804 11 server/heapprofiler/cgoprofiler.go:53 ⋮ [n1] to enable jmalloc profiling: "export MALLOC_CONF=prof:true" or "ln -s prof:true /etc/malloc.conf"
I231214 15:19:58.934641 11 server/heapprofiler/statsprofiler.go:54 ⋮ [n1] writing memory stats to ‹D:\lain\cockroach-data\logs\heap_profiler› at last every 1h0m0s
I231214 15:19:58.935159 11 server/server.go:1536 ⋮ [n1] starting http server at ‹127.0.0.1:8080› (use: ‹127.0.0.1:8080›)
I231214 15:19:58.935255 11 server/server.go:1543 ⋮ [n1] starting grpc/postgres server at ‹127.0.0.1:26257›
I231214 15:19:58.935311 11 server/server.go:1544 ⋮ [n1] advertising CockroachDB node at ‹127.0.0.1:26257›
I231214 15:19:59.232856 109 gossip/gossip.go:1508 ⋮ [n1] node has connected to cluster via gossip
I231214 15:19:59.270136 109 kv/kvserver/stores.go:255 ⋮ [n1] wrote 0 node addresses to persistent storage
I231214 15:19:59.654885 11 sql/sqlliveness/slinstance/slinstance.go:252 ⋮ [n1] starting SQL liveness instance
I231214 15:19:59.958490 233 sql/temporary_schema.go:497 ⋮ [n1] running temporary object cleanup background job
I231214 15:20:00.031218 11 server/server_sql.go:753 ⋮ [n1] done ensuring all necessary migrations have run
I231214 15:20:00.031312 11 server/server.go:1876 ⋮ [n1] serving sql connections
I231214 15:20:00.311464 11 cli/start.go:670 ⋮ [config] clusterID: ‹82c4472b-2e0b-4098-a55e-d93881b12bd5›
I231214 15:20:00.311569 11 cli/start.go:680 ⋮ node startup completed:
CockroachDB node starting at 2023-12-14 15:20:00.032697 +0000 UTC (took 11.6s)
build:               CCL v20.2.3 @ 2020/12/14 18:43:04 (go1.13.14)
webui:               ‹http://127.0.0.1:8080›
sql:                 ‹postgresql://root@127.0.0.1:26257?sslmode=disable›
RPC client flags:    ‹C:\Program Files\cockroach-v20.2.3.windows-6.2-amd64\cockroach.exe <client cmd> --host=127.0.0.1:26257 --insecure›
logs:                ‹D:\lain\cockroach-data\logs›
temp dir:            ‹D:\lain\cockroach-data\cockroach-temp317714619›
external I/O path:   ‹D:\lain\cockroach-data\extern›
store[0]:            ‹path=D:\lain\cockroach-data›
storage engine:      pebble
status:              restarted pre-existing node
clusterID:           ‹82c4472b-2e0b-4098-a55e-d93881b12bd5›
nodeID:              1
I231214 15:20:00.203273 260 jobs/job_scheduler.go:346 ⋮ [n1] waiting 3m0s before scheduled jobs daemon start
I231214 15:20:00.904774 233 sql/temporary_schema.go:532 ⋮ [n1] found 0 temporary schemas
I231214 15:20:00.904839 233 sql/temporary_schema.go:535 ⋮ [n1] early exiting temporary schema cleaner as no temporary schemas were found
I231214 15:20:00.904865 233 sql/temporary_schema.go:536 ⋮ [n1] completed temporary object cleanup job
I231214 15:20:00.904905 233 sql/temporary_schema.go:614 ⋮ [n1] temporary object cleaner next scheduled to run at 2023-12-14 15:49:59.8017654 +0000 UTC
I231214 15:20:03.299891 221 sql/event_log.go:162 ⋮ [n1] Event: ‹"node_restart"›, target: 1, info: ‹{Descriptor:{NodeID:1 Address:127.0.0.1:26257 Attrs: Locality: ServerVersion:20.2 BuildTag:v20.2.3 StartedAt:1702567197508100300 LocalityAddress:[] ClusterName: SQLAddress:127.0.0.1:26257} ClusterID:82c4472b-2e0b-4098-a55e-d93881b12bd5 StartedAt:1702567197508100300 LastUp:1702482134198584600}›
I231214 15:20:03.319616 261 server/server_update.go:55 ⋮ [n1] no need to upgrade, cluster already at the newest version
I231214 15:20:03.452974 231 sql/sqlliveness/slstorage/slstorage.go:342 ⋮ [n1] inserted sqlliveness session ‹4a91246bea0344ecba5a73908704c6a6›
I231214 15:20:03.453078 231 sql/sqlliveness/slinstance/slinstance.go:143 ⋮ [n1] created new SQL liveness session ‹4a91246bea0344ecba5a73908704c6a6›
I231214 15:20:05.566457 262 server/updates.go:241 ⋮ [n1] a new version is available: ‹23.1.13›, details: ‹https://www.cockroachlabs.com/docs/releases/v23.1#v23-1-13›
W231214 15:20:08.984610 185 server/status/runtime.go:449 ⋮ [n1] unable to get file descriptor usage (will not try again): ‹not implemented on windows›
W231214 15:20:08.985144 185 server/status/runtime.go:459 ⋮ [n1] problem fetching disk stats: Incorrect function.; disk stats will be empty.
I231214 15:20:08.993544 185 server/status/runtime.go:522 ⋮ [n1] runtime stats: 108 MiB RSS, 177 goroutines, 25 MiB/16 MiB/45 MiB GO alloc/idle/total, 622 KiB/1.3 MiB CGO alloc/total, 0.0 CGO/sec, 0.0/0.0 %(u/s)time, 0.0 %gc (24x), 8.3 KiB/5.7 KiB (r/w)net
I231214 15:20:18.796091 58 kv/kvserver/store.go:2638 ⋮ [n1,s1] sstables (read amplification = 1):
‹6 [ 1M 1 ]: 1M›
I231214 15:20:18.817286 58 kv/kvserver/store.go:2639 ⋮ [n1,s1] ‹›
‹__level_____count____size___score______in__ingest(sz_cnt)____move(sz_cnt)___write(sz_cnt)____read___r-amp___w-amp›
‹    WAL         2   557 K       -   554 K       -       -       -       -   557 K       -       -       -     1.0›
‹      0         0     0 B    0.00     0 B     0 B       0     0 B       0     0 B       0     0 B       0     0.0›
‹      1         0     0 B    0.00     0 B     0 B       0     0 B       0     0 B       0     0 B       0     0.0›
‹      2         0     0 B    0.00     0 B     0 B       0     0 B       0     0 B       0     0 B       0     0.0›
‹      3         0     0 B    0.00     0 B     0 B       0     0 B       0     0 B       0     0 B       0     0.0›
‹      4         0     0 B    0.00     0 B     0 B       0     0 B       0     0 B       0     0 B       0     0.0›
‹      5         0     0 B    0.00     0 B     0 B       0     0 B       0     0 B       0     0 B       0     0.0›
‹      6         1   1.1 M       -   362 K     0 B       0     0 B       0   1.1 M       1   1.3 M       1     3.1›
‹  total         1   1.1 M       -   557 K     0 B       0     0 B       0   1.7 M       1   1.3 M       1     3.0›
‹  flush         0›
‹compact         1     0 B          (size == estimated-debt)›
‹ memtbl         2    64 M›
‹zmemtbl         0     0 B›
‹   ztbl         0     0 B›
‹ bcache       275   7.9 M   80.9%  (score == hit-rate)›
‹ tcache         1   616 B   99.5%  (score == hit-rate)›
‹ titers         0›
‹ filter         -       -   83.3%  (score == utility)›
W231214 15:20:18.937155 185 server/status/runtime.go:459 ⋮ [n1] problem fetching disk stats: Incorrect function.; disk stats will be empty.
I231214 15:20:18.944646 185 server/status/runtime.go:522 ⋮ [n1] runtime stats: 106 MiB RSS, 173 goroutines, 18 MiB/23 MiB/43 MiB GO alloc/idle/total, 622 KiB/1.3 MiB CGO alloc/total, 521.3 CGO/sec, 0.9/0.3 %(u/s)time, 0.0 %gc (1x), 6.4 KiB/3.0 KiB (r/w)net
I231214 15:20:19.747809 222 sql/sqlliveness/slstorage/slstorage.go:320 ⋮ [n1] deleted 1 expired SQL liveness sessions
W231214 15:20:28.937792 185 server/status/runtime.go:459 ⋮ [n1] problem fetching disk stats: Incorrect function.; disk stats will be empty.
I231214 15:20:28.947386 185 server/status/runtime.go:522 ⋮ [n1] runtime stats: 107 MiB RSS, 173 goroutines, 25 MiB/17 MiB/43 MiB GO alloc/idle/total, 622 KiB/1.3 MiB CGO alloc/total, 851.0 CGO/sec, 1.4/0.1 %(u/s)time, 0.0 %gc (0x), 0 B/0 B (r/w)net
W231214 15:20:38.940882 185 server/status/runtime.go:459 ⋮ [n1] problem fetching disk stats: Incorrect function.; disk stats will be empty.
I231214 15:20:38.947814 185 server/status/runtime.go:522 ⋮ [n1] runtime stats: 108 MiB RSS, 174 goroutines, 19 MiB/21 MiB/44 MiB GO alloc/idle/total, 623 KiB/1.3 MiB CGO alloc/total, 1148.4 CGO/sec, 1.6/0.9 %(u/s)time, 0.0 %gc (1x), 446 B/312 B (r/w)net
W231214 15:20:48.941147 185 server/status/runtime.go:459 ⋮ [n1] problem fetching disk stats: Incorrect function.; disk stats will be empty.
I231214 15:20:48.947906 185 server/status/runtime.go:522 ⋮ [n1] runtime stats: 108 MiB RSS, 174 goroutines, 26 MiB/15 MiB/44 MiB GO alloc/idle/total, 623 KiB/1.3 MiB CGO alloc/total, 1167.1 CGO/sec, 0.8/0.3 %(u/s)time, 0.0 %gc (0x), 0 B/0 B (r/w)net
I231214 15:20:58.790595 59 gossip/gossip.go:568 ⋮ [n1] gossip status (ok, 1 node‹›)
gossip client (0/3 cur/max conns)
gossip server (0/3 cur/max conns, infos 0/0 sent/received, bytes 0B/0B sent/received)
gossip connectivity
  n1 [sentinel];
W231214 15:20:58.942050 185 server/status/runtime.go:459 ⋮ [n1] problem fetching disk stats: Incorrect function.; disk stats will be empty.
I231214 15:20:58.949725 185 server/status/runtime.go:522 ⋮ [n1] runtime stats: 109 MiB RSS, 176 goroutines, 21 MiB/19 MiB/44 MiB GO alloc/idle/total, 623 KiB/1.3 MiB CGO alloc/total, 1218.7 CGO/sec, 1.2/0.2 %(u/s)time, 0.0 %gc (1x), 66 B/55 B (r/w)net
W231214 15:21:08.942385 185 server/status/runtime.go:459 ⋮ [n1] problem fetching disk stats: Incorrect function.; disk stats will be empty.
I231214 15:21:08.949570 185 server/status/runtime.go:522 ⋮ [n1] runtime stats: 109 MiB RSS, 173 goroutines, 30 MiB/12 MiB/44 MiB GO alloc/idle/total, 623 KiB/1.3 MiB CGO alloc/total, 1187.6 CGO/sec, 0.5/0.2 %(u/s)time, 0.0 %gc (0x), 323 B/129 B (r/w)net
W231214 15:21:18.943270 185 server/status/runtime.go:459 ⋮ [n1] problem fetching disk stats: Incorrect function.; disk stats will be empty.
I231214 15:21:18.952224 185 server/status/runtime.go:522 ⋮ [n1] runtime stats: 112 MiB RSS, 173 goroutines, 22 MiB/18 MiB/46 MiB GO alloc/idle/total, 623 KiB/1.3 MiB CGO alloc/total, 1044.6 CGO/sec, 1.6/0.1 %(u/s)time, 0.0 %gc (1x), 649 B/417 B (r/w)net
W231214 15:21:28.944780 185 server/status/runtime.go:459 ⋮ [n1] problem fetching disk stats: Incorrect function.; disk stats will be empty.
I231214 15:21:28.951625 185 server/status/runtime.go:522 ⋮ [n1] runtime stats: 113 MiB RSS, 173 goroutines, 29 MiB/13 MiB/46 MiB GO alloc/idle/total, 623 KiB/1.3 MiB CGO alloc/total, 1042.1 CGO/sec, 0.5/0.2 %(u/s)time, 0.0 %gc (0x), 0 B/0 B (r/w)net
W231214 15:21:38.944815 185 server/status/runtime.go:459 ⋮ [n1] problem fetching disk stats: Incorrect function.; disk stats will be empty.
I231214 15:21:38.952845 185 server/status/runtime.go:522 ⋮ [n1] runtime stats: 113 MiB RSS, 174 goroutines, 19 MiB/21 MiB/46 MiB GO alloc/idle/total, 623 KiB/1.3 MiB CGO alloc/total, 1058.3 CGO/sec, 0.9/0.3 %(u/s)time, 0.0 %gc (1x), 126 B/74 B (r/w)net
W231214 15:21:48.944946 185 server/status/runtime.go:459 ⋮ [n1] problem fetching disk stats: Incorrect function.; disk stats will be empty.
I231214 15:21:48.952037 185 server/status/runtime.go:522 ⋮ [n1] runtime stats: 113 MiB RSS, 174 goroutines, 26 MiB/15 MiB/46 MiB GO alloc/idle/total, 623 KiB/1.3 MiB CGO alloc/total, 1038.3 CGO/sec, 0.6/0.3 %(u/s)time, 0.0 %gc (0x), 66 B/55 B (r/w)net
I231214 15:21:58.786315 59 gossip/gossip.go:568 ⋮ [n1] gossip status (ok, 1 node‹›)
gossip client (0/3 cur/max conns)
gossip server (0/3 cur/max conns, infos 0/0 sent/received, bytes 0B/0B sent/received)
W231214 15:21:58.945425 185 server/status/runtime.go:459 ⋮ [n1] problem fetching disk stats: Incorrect function.; disk stats will be empty.
I231214 15:21:58.953431 185 server/status/runtime.go:522 ⋮ [n1] runtime stats: 114 MiB RSS, 174 goroutines, 32 MiB/9.4 MiB/46 MiB GO alloc/idle/total, 623 KiB/1.3 MiB CGO alloc/total, 1051.1 CGO/sec, 0.9/0.2 %(u/s)time, 0.0 %gc (0x), 108 B/97 B (r/w)net
W231214 15:22:08.954436 185 server/status/runtime.go:459 ⋮ [n1] problem fetching disk stats: Incorrect function.; disk stats will be empty.
I231214 15:22:08.962096 185 server/status/runtime.go:522 ⋮ [n1] runtime stats: 114 MiB RSS, 173 goroutines, 29 MiB/12 MiB/46 MiB GO alloc/idle/total, 623 KiB/1.3 MiB CGO alloc/total, 1261.1 CGO/sec, 1.6/0.2 %(u/s)time, 0.0 %gc (1x), 6.8 KiB/4.6 KiB (r/w)net
W231214 15:22:18.954870 185 server/status/runtime.go:459 ⋮ [n1] problem fetching disk stats: Incorrect function.; disk stats will be empty.
I231214 15:22:18.964213 185 server/status/runtime.go:522 ⋮ [n1] runtime stats: 114 MiB RSS, 173 goroutines, 36 MiB/6.1 MiB/47 MiB GO alloc/idle/total, 623 KiB/1.3 MiB CGO alloc/total, 1029.1 CGO/sec, 0.9/0.5 %(u/s)time, 0.0 %gc (0x), 20 KiB/28 KiB (r/w)net
W231214 15:22:28.956431 185 server/status/runtime.go:459 ⋮ [n1] problem fetching disk stats: Incorrect function.; disk stats will be empty.
I231214 15:22:28.964302 185 server/status/runtime.go:522 ⋮ [n1] runtime stats: 117 MiB RSS, 173 goroutines, 26 MiB/14 MiB/49 MiB GO alloc/idle/total, 623 KiB/1.3 MiB CGO alloc/total, 1062.6 CGO/sec, 1.1/0.5 %(u/s)time, 0.0 %gc (1x), 10 KiB/12 KiB (r/w)net
W231214 15:22:38.956292 185 server/status/runtime.go:459 ⋮ [n1] problem fetching disk stats: Incorrect function.; disk stats will be empty.
I231214 15:22:38.963820 185 server/status/runtime.go:522 ⋮ [n1] runtime stats: 117 MiB RSS, 174 goroutines, 34 MiB/7.9 MiB/49 MiB GO alloc/idle/total, 623 KiB/1.3 MiB CGO alloc/total, 1079.3 CGO/sec, 0.5/0.0 %(u/s)time, 0.0 %gc (0x), 790 KiB/116 KiB (r/w)net
W231214 15:22:48.968607 185 server/status/runtime.go:459 ⋮ [n1] problem fetching disk stats: Incorrect function.; disk stats will be empty.
I231214 15:22:48.975381 185 server/status/runtime.go:522 ⋮ [n1] runtime stats: 118 MiB RSS, 174 goroutines, 22 MiB/18 MiB/49 MiB GO alloc/idle/total, 623 KiB/1.3 MiB CGO alloc/total, 1019.6 CGO/sec, 1.1/0.2 %(u/s)time, 0.0 %gc (1x), 32 KiB/8.9 KiB (r/w)net
I231214 15:22:58.786609 59 gossip/gossip.go:568 ⋮ [n1] gossip status (ok, 1 node‹›)
gossip client (0/3 cur/max conns)
gossip server (0/3 cur/max conns, infos 0/0 sent/received, bytes 0B/0B sent/received)
W231214 15:22:58.969036 185 server/status/runtime.go:459 ⋮ [n1] problem fetching disk stats: Incorrect function.; disk stats will be empty.
I231214 15:22:58.975769 185 server/status/runtime.go:522 ⋮ [n1] runtime stats: 118 MiB RSS, 174 goroutines, 29 MiB/13 MiB/49 MiB GO alloc/idle/total, 623 KiB/1.3 MiB CGO alloc/total, 1069.7 CGO/sec, 0.3/0.6 %(u/s)time, 0.0 %gc (0x), 66 B/55 B (r/w)net
W231214 15:23:08.971179 185 server/status/runtime.go:459 ⋮ [n1] problem fetching disk stats: Incorrect function.; disk stats will be empty.
I231214 15:23:08.978523 185 server/status/runtime.go:522 ⋮ [n1] runtime stats: 119 MiB RSS, 173 goroutines, 22 MiB/18 MiB/49 MiB GO alloc/idle/total, 623 KiB/1.3 MiB CGO alloc/total, 1237.5 CGO/sec, 0.9/0.3 %(u/s)time, 0.0 %gc (1x), 340 B/184 B (r/w)net
W231214 15:23:18.971646 185 server/status/runtime.go:459 ⋮ [n1] problem fetching disk stats: Incorrect function.; disk stats will be empty.
I231214 15:23:18.978764 185 server/status/runtime.go:522 ⋮ [n1] runtime stats: 119 MiB RSS, 173 goroutines, 29 MiB/12 MiB/49 MiB GO alloc/idle/total, 623 KiB/1.3 MiB CGO alloc/total, 983.3 CGO/sec, 1.1/0.5 %(u/s)time, 0.0 %gc (0x), 1.7 KiB/28 KiB (r/w)net
W231214 15:23:28.973004 185 server/status/runtime.go:459 ⋮ [n1] problem fetching disk stats: Incorrect function.; disk stats will be empty.
I231214 15:23:28.979747 185 server/status/runtime.go:522 ⋮ [n1] runtime stats: 117 MiB RSS, 174 goroutines, 19 MiB/20 MiB/47 MiB GO alloc/idle/total, 623 KiB/1.3 MiB CGO alloc/total, 994.1 CGO/sec, 1.2/0.8 %(u/s)time, 0.0 %gc (1x), 910 B/3.6 KiB (r/w)net
W231214 15:23:38.974715 185 server/status/runtime.go:459 ⋮ [n1] problem fetching disk stats: Incorrect function.; disk stats will be empty.
I231214 15:23:38.983333 185 server/status/runtime.go:522 ⋮ [n1] runtime stats: 118 MiB RSS, 174 goroutines, 27 MiB/14 MiB/47 MiB GO alloc/idle/total, 623 KiB/1.3 MiB CGO alloc/total, 1007.9 CGO/sec, 0.8/0.0 %(u/s)time, 0.0 %gc (0x), 3.8 KiB/46 KiB (r/w)net
W231214 15:23:48.975224 185 server/status/runtime.go:459 ⋮ [n1] problem fetching disk stats: Incorrect function.; disk stats will be empty.
I231214 15:23:48.982186 185 server/status/runtime.go:522 ⋮ [n1] runtime stats: 118 MiB RSS, 174 goroutines, 33 MiB/8.5 MiB/47 MiB GO alloc/idle/total, 623 KiB/1.3 MiB CGO alloc/total, 987.0 CGO/sec, 0.5/0.5 %(u/s)time, 0.0 %gc (0x), 9.7 KiB/11 KiB (r/w)net
I231214 15:23:58.785790 59 gossip/gossip.go:568 ⋮ [n1] gossip status (ok, 1 node‹›)
gossip client (0/3 cur/max conns)
gossip server (0/3 cur/max conns, infos 0/0 sent/received, bytes 0B/0B sent/received)
W231214 15:23:58.975852 185 server/status/runtime.go:459 ⋮ [n1] problem fetching disk stats: Incorrect function.; disk stats will be empty.
I231214 15:23:58.983232 185 server/status/runtime.go:522 ⋮ [n1] runtime stats: 118 MiB RSS, 174 goroutines, 24 MiB/16 MiB/47 MiB GO alloc/idle/total, 623 KiB/1.3 MiB CGO alloc/total, 1004.3 CGO/sec, 0.9/0.5 %(u/s)time, 0.0 %gc (1x), 58 KiB/30 KiB (r/w)net
W231214 15:24:08.976389 185 server/status/runtime.go:459 ⋮ [n1] problem fetching disk stats: Incorrect function.; disk stats will be empty.
I231214 15:24:08.984125 185 server/status/runtime.go:522 ⋮ [n1] runtime stats: 119 MiB RSS, 173 goroutines, 33 MiB/8.3 MiB/47 MiB GO alloc/idle/total, 623 KiB/1.3 MiB CGO alloc/total, 1221.9 CGO/sec, 0.9/0.3 %(u/s)time, 0.0 %gc (0x), 3.6 KiB/8.7 KiB (r/w)net
W231214 15:24:18.977337 185 server/status/runtime.go:459 ⋮ [n1] problem fetching disk stats: Incorrect function.; disk stats will be empty.
I231214 15:24:18.984243 185 server/status/runtime.go:522 ⋮ [n1] runtime stats: 119 MiB RSS, 173 goroutines, 23 MiB/17 MiB/47 MiB GO alloc/idle/total, 623 KiB/1.3 MiB CGO alloc/total, 968.5 CGO/sec, 0.3/0.1 %(u/s)time, 0.0 %gc (1x), 24 KiB/12 KiB (r/w)net
W231214 15:24:28.977781 185 server/status/runtime.go:459 ⋮ [n1] problem fetching disk stats: Incorrect function.; disk stats will be empty.
I231214 15:24:28.986330 185 server/status/runtime.go:522 ⋮ [n1] runtime stats: 119 MiB RSS, 173 goroutines, 30 MiB/12 MiB/47 MiB GO alloc/idle/total, 623 KiB/1.3 MiB CGO alloc/total, 993.5 CGO/sec, 0.5/0.2 %(u/s)time, 0.0 %gc (0x), 9.2 KiB/13 KiB (r/w)net
W231214 15:24:38.978372 185 server/status/runtime.go:459 ⋮ [n1] problem fetching disk stats: Incorrect function.; disk stats will be empty.
I231214 15:24:38.985059 185 server/status/runtime.go:522 ⋮ [n1] runtime stats: 120 MiB RSS, 176 goroutines, 22 MiB/18 MiB/47 MiB GO alloc/idle/total, 623 KiB/1.3 MiB CGO alloc/total, 1013.2 CGO/sec, 0.9/0.2 %(u/s)time, 0.0 %gc (1x), 3.5 KiB/5.3 KiB (r/w)net
W231214 15:24:49.012594 185 server/status/runtime.go:459 ⋮ [n1] problem fetching disk stats: Incorrect function.; disk stats will be empty.
I231214 15:24:49.040532 185 server/status/runtime.go:522 ⋮ [n1] runtime stats: 120 MiB RSS, 174 goroutines, 28 MiB/13 MiB/47 MiB GO alloc/idle/total, 623 KiB/1.3 MiB CGO alloc/total, 981.3 CGO/sec, 0.5/0.6 %(u/s)time, 0.0 %gc (0x), 4.4 KiB/16 KiB (r/w)net
I231214 15:24:58.791606 59 gossip/gossip.go:568 ⋮ [n1] gossip status (ok, 1 node‹›)
gossip client (0/3 cur/max conns)
gossip server (0/3 cur/max conns, infos 0/0 sent/received, bytes 0B/0B sent/received)
W231214 15:24:59.006819 185 server/status/runtime.go:459 ⋮ [n1] problem fetching disk stats: Incorrect function.; disk stats will be empty.
I231214 15:24:59.013685 185 server/status/runtime.go:522 ⋮ [n1] runtime stats: 120 MiB RSS, 174 goroutines, 35 MiB/6.5 MiB/47 MiB GO alloc/idle/total, 623 KiB/1.3 MiB CGO alloc/total, 1018.1 CGO/sec, 0.9/0.5 %(u/s)time, 0.0 %gc (0x), 11 KiB/9.6 KiB (r/w)net
W231214 15:25:02.454587 135 kv/kvserver/store_raft.go:493 ⋮ [n1,s1,r1/1:‹/{Min-System/NodeL…}›] handle raft ready: 0.7s [applied=1, batches=1, state_assertions=0]
W231214 15:25:09.007814 185 server/status/runtime.go:459 ⋮ [n1] problem fetching disk stats: Incorrect function.; disk stats will be empty.
I231214 15:25:09.020586 185 server/status/runtime.go:522 ⋮ [n1] runtime stats: 121 MiB RSS, 173 goroutines, 27 MiB/14 MiB/47 MiB GO alloc/idle/total, 623 KiB/1.3 MiB CGO alloc/total, 1205.7 CGO/sec, 1.6/0.0 %(u/s)time, 0.0 %gc (1x), 391 B/184 B (r/w)net
W231214 15:25:19.008536 185 server/status/runtime.go:459 ⋮ [n1] problem fetching disk stats: Incorrect function.; disk stats will be empty.
I231214 15:25:19.015748 185 server/status/runtime.go:522 ⋮ [n1] runtime stats: 121 MiB RSS, 173 goroutines, 34 MiB/7.6 MiB/47 MiB GO alloc/idle/total, 623 KiB/1.3 MiB CGO alloc/total, 984.7 CGO/sec, 0.3/0.5 %(u/s)time, 0.0 %gc (0x), 6.7 KiB/4.1 KiB (r/w)net
W231214 15:25:29.008822 185 server/status/runtime.go:459 ⋮ [n1] problem fetching disk stats: Incorrect function.; disk stats will be empty.
I231214 15:25:29.020792 185 server/status/runtime.go:522 ⋮ [n1] runtime stats: 122 MiB RSS, 173 goroutines, 24 MiB/16 MiB/47 MiB GO alloc/idle/total, 623 KiB/1.3 MiB CGO alloc/total, 989.7 CGO/sec, 0.9/0.6 %(u/s)time, 0.0 %gc (1x), 1.3 KiB/699 B (r/w)net
W231214 15:25:39.009464 185 server/status/runtime.go:459 ⋮ [n1] problem fetching disk stats: Incorrect function.; disk stats will be empty.
I231214 15:25:39.017584 185 server/status/runtime.go:522 ⋮ [n1] runtime stats: 122 MiB RSS, 174 goroutines, 31 MiB/10 MiB/47 MiB GO alloc/idle/total, 623 KiB/1.3 MiB CGO alloc/total, 1018.8 CGO/sec, 1.1/0.2 %(u/s)time, 0.0 %gc (0x), 604 B/424 B (r/w)net
W231214 15:25:49.020144 185 server/status/runtime.go:459 ⋮ [n1] problem fetching disk stats: Incorrect function.; disk stats will be empty.
I231214 15:25:49.026915 185 server/status/runtime.go:522 ⋮ [n1] runtime stats: 122 MiB RSS, 175 goroutines, 21 MiB/18 MiB/47 MiB GO alloc/idle/total, 623 KiB/1.3 MiB CGO alloc/total, 983.9 CGO/sec, 0.8/0.2 %(u/s)time, 0.0 %gc (1x), 1.2 KiB/1.3 KiB (r/w)net
I231214 15:25:58.808967 59 gossip/gossip.go:568 ⋮ [n1] gossip status (ok, 1 node‹›)
gossip client (0/3 cur/max conns)
gossip server (0/3 cur/max conns, infos 0/0 sent/received, bytes 0B/0B sent/received)
W231214 15:25:59.031284 185 server/status/runtime.go:459 ⋮ [n1] problem fetching disk stats: Incorrect function.; disk stats will be empty.
I231214 15:25:59.042539 185 server/status/runtime.go:522 ⋮ [n1] runtime stats: 122 MiB RSS, 174 goroutines, 28 MiB/13 MiB/47 MiB GO alloc/idle/total, 623 KiB/1.3 MiB CGO alloc/total, 1020.6 CGO/sec, 0.3/0.1 %(u/s)time, 0.0 %gc (0x), 32 KiB/19 KiB (r/w)net
W231214 15:26:09.031313 185 server/status/runtime.go:459 ⋮ [n1] problem fetching disk stats: Incorrect function.; disk stats will be empty.
I231214 15:26:09.038122 185 server/status/runtime.go:522 ⋮ [n1] runtime stats: 123 MiB RSS, 173 goroutines, 20 MiB/19 MiB/47 MiB GO alloc/idle/total, 623 KiB/1.3 MiB CGO alloc/total, 1233.2 CGO/sec, 1.9/0.6 %(u/s)time, 0.0 %gc (1x), 15 KiB/24 KiB (r/w)net
W231214 15:26:17.268378 137 kv/kvserver/store_raft.go:493 ⋮ [n1,s1,r35/1:‹/{Table/39-Max}›] handle raft ready: 0.6s [applied=1, batches=1, state_assertions=0]
W231214 15:26:19.034838 185 server/status/runtime.go:459 ⋮ [n1] problem fetching disk stats: Incorrect function.; disk stats will be empty.
I231214 15:26:19.043541 185 server/status/runtime.go:522 ⋮ [n1] runtime stats: 123 MiB RSS, 173 goroutines, 27 MiB/14 MiB/47 MiB GO alloc/idle/total, 623 KiB/1.3 MiB CGO alloc/total, 997.7 CGO/sec, 0.6/0.1 %(u/s)time, 0.0 %gc (0x), 2.5 KiB/2.9 KiB (r/w)net
W231214 15:26:22.860727 187 kv/kvserver/node_liveness.go:748 ⋮ [n1,liveness-hb] slow heartbeat took 1.4237877s; err=<nil>
W231214 15:26:29.036473 185 server/status/runtime.go:459 ⋮ [n1] problem fetching disk stats: Incorrect function.; disk stats will be empty.
I231214 15:26:29.077477 185 server/status/runtime.go:522 ⋮ [n1] runtime stats: 124 MiB RSS, 173 goroutines, 34 MiB/8.1 MiB/47 MiB GO alloc/idle/total, 623 KiB/1.3 MiB CGO alloc/total, 981.2 CGO/sec, 0.8/0.5 %(u/s)time, 0.0 %gc (0x), 703 B/531 B (r/w)net
W231214 15:26:39.036602 185 server/status/runtime.go:459 ⋮ [n1] problem fetching disk stats: Incorrect function.; disk stats will be empty.
I231214 15:26:39.047826 185 server/status/runtime.go:522 ⋮ [n1] runtime stats: 124 MiB RSS, 174 goroutines, 24 MiB/16 MiB/47 MiB GO alloc/idle/total, 623 KiB/1.3 MiB CGO alloc/total, 1020.7 CGO/sec, 0.3/0.3 %(u/s)time, 0.0 %gc (1x), 13 KiB/16 KiB (r/w)net
W231214 15:26:49.040797 185 server/status/runtime.go:459 ⋮ [n1] problem fetching disk stats: Incorrect function.; disk stats will be empty.
I231214 15:26:49.048840 185 server/status/runtime.go:522 ⋮ [n1] runtime stats: 124 MiB RSS, 174 goroutines, 31 MiB/10 MiB/47 MiB GO alloc/idle/total, 623 KiB/1.3 MiB CGO alloc/total, 1000.1 CGO/sec, 1.2/0.0 %(u/s)time, 0.0 %gc (0x), 480 KiB/42 KiB (r/w)net
I231214 15:26:58.788460 59 gossip/gossip.go:568 ⋮ [n1] gossip status (ok, 1 node‹›)
gossip client (0/3 cur/max conns)
gossip server (0/3 cur/max conns, infos 0/0 sent/received, bytes 0B/0B sent/received)
W231214 15:26:59.044908 185 server/status/runtime.go:459 ⋮ [n1] problem fetching disk stats: Incorrect function.; disk stats will be empty.
I231214 15:26:59.075930 185 server/status/runtime.go:522 ⋮ [n1] runtime stats: 124 MiB RSS, 174 goroutines, 21 MiB/18 MiB/47 MiB GO alloc/idle/total, 623 KiB/1.3 MiB CGO alloc/total, 1009.3 CGO/sec, 0.8/0.6 %(u/s)time, 0.0 %gc (1x), 596 B/10 KiB (r/w)net
W231214 15:27:09.044961 185 server/status/runtime.go:459 ⋮ [n1] problem fetching disk stats: Incorrect function.; disk stats will be empty.
I231214 15:27:09.054063 185 server/status/runtime.go:522 ⋮ [n1] runtime stats: 125 MiB RSS, 173 goroutines, 31 MiB/11 MiB/47 MiB GO alloc/idle/total, 623 KiB/1.3 MiB CGO alloc/total, 1216.2 CGO/sec, 0.8/0.0 %(u/s)time, 0.0 %gc (0x), 1.8 KiB/25 KiB (r/w)net
W231214 15:27:19.044974 185 server/status/runtime.go:459 ⋮ [n1] problem fetching disk stats: Incorrect function.; disk stats will be empty.
I231214 15:27:19.054722 185 server/status/runtime.go:522 ⋮ [n1] runtime stats: 125 MiB RSS, 173 goroutines, 20 MiB/19 MiB/47 MiB GO alloc/idle/total, 623 KiB/1.3 MiB CGO alloc/total, 966.8 CGO/sec, 1.6/0.3 %(u/s)time, 0.0 %gc (1x), 3.4 KiB/96 KiB (r/w)net
W231214 15:27:29.045348 185 server/status/runtime.go:459 ⋮ [n1] problem fetching disk stats: Incorrect function.; disk stats will be empty.
I231214 15:27:29.052442 185 server/status/runtime.go:522 ⋮ [n1] runtime stats: 125 MiB RSS, 173 goroutines, 27 MiB/14 MiB/47 MiB GO alloc/idle/total, 623 KiB/1.3 MiB CGO alloc/total, 994.1 CGO/sec, 0.2/0.6 %(u/s)time, 0.0 %gc (0x), 496 B/10 KiB (r/w)net
W231214 15:27:39.052709 185 server/status/runtime.go:459 ⋮ [n1] problem fetching disk stats: Incorrect function.; disk stats will be empty.
I231214 15:27:39.064635 185 server/status/runtime.go:522 ⋮ [n1] runtime stats: 126 MiB RSS, 174 goroutines, 34 MiB/7.9 MiB/47 MiB GO alloc/idle/total, 623 KiB/1.3 MiB CGO alloc/total, 1017.8 CGO/sec, 0.5/0.5 %(u/s)time, 0.0 %gc (0x), 437 B/364 B (r/w)net
W231214 15:27:49.051643 185 server/status/runtime.go:459 ⋮ [n1] problem fetching disk stats: Incorrect function.; disk stats will be empty.
I231214 15:27:49.060433 185 server/status/runtime.go:522 ⋮ [n1] runtime stats: 126 MiB RSS, 174 goroutines, 24 MiB/16 MiB/47 MiB GO alloc/idle/total, 623 KiB/1.3 MiB CGO alloc/total, 988.6 CGO/sec, 0.8/0.2 %(u/s)time, 0.0 %gc (1x), 60 KiB/9.2 KiB (r/w)net
I231214 15:27:58.785708 59 gossip/gossip.go:568 ⋮ [n1] gossip status (ok, 1 node‹›)
gossip client (0/3 cur/max conns)
gossip server (0/3 cur/max conns, infos 0/0 sent/received, bytes 0B/0B sent/received)
W231214 15:27:59.062047 185 server/status/runtime.go:459 ⋮ [n1] problem fetching disk stats: Incorrect function.; disk stats will be empty.
I231214 15:27:59.069112 185 server/status/runtime.go:522 ⋮ [n1] runtime stats: 126 MiB RSS, 174 goroutines, 31 MiB/11 MiB/47 MiB GO alloc/idle/total, 623 KiB/1.3 MiB CGO alloc/total, 1004.3 CGO/sec, 0.8/0.0 %(u/s)time, 0.0 %gc (0x), 372 KiB/26 KiB (r/w)net
W231214 15:28:09.062300 185 server/status/runtime.go:459 ⋮ [n1] problem fetching disk stats: Incorrect function.; disk stats will be empty.
I231214 15:28:09.070905 185 server/status/runtime.go:522 ⋮ [n1] runtime stats: 126 MiB RSS, 173 goroutines, 24 MiB/17 MiB/47 MiB GO alloc/idle/total, 623 KiB/1.3 MiB CGO alloc/total, 1219.0 CGO/sec, 1.6/0.6 %(u/s)time, 0.0 %gc (1x), 785 B/5.7 KiB (r/w)net
W231214 15:28:19.063155 185 server/status/runtime.go:459 ⋮ [n1] problem fetching disk stats: Incorrect function.; disk stats will be empty.
I231214 15:28:19.070599 185 server/status/runtime.go:522 ⋮ [n1] runtime stats: 127 MiB RSS, 173 goroutines, 31 MiB/11 MiB/47 MiB GO alloc/idle/total, 623 KiB/1.3 MiB CGO alloc/total, 1000.0 CGO/sec, 0.8/0.9 %(u/s)time, 0.0 %gc (0x), 2.1 KiB/30 KiB (r/w)net
W231214 15:28:29.063886 185 server/status/runtime.go:459 ⋮ [n1] problem fetching disk stats: Incorrect function.; disk stats will be empty.
I231214 15:28:29.070755 185 server/status/runtime.go:522 ⋮ [n1] runtime stats: 127 MiB RSS, 173 goroutines, 20 MiB/20 MiB/47 MiB GO alloc/idle/total, 623 KiB/1.3 MiB CGO alloc/total, 989.7 CGO/sec, 1.7/0.9 %(u/s)time, 0.0 %gc (1x), 36 KiB/24 KiB (r/w)net
W231214 15:28:39.064885 185 server/status/runtime.go:459 ⋮ [n1] problem fetching disk stats: Incorrect function.; disk stats will be empty.
I231214 15:28:39.071779 185 server/status/runtime.go:522 ⋮ [n1] runtime stats: 127 MiB RSS, 174 goroutines, 27 MiB/14 MiB/47 MiB GO alloc/idle/total, 623 KiB/1.3 MiB CGO alloc/total, 1016.4 CGO/sec, 0.3/0.2 %(u/s)time, 0.0 %gc (0x), 20 KiB/6.5 KiB (r/w)net
W231214 15:28:49.065724 185 server/status/runtime.go:459 ⋮ [n1] problem fetching disk stats: Incorrect function.; disk stats will be empty.
I231214 15:28:49.072527 185 server/status/runtime.go:522 ⋮ [n1] runtime stats: 128 MiB RSS, 174 goroutines, 34 MiB/8.4 MiB/47 MiB GO alloc/idle/total, 623 KiB/1.3 MiB CGO alloc/total, 990.6 CGO/sec, 0.3/0.5 %(u/s)time, 0.0 %gc (0x), 306 B/151 B (r/w)net
I231214 15:28:58.785298 59 gossip/gossip.go:568 ⋮ [n1] gossip status (ok, 1 node‹›)
gossip client (0/3 cur/max conns)
gossip server (0/3 cur/max conns, infos 0/0 sent/received, bytes 0B/0B sent/received)
W231214 15:28:59.065883 185 server/status/runtime.go:459 ⋮ [n1] problem fetching disk stats: Incorrect function.; disk stats will be empty.
I231214 15:28:59.072610 185 server/status/runtime.go:522 ⋮ [n1] runtime stats: 128 MiB RSS, 174 goroutines, 24 MiB/16 MiB/47 MiB GO alloc/idle/total, 623 KiB/1.3 MiB CGO alloc/total, 1013.3 CGO/sec, 0.9/0.6 %(u/s)time, 0.0 %gc (1x), 140 B/55 B (r/w)net
W231214 15:29:09.066153 185 server/status/runtime.go:459 ⋮ [n1] problem fetching disk stats: Incorrect function.; disk stats will be empty.
I231214 15:29:09.072943 185 server/status/runtime.go:522 ⋮ [n1] runtime stats: 128 MiB RSS, 173 goroutines, 33 MiB/8.8 MiB/47 MiB GO alloc/idle/total, 623 KiB/1.3 MiB CGO alloc/total, 1216.0 CGO/sec, 0.8/0.5 %(u/s)time, 0.0 %gc (0x), 1.1 KiB/561 B (r/w)net
W231214 15:29:19.066580 185 server/status/runtime.go:459 ⋮ [n1] problem fetching disk stats: Incorrect function.; disk stats will be empty.
I231214 15:29:19.073266 185 server/status/runtime.go:522 ⋮ [n1] runtime stats: 129 MiB RSS, 173 goroutines, 23 MiB/17 MiB/48 MiB GO alloc/idle/total, 623 KiB/1.3 MiB CGO alloc/total, 980.3 CGO/sec, 0.8/0.5 %(u/s)time, 0.0 %gc (1x), 601 B/354 B (r/w)net
W231214 15:29:29.066972 185 server/status/runtime.go:459 ⋮ [n1] problem fetching disk stats: Incorrect function.; disk stats will be empty.
I231214 15:29:29.073915 185 server/status/runtime.go:522 ⋮ [n1] runtime stats: 129 MiB RSS, 173 goroutines, 30 MiB/12 MiB/48 MiB GO alloc/idle/total, 623 KiB/1.3 MiB CGO alloc/total, 985.9 CGO/sec, 0.5/0.6 %(u/s)time, 0.0 %gc (0x), 248 B/227 B (r/w)net
W231214 15:29:39.067065 185 server/status/runtime.go:459 ⋮ [n1] problem fetching disk stats: Incorrect function.; disk stats will be empty.
I231214 15:29:39.073886 185 server/status/runtime.go:522 ⋮ [n1] runtime stats: 129 MiB RSS, 174 goroutines, 37 MiB/5.1 MiB/48 MiB GO alloc/idle/total, 623 KiB/1.3 MiB CGO alloc/total, 1025.5 CGO/sec, 1.1/0.9 %(u/s)time, 0.0 %gc (0x), 176 B/74 B (r/w)net
W231214 15:29:49.067105 185 server/status/runtime.go:459 ⋮ [n1] problem fetching disk stats: Incorrect function.; disk stats will be empty.
I231214 15:29:49.074028 185 server/status/runtime.go:522 ⋮ [n1] runtime stats: 131 MiB RSS, 174 goroutines, 28 MiB/12 MiB/49 MiB GO alloc/idle/total, 623 KiB/1.3 MiB CGO alloc/total, 1019.9 CGO/sec, 0.8/0.8 %(u/s)time, 0.0 %gc (1x), 595 B/333 B (r/w)net
I231214 15:29:58.785434 59 gossip/gossip.go:568 ⋮ [n1] gossip status (ok, 1 node‹›)
gossip client (0/3 cur/max conns)
gossip server (0/3 cur/max conns, infos 0/0 sent/received, bytes 0B/0B sent/received)
W231214 15:29:59.067452 185 server/status/runtime.go:459 ⋮ [n1] problem fetching disk stats: Incorrect function.; disk stats will be empty.
I231214 15:29:59.074029 185 server/status/runtime.go:522 ⋮ [n1] runtime stats: 132 MiB RSS, 174 goroutines, 35 MiB/6.7 MiB/49 MiB GO alloc/idle/total, 623 KiB/1.3 MiB CGO alloc/total, 1028.7 CGO/sec, 0.2/0.5 %(u/s)time, 0.0 %gc (0x), 152 B/141 B (r/w)net
W231214 15:30:09.073885 185 server/status/runtime.go:459 ⋮ [n1] problem fetching disk stats: Incorrect function.; disk stats will be empty.
I231214 15:30:09.080523 185 server/status/runtime.go:522 ⋮ [n1] runtime stats: 131 MiB RSS, 173 goroutines, 26 MiB/15 MiB/48 MiB GO alloc/idle/total, 623 KiB/1.3 MiB CGO alloc/total, 1218.9 CGO/sec, 0.9/0.3 %(u/s)time, 0.0 %gc (1x), 365 B/2.8 KiB (r/w)net
I231214 15:30:18.789398 58 kv/kvserver/store.go:2638 ⋮ [n1,s1] sstables (read amplification = 1):
‹6 [ 1M 1 ]: 1M›
I231214 15:30:18.789573 58 kv/kvserver/store.go:2639 ⋮ [n1,s1] ‹›
‹__level_____count____size___score______in__ingest(sz_cnt)____move(sz_cnt)___write(sz_cnt)____read___r-amp___w-amp›
‹    WAL         2    16 M       -    16 M       -       -       -       -    16 M       -       -       -     1.0›
‹      0         0     0 B    0.00     0 B     0 B       0     0 B       0     0 B       0     0 B       0     0.0›
‹      1         0     0 B    0.00     0 B     0 B       0     0 B       0     0 B       0     0 B       0     0.0›
‹      2         0     0 B    0.00     0 B     0 B       0     0 B       0     0 B       0     0 B       0     0.0›
‹      3         0     0 B    0.00     0 B     0 B       0     0 B       0     0 B       0     0 B       0     0.0›
‹      4         0     0 B    0.00     0 B     0 B       0     0 B       0     0 B       0     0 B       0     0.0›
‹      5         0     0 B    0.00     0 B     0 B       0     0 B       0     0 B       0     0 B       0     0.0›
‹      6         1   1.1 M       -   362 K     0 B       0     0 B       0   1.1 M       1   1.3 M       1     3.1›
‹  total         1   1.1 M       -    16 M     0 B       0     0 B       0    17 M       1   1.3 M       1     1.1›
‹  flush         0›
‹compact         1     0 B          (size == estimated-debt)›
‹ memtbl         2    64 M›
‹zmemtbl         0     0 B›
‹   ztbl         0     0 B›
‹ bcache       276   8.0 M   97.3%  (score == hit-rate)›
‹ tcache         1   616 B  100.0%  (score == hit-rate)›
‹ titers         0›
‹ filter         -       -   83.3%  (score == utility)›
W231214 15:30:19.073697 185 server/status/runtime.go:459 ⋮ [n1] problem fetching disk stats: Incorrect function.; disk stats will be empty.
I231214 15:30:19.080357 185 server/status/runtime.go:522 ⋮ [n1] runtime stats: 131 MiB RSS, 173 goroutines, 33 MiB/8.9 MiB/48 MiB GO alloc/idle/total, 623 KiB/1.3 MiB CGO alloc/total, 936.2 CGO/sec, 0.5/0.6 %(u/s)time, 0.0 %gc (0x), 366 B/257 B (r/w)net
W231214 15:30:29.073913 185 server/status/runtime.go:459 ⋮ [n1] problem fetching disk stats: Incorrect function.; disk stats will be empty.
I231214 15:30:29.080882 185 server/status/runtime.go:522 ⋮ [n1] runtime stats: 132 MiB RSS, 173 goroutines, 23 MiB/17 MiB/48 MiB GO alloc/idle/total, 623 KiB/1.3 MiB CGO alloc/total, 941.2 CGO/sec, 1.6/0.8 %(u/s)time, 0.0 %gc (1x), 279 B/209 B (r/w)net
W231214 15:30:39.074369 185 server/status/runtime.go:459 ⋮ [n1] problem fetching disk stats: Incorrect function.; disk stats will be empty.
I231214 15:30:39.081119 185 server/status/runtime.go:522 ⋮ [n1] runtime stats: 132 MiB RSS, 174 goroutines, 30 MiB/12 MiB/48 MiB GO alloc/idle/total, 623 KiB/1.3 MiB CGO alloc/total, 966.1 CGO/sec, 0.5/0.5 %(u/s)time, 0.0 %gc (0x), 431 B/290 B (r/w)net
W231214 15:30:44.311986 153 kv/kvserver/store_raft.go:493 ⋮ [n1,s1,r1/1:‹/{Min-System/NodeL…}›] handle raft ready: 0.6s [applied=1, batches=1, state_assertions=0]
W231214 15:30:49.075027 185 server/status/runtime.go:459 ⋮ [n1] problem fetching disk stats: Incorrect function.; disk stats will be empty.
I231214 15:30:49.081737 185 server/status/runtime.go:522 ⋮ [n1] runtime stats: 132 MiB RSS, 176 goroutines, 20 MiB/20 MiB/48 MiB GO alloc/idle/total, 623 KiB/1.3 MiB CGO alloc/total, 921.8 CGO/sec, 0.5/0.2 %(u/s)time, 0.0 %gc (1x), 0 B/0 B (r/w)net
W231214 15:30:49.488602 160 kv/kvserver/store_raft.go:493 ⋮ [n1,s1,r35/1:‹/{Table/39-Max}›] handle raft ready: 1.5s [applied=1, batches=1, state_assertions=0]
I231214 15:30:58.792054 59 gossip/gossip.go:568 ⋮ [n1] gossip status (ok, 1 node‹›)
gossip client (0/3 cur/max conns)
gossip server (0/3 cur/max conns, infos 0/0 sent/received, bytes 0B/0B sent/received)
W231214 15:30:59.075246 185 server/status/runtime.go:459 ⋮ [n1] problem fetching disk stats: Incorrect function.; disk stats will be empty.
I231214 15:30:59.081847 185 server/status/runtime.go:522 ⋮ [n1] runtime stats: 133 MiB RSS, 174 goroutines, 27 MiB/14 MiB/48 MiB GO alloc/idle/total, 623 KiB/1.3 MiB CGO alloc/total, 977.5 CGO/sec, 0.5/0.5 %(u/s)time, 0.0 %gc (0x), 304 B/271 B (r/w)net
W231214 15:31:09.076228 185 server/status/runtime.go:459 ⋮ [n1] problem fetching disk stats: Incorrect function.; disk stats will be empty.
I231214 15:31:09.084858 185 server/status/runtime.go:522 ⋮ [n1] runtime stats: 133 MiB RSS, 173 goroutines, 20 MiB/19 MiB/48 MiB GO alloc/idle/total, 623 KiB/1.3 MiB CGO alloc/total, 1172.3 CGO/sec, 0.9/0.9 %(u/s)time, 0.0 %gc (1x), 276 B/171 B (r/w)net
W231214 15:31:19.077758 185 server/status/runtime.go:459 ⋮ [n1] problem fetching disk stats: Incorrect function.; disk stats will be empty.
I231214 15:31:19.084641 185 server/status/runtime.go:522 ⋮ [n1] runtime stats: 133 MiB RSS, 173 goroutines, 27 MiB/14 MiB/48 MiB GO alloc/idle/total, 623 KiB/1.3 MiB CGO alloc/total, 935.3 CGO/sec, 0.3/0.5 %(u/s)time, 0.0 %gc (0x), 133 B/83 B (r/w)net
W231214 15:31:29.078227 185 server/status/runtime.go:459 ⋮ [n1] problem fetching disk stats: Incorrect function.; disk stats will be empty.
I231214 15:31:29.084961 185 server/status/runtime.go:522 ⋮ [n1] runtime stats: 134 MiB RSS, 173 goroutines, 34 MiB/8.0 MiB/48 MiB GO alloc/idle/total, 623 KiB/1.3 MiB CGO alloc/total, 941.5 CGO/sec, 0.5/0.3 %(u/s)time, 0.0 %gc (0x), 0 B/0 B (r/w)net
W231214 15:31:39.087113 185 server/status/runtime.go:459 ⋮ [n1] problem fetching disk stats: Incorrect function.; disk stats will be empty.
I231214 15:31:39.093743 185 server/status/runtime.go:522 ⋮ [n1] runtime stats: 134 MiB RSS, 174 goroutines, 24 MiB/16 MiB/48 MiB GO alloc/idle/total, 623 KiB/1.3 MiB CGO alloc/total, 969.2 CGO/sec, 1.4/0.2 %(u/s)time, 0.0 %gc (1x), 207 B/149 B (r/w)net
W231214 15:31:49.087392 185 server/status/runtime.go:459 ⋮ [n1] problem fetching disk stats: Incorrect function.; disk stats will be empty.
I231214 15:31:49.094188 185 server/status/runtime.go:522 ⋮ [n1] runtime stats: 134 MiB RSS, 174 goroutines, 32 MiB/10 MiB/48 MiB GO alloc/idle/total, 623 KiB/1.3 MiB CGO alloc/total, 953.5 CGO/sec, 0.6/0.5 %(u/s)time, 0.0 %gc (0x), 484 B/4.8 KiB (r/w)net
I231214 15:31:58.786600 59 gossip/gossip.go:568 ⋮ [n1] gossip status (ok, 1 node‹›)
gossip client (0/3 cur/max conns)
gossip server (0/3 cur/max conns, infos 0/0 sent/received, bytes 0B/0B sent/received)
W231214 15:31:59.087574 185 server/status/runtime.go:459 ⋮ [n1] problem fetching disk stats: Incorrect function.; disk stats will be empty.
I231214 15:31:59.094684 185 server/status/runtime.go:522 ⋮ [n1] runtime stats: 134 MiB RSS, 174 goroutines, 22 MiB/18 MiB/48 MiB GO alloc/idle/total, 623 KiB/1.3 MiB CGO alloc/total, 980.9 CGO/sec, 0.9/1.1 %(u/s)time, 0.0 %gc (1x), 415 B/331 B (r/w)net
W231214 15:32:09.087725 185 server/status/runtime.go:459 ⋮ [n1] problem fetching disk stats: Incorrect function.; disk stats will be empty.
I231214 15:32:09.094782 185 server/status/runtime.go:522 ⋮ [n1] runtime stats: 135 MiB RSS, 173 goroutines, 32 MiB/10 MiB/48 MiB GO alloc/idle/total, 623 KiB/1.3 MiB CGO alloc/total, 1169.0 CGO/sec, 1.1/0.9 %(u/s)time, 0.0 %gc (0x), 505 B/3.0 KiB (r/w)net
W231214 15:32:19.088195 185 server/status/runtime.go:459 ⋮ [n1] problem fetching disk stats: Incorrect function.; disk stats will be empty.
I231214 15:32:19.095224 185 server/status/runtime.go:522 ⋮ [n1] runtime stats: 135 MiB RSS, 173 goroutines, 22 MiB/17 MiB/48 MiB GO alloc/idle/total, 623 KiB/1.3 MiB CGO alloc/total, 947.9 CGO/sec, 0.3/0.6 %(u/s)time, 0.0 %gc (1x), 300 B/202 B (r/w)net
W231214 15:32:29.089745 185 server/status/runtime.go:459 ⋮ [n1] problem fetching disk stats: Incorrect function.; disk stats will be empty.
I231214 15:32:29.096617 185 server/status/runtime.go:522 ⋮ [n1] runtime stats: 135 MiB RSS, 173 goroutines, 29 MiB/12 MiB/48 MiB GO alloc/idle/total, 623 KiB/1.3 MiB CGO alloc/total, 942.5 CGO/sec, 0.8/0.0 %(u/s)time, 0.0 %gc (0x), 66 B/55 B (r/w)net
W231214 15:32:39.090470 185 server/status/runtime.go:459 ⋮ [n1] problem fetching disk stats: Incorrect function.; disk stats will be empty.
I231214 15:32:39.097117 185 server/status/runtime.go:522 ⋮ [n1] runtime stats: 136 MiB RSS, 174 goroutines, 18 MiB/20 MiB/48 MiB GO alloc/idle/total, 623 KiB/1.3 MiB CGO alloc/total, 974.5 CGO/sec, 0.8/0.1 %(u/s)time, 0.0 %gc (1x), 199 B/116 B (r/w)net
W231214 15:32:49.090409 185 server/status/runtime.go:459 ⋮ [n1] problem fetching disk stats: Incorrect function.; disk stats will be empty.
I231214 15:32:49.097456 185 server/status/runtime.go:522 ⋮ [n1] runtime stats: 136 MiB RSS, 174 goroutines, 25 MiB/15 MiB/48 MiB GO alloc/idle/total, 623 KiB/1.3 MiB CGO alloc/total, 942.4 CGO/sec, 0.5/0.8 %(u/s)time, 0.0 %gc (0x), 337 B/194 B (r/w)net
I231214 15:32:58.790101 59 gossip/gossip.go:568 ⋮ [n1] gossip status (ok, 1 node‹›)
gossip client (0/3 cur/max conns)
gossip server (0/3 cur/max conns, infos 0/0 sent/received, bytes 0B/0B sent/received)
W231214 15:32:59.090776 185 server/status/runtime.go:459 ⋮ [n1] problem fetching disk stats: Incorrect function.; disk stats will be empty.
I231214 15:32:59.097678 185 server/status/runtime.go:522 ⋮ [n1] runtime stats: 136 MiB RSS, 174 goroutines, 32 MiB/9.3 MiB/48 MiB GO alloc/idle/total, 623 KiB/1.3 MiB CGO alloc/total, 972.8 CGO/sec, 1.1/1.1 %(u/s)time, 0.0 %gc (0x), 66 B/55 B (r/w)net
W231214 15:33:09.103217 185 server/status/runtime.go:459 ⋮ [n1] problem fetching disk stats: Incorrect function.; disk stats will be empty.
I231214 15:33:09.109982 185 server/status/runtime.go:522 ⋮ [n1] runtime stats: 137 MiB RSS, 173 goroutines, 26 MiB/15 MiB/48 MiB GO alloc/idle/total, 623 KiB/1.3 MiB CGO alloc/total, 1159.8 CGO/sec, 0.5/0.6 %(u/s)time, 0.0 %gc (1x), 249 B/129 B (r/w)net
W231214 15:33:19.104479 185 server/status/runtime.go:459 ⋮ [n1] problem fetching disk stats: Incorrect function.; disk stats will be empty.
I231214 15:33:19.111263 185 server/status/runtime.go:522 ⋮ [n1] runtime stats: 137 MiB RSS, 173 goroutines, 32 MiB/9.4 MiB/48 MiB GO alloc/idle/total, 623 KiB/1.3 MiB CGO alloc/total, 946.9 CGO/sec, 0.2/0.9 %(u/s)time, 0.0 %gc (0x), 175 B/125 B (r/w)net
W231214 15:33:29.105664 185 server/status/runtime.go:459 ⋮ [n1] problem fetching disk stats: Incorrect function.; disk stats will be empty.
I231214 15:33:29.112607 185 server/status/runtime.go:522 ⋮ [n1] runtime stats: 137 MiB RSS, 174 goroutines, 22 MiB/18 MiB/49 MiB GO alloc/idle/total, 623 KiB/1.3 MiB CGO alloc/total, 939.1 CGO/sec, 0.8/0.3 %(u/s)time, 0.0 %gc (1x), 0 B/0 B (r/w)net
W231214 15:33:34.300809 146 kv/kvserver/store_raft.go:493 ⋮ [n1,s1,r35/1:‹/{Table/39-Max}›] handle raft ready: 0.7s [applied=1, batches=1, state_assertions=0]
W231214 15:33:34.974462 187 kv/kvserver/node_liveness.go:748 ⋮ [n1,liveness-hb] slow heartbeat took 1.5380721s; err=<nil>
W231214 15:33:39.107527 185 server/status/runtime.go:459 ⋮ [n1] problem fetching disk stats: Incorrect function.; disk stats will be empty.
I231214 15:33:39.116777 185 server/status/runtime.go:522 ⋮ [n1] runtime stats: 137 MiB RSS, 175 goroutines, 29 MiB/12 MiB/49 MiB GO alloc/idle/total, 623 KiB/1.3 MiB CGO alloc/total, 983.4 CGO/sec, 1.2/0.6 %(u/s)time, 0.0 %gc (0x), 77 KiB/30 KiB (r/w)net
W231214 15:33:43.811492 153 kv/kvserver/store_raft.go:493 ⋮ [n1,s1,r2/1:‹/System/NodeLiveness{-Max}›] handle raft ready: 0.9s [applied=1, batches=1, state_assertions=0]
W231214 15:33:44.732218 132 kv/kvserver/store_raft.go:493 ⋮ [n1,s1,r35/1:‹/{Table/39-Max}›] handle raft ready: 0.5s [applied=2, batches=1, state_assertions=0]
W231214 15:33:44.901434 187 kv/kvserver/node_liveness.go:748 ⋮ [n1,liveness-hb] slow heartbeat took 2.4655168s; err=<nil>
W231214 15:33:47.263934 160 kv/kvserver/store_raft.go:493 ⋮ [n1,s1,r1/1:‹/{Min-System/NodeL…}›] handle raft ready: 1.3s [applied=1, batches=1, state_assertions=0]
W231214 15:33:48.379744 160 kv/kvserver/store_raft.go:493 ⋮ [n1,s1,r1/1:‹/{Min-System/NodeL…}›] handle raft ready: 1.1s [applied=1, batches=1, state_assertions=0]
W231214 15:33:48.706649 187 kv/kvserver/node_liveness.go:748 ⋮ [n1,liveness-hb] slow heartbeat took 1.7705891s; err=<nil>
W231214 15:33:49.108535 185 server/status/runtime.go:459 ⋮ [n1] problem fetching disk stats: Incorrect function.; disk stats will be empty.
I231214 15:33:49.116567 185 server/status/runtime.go:522 ⋮ [n1] runtime stats: 137 MiB RSS, 174 goroutines, 35 MiB/6.7 MiB/49 MiB GO alloc/idle/total, 623 KiB/1.3 MiB CGO alloc/total, 923.2 CGO/sec, 0.9/0.5 %(u/s)time, 0.0 %gc (0x), 7.7 KiB/1.3 KiB (r/w)net
I231214 15:33:58.785483 59 gossip/gossip.go:568 ⋮ [n1] gossip status (ok, 1 node‹›)
gossip client (0/3 cur/max conns)
gossip server (0/3 cur/max conns, infos 0/0 sent/received, bytes 0B/0B sent/received)
W231214 15:33:59.108762 185 server/status/runtime.go:459 ⋮ [n1] problem fetching disk stats: Incorrect function.; disk stats will be empty.
I231214 15:33:59.121471 185 server/status/runtime.go:522 ⋮ [n1] runtime stats: 138 MiB RSS, 174 goroutines, 24 MiB/16 MiB/49 MiB GO alloc/idle/total, 623 KiB/1.3 MiB CGO alloc/total, 973.8 CGO/sec, 1.7/0.9 %(u/s)time, 0.0 %gc (1x), 4.5 KiB/3.4 KiB (r/w)net
W231214 15:34:01.466000 187 kv/kvserver/node_liveness.go:748 ⋮ [n1,liveness-hb] slow heartbeat took 1.0288041s; err=<nil>
W231214 15:34:01.813189 152 kv/kvserver/store_raft.go:493 ⋮ [n1,s1,r4/1:‹/System{/tsd-tse}›] handle raft ready: 0.5s [applied=1, batches=1, state_assertions=0]
W231214 15:34:01.993323 141 kv/kvserver/store_raft.go:493 ⋮ [n1,s1,r35/1:‹/{Table/39-Max}›] handle raft ready: 0.5s [applied=1, batches=1, state_assertions=0]
W231214 15:34:09.110156 185 server/status/runtime.go:459 ⋮ [n1] problem fetching disk stats: Incorrect function.; disk stats will be empty.
I231214 15:34:09.117706 185 server/status/runtime.go:522 ⋮ [n1] runtime stats: 138 MiB RSS, 173 goroutines, 33 MiB/8.8 MiB/49 MiB GO alloc/idle/total, 623 KiB/1.3 MiB CGO alloc/total, 1190.5 CGO/sec, 1.1/1.1 %(u/s)time, 0.0 %gc (0x), 8.7 KiB/5.4 KiB (r/w)net
W231214 15:34:11.433978 187 kv/kvserver/node_liveness.go:748 ⋮ [n1,liveness-hb] slow heartbeat took 1.9972506s; err=<nil>
W231214 15:34:18.179218 162 kv/kvserver/store_raft.go:493 ⋮ [n1,s1,r35/1:‹/{Table/39-Max}›] handle raft ready: 0.5s [applied=1, batches=1, state_assertions=0]
W231214 15:34:19.111991 185 server/status/runtime.go:459 ⋮ [n1] problem fetching disk stats: Incorrect function.; disk stats will be empty.
I231214 15:34:19.119227 185 server/status/runtime.go:522 ⋮ [n1] runtime stats: 126 MiB RSS, 173 goroutines, 22 MiB/18 MiB/49 MiB GO alloc/idle/total, 623 KiB/1.3 MiB CGO alloc/total, 943.8 CGO/sec, 2.8/1.4 %(u/s)time, 0.0 %gc (1x), 300 B/202 B (r/w)net
W231214 15:34:29.113062 185 server/status/runtime.go:459 ⋮ [n1] problem fetching disk stats: Incorrect function.; disk stats will be empty.
I231214 15:34:29.125711 185 server/status/runtime.go:522 ⋮ [n1] runtime stats: 128 MiB RSS, 173 goroutines, 28 MiB/13 MiB/49 MiB GO alloc/idle/total, 623 KiB/1.3 MiB CGO alloc/total, 940.7 CGO/sec, 1.6/1.4 %(u/s)time, 0.0 %gc (0x), 0 B/0 B (r/w)net
W231214 15:34:39.117021 185 server/status/runtime.go:459 ⋮ [n1] problem fetching disk stats: Incorrect function.; disk stats will be empty.
I231214 15:34:39.128063 185 server/status/runtime.go:522 ⋮ [n1] runtime stats: 130 MiB RSS, 174 goroutines, 35 MiB/6.9 MiB/49 MiB GO alloc/idle/total, 623 KiB/1.3 MiB CGO alloc/total, 957.8 CGO/sec, 0.8/0.6 %(u/s)time, 0.0 %gc (0x), 191 B/74 B (r/w)net
W231214 15:34:49.116910 185 server/status/runtime.go:459 ⋮ [n1] problem fetching disk stats: Incorrect function.; disk stats will be empty.
I231214 15:34:49.123975 185 server/status/runtime.go:522 ⋮ [n1] runtime stats: 132 MiB RSS, 174 goroutines, 24 MiB/16 MiB/49 MiB GO alloc/idle/total, 623 KiB/1.3 MiB CGO alloc/total, 939.9 CGO/sec, 1.1/0.6 %(u/s)time, 0.0 %gc (1x), 226 B/161 B (r/w)net
I231214 15:34:58.786662 59 gossip/gossip.go:568 ⋮ [n1] gossip status (ok, 1 node‹›)
gossip client (0/3 cur/max conns)
gossip server (0/3 cur/max conns, infos 0/0 sent/received, bytes 0B/0B sent/received)
W231214 15:34:59.117100 185 server/status/runtime.go:459 ⋮ [n1] problem fetching disk stats: Incorrect function.; disk stats will be empty.
I231214 15:34:59.126275 185 server/status/runtime.go:522 ⋮ [n1] runtime stats: 132 MiB RSS, 174 goroutines, 30 MiB/11 MiB/49 MiB GO alloc/idle/total, 623 KiB/1.3 MiB CGO alloc/total, 976.9 CGO/sec, 0.5/0.5 %(u/s)time, 0.0 %gc (0x), 20 KiB/7.3 KiB (r/w)net
W231214 15:35:09.122161 185 server/status/runtime.go:459 ⋮ [n1] problem fetching disk stats: Incorrect function.; disk stats will be empty.
I231214 15:35:09.134695 185 server/status/runtime.go:522 ⋮ [n1] runtime stats: 132 MiB RSS, 173 goroutines, 23 MiB/18 MiB/49 MiB GO alloc/idle/total, 623 KiB/1.3 MiB CGO alloc/total, 1158.4 CGO/sec, 1.1/1.2 %(u/s)time, 0.0 %gc (1x), 5.7 KiB/2.5 KiB (r/w)net
W231214 15:35:19.122749 185 server/status/runtime.go:459 ⋮ [n1] problem fetching disk stats: Incorrect function.; disk stats will be empty.
I231214 15:35:19.133567 185 server/status/runtime.go:522 ⋮ [n1] runtime stats: 132 MiB RSS, 173 goroutines, 29 MiB/12 MiB/49 MiB GO alloc/idle/total, 623 KiB/1.3 MiB CGO alloc/total, 942.4 CGO/sec, 0.3/0.3 %(u/s)time, 0.0 %gc (0x), 134 B/84 B (r/w)net
W231214 15:35:29.126832 185 server/status/runtime.go:459 ⋮ [n1] problem fetching disk stats: Incorrect function.; disk stats will be empty.
I231214 15:35:29.139974 185 server/status/runtime.go:522 ⋮ [n1] runtime stats: 132 MiB RSS, 173 goroutines, 19 MiB/19 MiB/49 MiB GO alloc/idle/total, 623 KiB/1.3 MiB CGO alloc/total, 939.0 CGO/sec, 1.7/1.2 %(u/s)time, 0.0 %gc (1x), 0 B/0 B (r/w)net
W231214 15:35:31.561409 187 kv/kvserver/node_liveness.go:748 ⋮ [n1,liveness-hb] slow heartbeat took 1.1255272s; err=<nil>
W231214 15:35:39.127723 185 server/status/runtime.go:459 ⋮ [n1] problem fetching disk stats: Incorrect function.; disk stats will be empty.
I231214 15:35:39.134491 185 server/status/runtime.go:522 ⋮ [n1] runtime stats: 132 MiB RSS, 174 goroutines, 26 MiB/14 MiB/49 MiB GO alloc/idle/total, 623 KiB/1.3 MiB CGO alloc/total, 984.5 CGO/sec, 1.3/0.9 %(u/s)time, 0.0 %gc (0x), 290 B/149 B (r/w)net
W231214 15:35:40.927849 187 kv/kvserver/node_liveness.go:748 ⋮ [n1,liveness-hb] slow heartbeat took 1.4916585s; err=<nil>
W231214 15:35:45.118255 187 kv/kvserver/node_liveness.go:748 ⋮ [n1,liveness-hb] slow heartbeat took 1.1820793s; err=<nil>
W231214 15:35:49.128966 185 server/status/runtime.go:459 ⋮ [n1] problem fetching disk stats: Incorrect function.; disk stats will be empty.
I231214 15:35:49.141564 185 server/status/runtime.go:522 ⋮ [n1] runtime stats: 132 MiB RSS, 174 goroutines, 33 MiB/8.4 MiB/49 MiB GO alloc/idle/total, 623 KiB/1.3 MiB CGO alloc/total, 942.1 CGO/sec, 0.8/0.5 %(u/s)time, 0.0 %gc (0x), 1.7 KiB/1.4 KiB (r/w)net
W231214 15:35:49.524788 187 kv/kvserver/node_liveness.go:748 ⋮ [n1,liveness-hb] slow heartbeat took 1.0890438s; err=<nil>
W231214 15:35:50.311747 134 kv/kvserver/store_raft.go:493 ⋮ [n1,s1,r3/1:‹/System/{NodeLive…-tsd}›] handle raft ready: 0.5s [applied=1, batches=1, state_assertions=0]
W231214 15:35:58.442047 187 kv/kvserver/node_liveness.go:748 ⋮ [n1,liveness-hb] slow heartbeat took 1.004298s; err=<nil>
I231214 15:35:58.785262 59 gossip/gossip.go:568 ⋮ [n1] gossip status (ok, 1 node‹›)
gossip client (0/3 cur/max conns)
gossip server (0/3 cur/max conns, infos 0/0 sent/received, bytes 0B/0B sent/received)
W231214 15:35:59.129595 185 server/status/runtime.go:459 ⋮ [n1] problem fetching disk stats: Incorrect function.; disk stats will be empty.
I231214 15:35:59.136490 185 server/status/runtime.go:522 ⋮ [n1] runtime stats: 133 MiB RSS, 175 goroutines, 24 MiB/16 MiB/49 MiB GO alloc/idle/total, 623 KiB/1.3 MiB CGO alloc/total, 972.8 CGO/sec, 1.9/0.8 %(u/s)time, 0.0 %gc (1x), 6.5 KiB/3.2 KiB (r/w)net
W231214 15:36:07.230615 147 kv/kvserver/store_raft.go:493 ⋮ [n1,s1,r2/1:‹/System/NodeLiveness{-Max}›] handle raft ready: 0.5s [applied=1, batches=1, state_assertions=0]
W231214 15:36:07.585128 187 kv/kvserver/node_liveness.go:748 ⋮ [n1,liveness-hb] slow heartbeat took 1.1488517s; err=<nil>
W231214 15:36:09.129566 185 server/status/runtime.go:459 ⋮ [n1] problem fetching disk stats: Incorrect function.; disk stats will be empty.
I231214 15:36:09.137939 185 server/status/runtime.go:522 ⋮ [n1] runtime stats: 133 MiB RSS, 173 goroutines, 33 MiB/8.7 MiB/49 MiB GO alloc/idle/total, 623 KiB/1.3 MiB CGO alloc/total, 1157.8 CGO/sec, 0.9/0.5 %(u/s)time, 0.0 %gc (0x), 515 B/2.9 KiB (r/w)net
W231214 15:36:19.130228 185 server/status/runtime.go:459 ⋮ [n1] problem fetching disk stats: Incorrect function.; disk stats will be empty.
I231214 15:36:19.137171 185 server/status/runtime.go:522 ⋮ [n1] runtime stats: 134 MiB RSS, 173 goroutines, 23 MiB/15 MiB/49 MiB GO alloc/idle/total, 623 KiB/1.3 MiB CGO alloc/total, 953.1 CGO/sec, 1.6/1.3 %(u/s)time, 0.0 %gc (1x), 22 KiB/8.5 KiB (r/w)net
W231214 15:36:29.131617 185 server/status/runtime.go:459 ⋮ [n1] problem fetching disk stats: Incorrect function.; disk stats will be empty.
I231214 15:36:29.139866 185 server/status/runtime.go:522 ⋮ [n1] runtime stats: 134 MiB RSS, 174 goroutines, 30 MiB/10 MiB/49 MiB GO alloc/idle/total, 623 KiB/1.3 MiB CGO alloc/total, 943.9 CGO/sec, 0.6/0.0 %(u/s)time, 0.0 %gc (0x), 42 B/42 B (r/w)net
W231214 15:36:39.133161 185 server/status/runtime.go:459 ⋮ [n1] problem fetching disk stats: Incorrect function.; disk stats will be empty.
I231214 15:36:39.139808 185 server/status/runtime.go:522 ⋮ [n1] runtime stats: 134 MiB RSS, 174 goroutines, 37 MiB/4.4 MiB/49 MiB GO alloc/idle/total, 623 KiB/1.3 MiB CGO alloc/total, 980.8 CGO/sec, 1.1/0.9 %(u/s)time, 0.0 %gc (0x), 19 KiB/9.8 KiB (r/w)net
W231214 15:36:49.133489 185 server/status/runtime.go:459 ⋮ [n1] problem fetching disk stats: Incorrect function.; disk stats will be empty.
I231214 15:36:49.140451 185 server/status/runtime.go:522 ⋮ [n1] runtime stats: 136 MiB RSS, 174 goroutines, 27 MiB/12 MiB/51 MiB GO alloc/idle/total, 623 KiB/1.3 MiB CGO alloc/total, 981.9 CGO/sec, 1.4/1.6 %(u/s)time, 0.0 %gc (1x), 3.0 KiB/5.2 KiB (r/w)net
I231214 15:36:58.787216 59 gossip/gossip.go:568 ⋮ [n1] gossip status (ok, 1 node‹›)
gossip client (0/3 cur/max conns)
gossip server (0/3 cur/max conns, infos 0/0 sent/received, bytes 0B/0B sent/received)
W231214 15:36:59.134258 185 server/status/runtime.go:459 ⋮ [n1] problem fetching disk stats: Incorrect function.; disk stats will be empty.
I231214 15:36:59.141711 185 server/status/runtime.go:522 ⋮ [n1] runtime stats: 136 MiB RSS, 174 goroutines, 34 MiB/7.3 MiB/51 MiB GO alloc/idle/total, 623 KiB/1.3 MiB CGO alloc/total, 962.7 CGO/sec, 1.6/1.1 %(u/s)time, 0.0 %gc (0x), 120 B/163 B (r/w)net
W231214 15:37:09.137685 185 server/status/runtime.go:459 ⋮ [n1] problem fetching disk stats: Incorrect function.; disk stats will be empty.
I231214 15:37:09.150130 185 server/status/runtime.go:522 ⋮ [n1] runtime stats: 134 MiB RSS, 173 goroutines, 23 MiB/18 MiB/49 MiB GO alloc/idle/total, 623 KiB/1.3 MiB CGO alloc/total, 1146.0 CGO/sec, 3.0/1.7 %(u/s)time, 0.0 %gc (1x), 13 KiB/7.4 KiB (r/w)net
W231214 15:37:19.138059 185 server/status/runtime.go:459 ⋮ [n1] problem fetching disk stats: Incorrect function.; disk stats will be empty.
I231214 15:37:19.148939 185 server/status/runtime.go:522 ⋮ [n1] runtime stats: 134 MiB RSS, 173 goroutines, 29 MiB/12 MiB/49 MiB GO alloc/idle/total, 623 KiB/1.3 MiB CGO alloc/total, 938.3 CGO/sec, 0.3/0.3 %(u/s)time, 0.0 %gc (0x), 1.9 KiB/3.9 KiB (r/w)net
W231214 15:37:19.398556 155 kv/kvserver/store_raft.go:493 ⋮ [n1,s1,r2/1:‹/System/NodeLiveness{-Max}›] handle raft ready: 0.8s [applied=1, batches=1, state_assertions=0]
W231214 15:37:19.445041 187 kv/kvserver/node_liveness.go:748 ⋮ [n1,liveness-hb] slow heartbeat took 1.00781s; err=<nil>
W231214 15:37:29.139034 185 server/status/runtime.go:459 ⋮ [n1] problem fetching disk stats: Incorrect function.; disk stats will be empty.
I231214 15:37:29.150726 185 server/status/runtime.go:522 ⋮ [n1] runtime stats: 134 MiB RSS, 173 goroutines, 19 MiB/19 MiB/49 MiB GO alloc/idle/total, 623 KiB/1.3 MiB CGO alloc/total, 950.5 CGO/sec, 1.7/0.5 %(u/s)time, 0.0 %gc (1x), 5.9 KiB/13 KiB (r/w)net
W231214 15:37:39.139295 185 server/status/runtime.go:459 ⋮ [n1] problem fetching disk stats: Incorrect function.; disk stats will be empty.
I231214 15:37:39.146212 185 server/status/runtime.go:522 ⋮ [n1] runtime stats: 134 MiB RSS, 174 goroutines, 26 MiB/14 MiB/49 MiB GO alloc/idle/total, 623 KiB/1.3 MiB CGO alloc/total, 960.7 CGO/sec, 1.1/0.9 %(u/s)time, 0.0 %gc (0x), 1.8 KiB/5.7 KiB (r/w)net
W231214 15:37:49.139486 185 server/status/runtime.go:459 ⋮ [n1] problem fetching disk stats: Incorrect function.; disk stats will be empty.
I231214 15:37:49.146292 185 server/status/runtime.go:522 ⋮ [n1] runtime stats: 134 MiB RSS, 174 goroutines, 33 MiB/8.5 MiB/49 MiB GO alloc/idle/total, 623 KiB/1.3 MiB CGO alloc/total, 940.6 CGO/sec, 0.8/0.5 %(u/s)time, 0.0 %gc (0x), 1.1 KiB/1.6 KiB (r/w)net
I231214 15:37:58.786733 59 gossip/gossip.go:568 ⋮ [n1] gossip status (ok, 1 node‹›)
gossip client (0/3 cur/max conns)
gossip server (0/3 cur/max conns, infos 0/0 sent/received, bytes 0B/0B sent/received)
W231214 15:37:59.139594 185 server/status/runtime.go:459 ⋮ [n1] problem fetching disk stats: Incorrect function.; disk stats will be empty.
I231214 15:37:59.146422 185 server/status/runtime.go:522 ⋮ [n1] runtime stats: 134 MiB RSS, 176 goroutines, 23 MiB/16 MiB/49 MiB GO alloc/idle/total, 623 KiB/1.3 MiB CGO alloc/total, 968.1 CGO/sec, 0.6/1.2 %(u/s)time, 0.0 %gc (1x), 3.4 KiB/7.6 KiB (r/w)net
W231214 15:38:09.141497 185 server/status/runtime.go:459 ⋮ [n1] problem fetching disk stats: Incorrect function.; disk stats will be empty.
I231214 15:38:09.149658 185 server/status/runtime.go:522 ⋮ [n1] runtime stats: 134 MiB RSS, 173 goroutines, 32 MiB/9.9 MiB/49 MiB GO alloc/idle/total, 623 KiB/1.3 MiB CGO alloc/total, 1149.9 CGO/sec, 1.4/0.6 %(u/s)time, 0.0 %gc (0x), 3.5 KiB/10 KiB (r/w)net
W231214 15:38:19.142077 185 server/status/runtime.go:459 ⋮ [n1] problem fetching disk stats: Incorrect function.; disk stats will be empty.
I231214 15:38:19.148679 185 server/status/runtime.go:522 ⋮ [n1] runtime stats: 133 MiB RSS, 173 goroutines, 20 MiB/19 MiB/48 MiB GO alloc/idle/total, 623 KiB/1.3 MiB CGO alloc/total, 926.2 CGO/sec, 2.2/1.3 %(u/s)time, 0.0 %gc (1x), 49 KiB/29 KiB (r/w)net
W231214 15:38:29.142878 185 server/status/runtime.go:459 ⋮ [n1] problem fetching disk stats: Incorrect function.; disk stats will be empty.
I231214 15:38:29.150716 185 server/status/runtime.go:522 ⋮ [n1] runtime stats: 133 MiB RSS, 173 goroutines, 27 MiB/14 MiB/48 MiB GO alloc/idle/total, 623 KiB/1.3 MiB CGO alloc/total, 943.4 CGO/sec, 1.2/0.2 %(u/s)time, 0.0 %gc (0x), 4.2 KiB/9.5 KiB (r/w)net
W231214 15:38:39.143225 185 server/status/runtime.go:459 ⋮ [n1] problem fetching disk stats: Incorrect function.; disk stats will be empty.
I231214 15:38:39.150169 185 server/status/runtime.go:522 ⋮ [n1] runtime stats: 133 MiB RSS, 174 goroutines, 34 MiB/7.7 MiB/48 MiB GO alloc/idle/total, 623 KiB/1.3 MiB CGO alloc/total, 972.7 CGO/sec, 1.1/0.5 %(u/s)time, 0.0 %gc (0x), 4.3 KiB/7.8 KiB (r/w)net
W231214 15:38:49.148049 185 server/status/runtime.go:459 ⋮ [n1] problem fetching disk stats: Incorrect function.; disk stats will be empty.
I231214 15:38:49.155373 185 server/status/runtime.go:522 ⋮ [n1] runtime stats: 133 MiB RSS, 174 goroutines, 24 MiB/15 MiB/48 MiB GO alloc/idle/total, 623 KiB/1.3 MiB CGO alloc/total, 951.1 CGO/sec, 1.1/0.5 %(u/s)time, 0.0 %gc (1x), 19 KiB/46 KiB (r/w)net
I231214 15:38:58.785464 59 gossip/gossip.go:568 ⋮ [n1] gossip status (ok, 1 node‹›)
gossip client (0/3 cur/max conns)
gossip server (0/3 cur/max conns, infos 0/0 sent/received, bytes 0B/0B sent/received)
W231214 15:38:59.148416 185 server/status/runtime.go:459 ⋮ [n1] problem fetching disk stats: Incorrect function.; disk stats will be empty.
I231214 15:38:59.155129 185 server/status/runtime.go:522 ⋮ [n1] runtime stats: 133 MiB RSS, 174 goroutines, 31 MiB/10 MiB/48 MiB GO alloc/idle/total, 623 KiB/1.3 MiB CGO alloc/total, 968.5 CGO/sec, 0.5/0.9 %(u/s)time, 0.0 %gc (0x), 12 KiB/11 KiB (r/w)net
W231214 15:39:09.150126 185 server/status/runtime.go:459 ⋮ [n1] problem fetching disk stats: Incorrect function.; disk stats will be empty.
I231214 15:39:09.177537 185 server/status/runtime.go:522 ⋮ [n1] runtime stats: 133 MiB RSS, 173 goroutines, 22 MiB/18 MiB/48 MiB GO alloc/idle/total, 623 KiB/1.3 MiB CGO alloc/total, 1155.2 CGO/sec, 1.6/1.2 %(u/s)time, 0.0 %gc (1x), 3.9 KiB/8.0 KiB (r/w)net
W231214 15:39:19.151545 185 server/status/runtime.go:459 ⋮ [n1] problem fetching disk stats: Incorrect function.; disk stats will be empty.
I231214 15:39:19.164868 185 server/status/runtime.go:522 ⋮ [n1] runtime stats: 133 MiB RSS, 173 goroutines, 29 MiB/13 MiB/48 MiB GO alloc/idle/total, 623 KiB/1.3 MiB CGO alloc/total, 930.5 CGO/sec, 0.9/0.5 %(u/s)time, 0.0 %gc (0x), 6.6 KiB/6.7 KiB (r/w)net
W231214 15:39:29.152020 185 server/status/runtime.go:459 ⋮ [n1] problem fetching disk stats: Incorrect function.; disk stats will be empty.
I231214 15:39:29.160157 185 server/status/runtime.go:522 ⋮ [n1] runtime stats: 133 MiB RSS, 173 goroutines, 19 MiB/19 MiB/48 MiB GO alloc/idle/total, 623 KiB/1.3 MiB CGO alloc/total, 948.8 CGO/sec, 3.6/1.7 %(u/s)time, 0.0 %gc (1x), 2.6 KiB/5.7 KiB (r/w)net
W231214 15:39:39.160678 185 server/status/runtime.go:459 ⋮ [n1] problem fetching disk stats: Incorrect function.; disk stats will be empty.
I231214 15:39:39.172990 185 server/status/runtime.go:522 ⋮ [n1] runtime stats: 133 MiB RSS, 174 goroutines, 26 MiB/14 MiB/48 MiB GO alloc/idle/total, 623 KiB/1.3 MiB CGO alloc/total, 967.4 CGO/sec, 0.8/1.6 %(u/s)time, 0.0 %gc (0x), 1.8 KiB/3.9 KiB (r/w)net
W231214 15:39:49.160189 185 server/status/runtime.go:459 ⋮ [n1] problem fetching disk stats: Incorrect function.; disk stats will be empty.
I231214 15:39:49.167744 185 server/status/runtime.go:522 ⋮ [n1] runtime stats: 133 MiB RSS, 174 goroutines, 33 MiB/8.7 MiB/48 MiB GO alloc/idle/total, 623 KiB/1.3 MiB CGO alloc/total, 944.7 CGO/sec, 0.8/0.8 %(u/s)time, 0.0 %gc (0x), 2.1 KiB/4.1 KiB (r/w)net
I231214 15:39:58.790290 59 gossip/gossip.go:568 ⋮ [n1] gossip status (ok, 1 node‹›)
gossip client (0/3 cur/max conns)
gossip server (0/3 cur/max conns, infos 0/0 sent/received, bytes 0B/0B sent/received)
W231214 15:39:59.165445 185 server/status/runtime.go:459 ⋮ [n1] problem fetching disk stats: Incorrect function.; disk stats will be empty.
I231214 15:39:59.172294 185 server/status/runtime.go:522 ⋮ [n1] runtime stats: 133 MiB RSS, 174 goroutines, 23 MiB/17 MiB/48 MiB GO alloc/idle/total, 623 KiB/1.3 MiB CGO alloc/total, 970.9 CGO/sec, 1.4/0.8 %(u/s)time, 0.0 %gc (1x), 66 B/55 B (r/w)net
W231214 15:40:09.166104 185 server/status/runtime.go:459 ⋮ [n1] problem fetching disk stats: Incorrect function.; disk stats will be empty.
I231214 15:40:09.175216 185 server/status/runtime.go:522 ⋮ [n1] runtime stats: 133 MiB RSS, 173 goroutines, 33 MiB/8.9 MiB/48 MiB GO alloc/idle/total, 623 KiB/1.3 MiB CGO alloc/total, 1222.0 CGO/sec, 1.6/0.9 %(u/s)time, 0.0 %gc (0x), 5.6 KiB/3.7 KiB (r/w)net
I231214 15:40:18.791148 58 kv/kvserver/store.go:2638 ⋮ [n1,s1] sstables (read amplification = 1):
‹6 [ 1M 1 ]: 1M›
I231214 15:40:18.791343 58 kv/kvserver/store.go:2639 ⋮ [n1,s1] ‹›
‹__level_____count____size___score______in__ingest(sz_cnt)____move(sz_cnt)___write(sz_cnt)____read___r-amp___w-amp›
‹    WAL         2    31 M       -    30 M       -       -       -       -    31 M       -       -       -     1.0›
‹      0         0     0 B    0.00     0 B     0 B       0     0 B       0     0 B       0     0 B       0     0.0›
‹      1         0     0 B    0.00     0 B     0 B       0     0 B       0     0 B       0     0 B       0     0.0›
‹      2         0     0 B    0.00     0 B     0 B       0     0 B       0     0 B       0     0 B       0     0.0›
‹      3         0     0 B    0.00     0 B     0 B       0     0 B       0     0 B       0     0 B       0     0.0›
‹      4         0     0 B    0.00     0 B     0 B       0     0 B       0     0 B       0     0 B       0     0.0›
‹      5         0     0 B    0.00     0 B     0 B       0     0 B       0     0 B       0     0 B       0     0.0›
‹      6         1   1.1 M       -   362 K     0 B       0     0 B       0   1.1 M       1   1.3 M       1     3.1›
‹  total         1   1.1 M       -    31 M     0 B       0     0 B       0    32 M       1   1.3 M       1     1.0›
‹  flush         0›
‹compact         1     0 B          (size == estimated-debt)›
‹ memtbl         2    64 M›
‹zmemtbl         0     0 B›
‹   ztbl         0     0 B›
‹ bcache       276   8.0 M   98.6%  (score == hit-rate)›
‹ tcache         1   616 B  100.0%  (score == hit-rate)›
‹ titers         0›
‹ filter         -       -   83.3%  (score == utility)›
W231214 15:40:19.166606 185 server/status/runtime.go:459 ⋮ [n1] problem fetching disk stats: Incorrect function.; disk stats will be empty.
I231214 15:40:19.173748 185 server/status/runtime.go:522 ⋮ [n1] runtime stats: 133 MiB RSS, 173 goroutines, 22 MiB/17 MiB/48 MiB GO alloc/idle/total, 623 KiB/1.3 MiB CGO alloc/total, 938.1 CGO/sec, 1.7/1.6 %(u/s)time, 0.0 %gc (1x), 3.7 KiB/7.8 KiB (r/w)net
W231214 15:40:29.168456 185 server/status/runtime.go:459 ⋮ [n1] problem fetching disk stats: Incorrect function.; disk stats will be empty.
I231214 15:40:29.175671 185 server/status/runtime.go:522 ⋮ [n1] runtime stats: 133 MiB RSS, 175 goroutines, 29 MiB/12 MiB/48 MiB GO alloc/idle/total, 623 KiB/1.3 MiB CGO alloc/total, 946.1 CGO/sec, 0.9/0.8 %(u/s)time, 0.0 %gc (0x), 1.9 KiB/3.9 KiB (r/w)net
W231214 15:40:39.173576 185 server/status/runtime.go:459 ⋮ [n1] problem fetching disk stats: Incorrect function.; disk stats will be empty.
I231214 15:40:39.185743 185 server/status/runtime.go:522 ⋮ [n1] runtime stats: 133 MiB RSS, 174 goroutines, 36 MiB/6.1 MiB/48 MiB GO alloc/idle/total, 623 KiB/1.3 MiB CGO alloc/total, 960.8 CGO/sec, 0.8/0.8 %(u/s)time, 0.0 %gc (0x), 169 B/74 B (r/w)net
W231214 15:40:49.173765 185 server/status/runtime.go:459 ⋮ [n1] problem fetching disk stats: Incorrect function.; disk stats will be empty.
I231214 15:40:49.180621 185 server/status/runtime.go:522 ⋮ [n1] runtime stats: 133 MiB RSS, 174 goroutines, 24 MiB/16 MiB/48 MiB GO alloc/idle/total, 623 KiB/1.3 MiB CGO alloc/total, 935.6 CGO/sec, 1.3/0.2 %(u/s)time, 0.0 %gc (1x), 958 B/2.0 KiB (r/w)net
I231214 15:40:58.792748 59 gossip/gossip.go:568 ⋮ [n1] gossip status (ok, 1 node‹›)
gossip client (0/3 cur/max conns)
gossip server (0/3 cur/max conns, infos 0/0 sent/received, bytes 0B/0B sent/received)
W231214 15:40:59.175665 185 server/status/runtime.go:459 ⋮ [n1] problem fetching disk stats: Incorrect function.; disk stats will be empty.
I231214 15:40:59.183248 185 server/status/runtime.go:522 ⋮ [n1] runtime stats: 133 MiB RSS, 174 goroutines, 31 MiB/10 MiB/48 MiB GO alloc/idle/total, 623 KiB/1.3 MiB CGO alloc/total, 965.8 CGO/sec, 0.8/0.5 %(u/s)time, 0.0 %gc (0x), 1.8 KiB/3.9 KiB (r/w)net
W231214 15:41:09.176023 185 server/status/runtime.go:459 ⋮ [n1] problem fetching disk stats: Incorrect function.; disk stats will be empty.
I231214 15:41:09.183142 185 server/status/runtime.go:522 ⋮ [n1] runtime stats: 133 MiB RSS, 173 goroutines, 22 MiB/18 MiB/48 MiB GO alloc/idle/total, 623 KiB/1.3 MiB CGO alloc/total, 1158.4 CGO/sec, 1.1/0.3 %(u/s)time, 0.0 %gc (1x), 16 KiB/16 KiB (r/w)net
W231214 15:41:19.188817 185 server/status/runtime.go:459 ⋮ [n1] problem fetching disk stats: Incorrect function.; disk stats will be empty.
I231214 15:41:19.197473 185 server/status/runtime.go:522 ⋮ [n1] runtime stats: 134 MiB RSS, 173 goroutines, 30 MiB/12 MiB/49 MiB GO alloc/idle/total, 623 KiB/1.3 MiB CGO alloc/total, 930.9 CGO/sec, 0.9/0.1 %(u/s)time, 0.0 %gc (0x), 2.8 KiB/4.1 KiB (r/w)net
W231214 15:41:29.188932 185 server/status/runtime.go:459 ⋮ [n1] problem fetching disk stats: Incorrect function.; disk stats will be empty.
I231214 15:41:29.197088 185 server/status/runtime.go:522 ⋮ [n1] runtime stats: 134 MiB RSS, 173 goroutines, 20 MiB/19 MiB/49 MiB GO alloc/idle/total, 623 KiB/1.3 MiB CGO alloc/total, 935.0 CGO/sec, 0.6/0.2 %(u/s)time, 0.0 %gc (1x), 0 B/0 B (r/w)net
W231214 15:41:39.189745 185 server/status/runtime.go:459 ⋮ [n1] problem fetching disk stats: Incorrect function.; disk stats will be empty.
I231214 15:41:39.198734 185 server/status/runtime.go:522 ⋮ [n1] runtime stats: 135 MiB RSS, 174 goroutines, 27 MiB/14 MiB/49 MiB GO alloc/idle/total, 623 KiB/1.3 MiB CGO alloc/total, 979.4 CGO/sec, 1.1/0.8 %(u/s)time, 0.0 %gc (0x), 20 KiB/17 KiB (r/w)net
W231214 15:41:49.189896 185 server/status/runtime.go:459 ⋮ [n1] problem fetching disk stats: Incorrect function.; disk stats will be empty.
I231214 15:41:49.197148 185 server/status/runtime.go:522 ⋮ [n1] runtime stats: 135 MiB RSS, 174 goroutines, 34 MiB/7.7 MiB/49 MiB GO alloc/idle/total, 623 KiB/1.3 MiB CGO alloc/total, 943.4 CGO/sec, 1.3/0.3 %(u/s)time, 0.0 %gc (0x), 477 B/3.2 KiB (r/w)net
I231214 15:41:58.790566 59 gossip/gossip.go:568 ⋮ [n1] gossip status (ok, 1 node‹›)
gossip client (0/3 cur/max conns)
gossip server (0/3 cur/max conns, infos 0/0 sent/received, bytes 0B/0B sent/received)
W231214 15:41:59.191285 185 server/status/runtime.go:459 ⋮ [n1] problem fetching disk stats: Incorrect function.; disk stats will be empty.
I231214 15:41:59.198645 185 server/status/runtime.go:522 ⋮ [n1] runtime stats: 135 MiB RSS, 174 goroutines, 24 MiB/15 MiB/49 MiB GO alloc/idle/total, 623 KiB/1.3 MiB CGO alloc/total, 970.4 CGO/sec, 1.1/0.3 %(u/s)time, 0.0 %gc (1x), 120 B/110 B (r/w)net
W231214 15:42:09.194518 185 server/status/runtime.go:459 ⋮ [n1] problem fetching disk stats: Incorrect function.; disk stats will be empty.
I231214 15:42:09.201767 185 server/status/runtime.go:522 ⋮ [n1] runtime stats: 136 MiB RSS, 175 goroutines, 34 MiB/8.0 MiB/49 MiB GO alloc/idle/total, 623 KiB/1.3 MiB CGO alloc/total, 1162.4 CGO/sec, 1.7/1.2 %(u/s)time, 0.0 %gc (0x), 124 B/2.6 KiB (r/w)net
W231214 15:42:19.207045 185 server/status/runtime.go:459 ⋮ [n1] problem fetching disk stats: Incorrect function.; disk stats will be empty.
I231214 15:42:19.220018 185 server/status/runtime.go:522 ⋮ [n1] runtime stats: 136 MiB RSS, 173 goroutines, 23 MiB/16 MiB/49 MiB GO alloc/idle/total, 623 KiB/1.3 MiB CGO alloc/total, 938.5 CGO/sec, 0.6/0.3 %(u/s)time, 0.0 %gc (1x), 473 B/364 B (r/w)net
W231214 15:42:29.205794 185 server/status/runtime.go:459 ⋮ [n1] problem fetching disk stats: Incorrect function.; disk stats will be empty.
I231214 15:42:29.213436 185 server/status/runtime.go:522 ⋮ [n1] runtime stats: 136 MiB RSS, 174 goroutines, 29 MiB/11 MiB/49 MiB GO alloc/idle/total, 623 KiB/1.3 MiB CGO alloc/total, 946.1 CGO/sec, 0.8/0.2 %(u/s)time, 0.0 %gc (0x), 1.3 KiB/18 KiB (r/w)net
W231214 15:42:39.207083 185 server/status/runtime.go:459 ⋮ [n1] problem fetching disk stats: Incorrect function.; disk stats will be empty.
I231214 15:42:39.216294 185 server/status/runtime.go:522 ⋮ [n1] runtime stats: 137 MiB RSS, 176 goroutines, 37 MiB/5.1 MiB/49 MiB GO alloc/idle/total, 623 KiB/1.3 MiB CGO alloc/total, 970.3 CGO/sec, 0.6/0.6 %(u/s)time, 0.0 %gc (0x), 598 B/12 KiB (r/w)net
W231214 15:42:49.207378 185 server/status/runtime.go:459 ⋮ [n1] problem fetching disk stats: Incorrect function.; disk stats will be empty.
I231214 15:42:49.214473 185 server/status/runtime.go:522 ⋮ [n1] runtime stats: 138 MiB RSS, 174 goroutines, 24 MiB/16 MiB/50 MiB GO alloc/idle/total, 623 KiB/1.3 MiB CGO alloc/total, 927.5 CGO/sec, 1.1/0.6 %(u/s)time, 0.0 %gc (1x), 222 B/148 B (r/w)net
I231214 15:42:58.787340 59 gossip/gossip.go:568 ⋮ [n1] gossip status (ok, 1 node‹›)
gossip client (0/3 cur/max conns)
gossip server (0/3 cur/max conns, infos 0/0 sent/received, bytes 0B/0B sent/received)
W231214 15:42:59.208200 185 server/status/runtime.go:459 ⋮ [n1] problem fetching disk stats: Incorrect function.; disk stats will be empty.
I231214 15:42:59.215770 185 server/status/runtime.go:522 ⋮ [n1] runtime stats: 138 MiB RSS, 174 goroutines, 31 MiB/10 MiB/50 MiB GO alloc/idle/total, 623 KiB/1.3 MiB CGO alloc/total, 969.3 CGO/sec, 0.9/0.2 %(u/s)time, 0.0 %gc (0x), 45 KiB/22 KiB (r/w)net
W231214 15:43:09.209134 185 server/status/runtime.go:459 ⋮ [n1] problem fetching disk stats: Incorrect function.; disk stats will be empty.
I231214 15:43:09.216711 185 server/status/runtime.go:522 ⋮ [n1] runtime stats: 139 MiB RSS, 173 goroutines, 21 MiB/18 MiB/50 MiB GO alloc/idle/total, 623 KiB/1.3 MiB CGO alloc/total, 1009.3 CGO/sec, 1.9/0.9 %(u/s)time, 0.0 %gc (1x), 1.7 KiB/876 B (r/w)net
W231214 15:43:19.209155 185 server/status/runtime.go:459 ⋮ [n1] problem fetching disk stats: Incorrect function.; disk stats will be empty.
I231214 15:43:19.218318 185 server/status/runtime.go:522 ⋮ [n1] runtime stats: 139 MiB RSS, 173 goroutines, 29 MiB/12 MiB/50 MiB GO alloc/idle/total, 623 KiB/1.3 MiB CGO alloc/total, 1108.4 CGO/sec, 1.1/0.6 %(u/s)time, 0.0 %gc (0x), 200 B/139 B (r/w)net
W231214 15:43:29.317433 185 server/status/runtime.go:459 ⋮ [n1] problem fetching disk stats: Incorrect function.; disk stats will be empty.
I231214 15:43:29.393004 185 server/status/runtime.go:522 ⋮ [n1] runtime stats: 139 MiB RSS, 173 goroutines, 19 MiB/19 MiB/50 MiB GO alloc/idle/total, 623 KiB/1.3 MiB CGO alloc/total, 918.5 CGO/sec, 1.4/0.6 %(u/s)time, 0.0 %gc (1x), 6.8 KiB/14 KiB (r/w)net
W231214 15:43:39.254410 185 server/status/runtime.go:459 ⋮ [n1] problem fetching disk stats: Incorrect function.; disk stats will be empty.
I231214 15:43:39.270099 185 server/status/runtime.go:522 ⋮ [n1] runtime stats: 140 MiB RSS, 174 goroutines, 26 MiB/14 MiB/50 MiB GO alloc/idle/total, 623 KiB/1.3 MiB CGO alloc/total, 995.9 CGO/sec, 1.9/0.9 %(u/s)time, 0.0 %gc (0x), 1.2 KiB/16 KiB (r/w)net
W231214 15:43:49.256382 185 server/status/runtime.go:459 ⋮ [n1] problem fetching disk stats: Incorrect function.; disk stats will be empty.
I231214 15:43:49.264094 185 server/status/runtime.go:522 ⋮ [n1] runtime stats: 140 MiB RSS, 174 goroutines, 33 MiB/8.6 MiB/50 MiB GO alloc/idle/total, 623 KiB/1.3 MiB CGO alloc/total, 951.3 CGO/sec, 1.1/0.5 %(u/s)time, 0.0 %gc (0x), 28 KiB/17 KiB (r/w)net
I231214 15:43:58.798833 59 gossip/gossip.go:568 ⋮ [n1] gossip status (ok, 1 node‹›)
gossip client (0/3 cur/max conns)
gossip server (0/3 cur/max conns, infos 0/0 sent/received, bytes 0B/0B sent/received)
W231214 15:43:59.264751 185 server/status/runtime.go:459 ⋮ [n1] problem fetching disk stats: Incorrect function.; disk stats will be empty.
I231214 15:43:59.272245 185 server/status/runtime.go:522 ⋮ [n1] runtime stats: 140 MiB RSS, 174 goroutines, 22 MiB/17 MiB/50 MiB GO alloc/idle/total, 623 KiB/1.3 MiB CGO alloc/total, 971.0 CGO/sec, 1.1/0.6 %(u/s)time, 0.0 %gc (1x), 12 KiB/26 KiB (r/w)net
W231214 15:44:09.281147 185 server/status/runtime.go:459 ⋮ [n1] problem fetching disk stats: Incorrect function.; disk stats will be empty.
I231214 15:44:09.302072 185 server/status/runtime.go:522 ⋮ [n1] runtime stats: 140 MiB RSS, 173 goroutines, 31 MiB/11 MiB/50 MiB GO alloc/idle/total, 623 KiB/1.3 MiB CGO alloc/total, 1027.6 CGO/sec, 0.6/0.8 %(u/s)time, 0.0 %gc (0x), 13 KiB/9.2 KiB (r/w)net
W231214 15:44:17.939939 187 kv/kvserver/node_liveness.go:748 ⋮ [n1,liveness-hb] slow heartbeat took 1.0021267s; err=<nil>
W231214 15:44:19.276610 185 server/status/runtime.go:459 ⋮ [n1] problem fetching disk stats: Incorrect function.; disk stats will be empty.
I231214 15:44:19.291288 185 server/status/runtime.go:522 ⋮ [n1] runtime stats: 140 MiB RSS, 173 goroutines, 20 MiB/19 MiB/49 MiB GO alloc/idle/total, 623 KiB/1.3 MiB CGO alloc/total, 1080.4 CGO/sec, 1.6/0.9 %(u/s)time, 0.0 %gc (1x), 1010 B/12 KiB (r/w)net
W231214 15:44:29.277875 185 server/status/runtime.go:459 ⋮ [n1] problem fetching disk stats: Incorrect function.; disk stats will be empty.
I231214 15:44:29.284967 185 server/status/runtime.go:522 ⋮ [n1] runtime stats: 140 MiB RSS, 173 goroutines, 27 MiB/14 MiB/49 MiB GO alloc/idle/total, 623 KiB/1.3 MiB CGO alloc/total, 946.2 CGO/sec, 1.4/0.8 %(u/s)time, 0.0 %gc (0x), 22 KiB/8.0 KiB (r/w)net
W231214 15:44:35.444655 137 kv/kvserver/store_raft.go:493 ⋮ [n1,s1,r1/1:‹/{Min-System/NodeL…}›] handle raft ready: 1.5s [applied=1, batches=1, state_assertions=0]
W231214 15:44:36.095248 187 kv/kvserver/node_liveness.go:748 ⋮ [n1,liveness-hb] slow heartbeat took 1.1576193s; err=<nil>
W231214 15:44:39.278612 185 server/status/runtime.go:459 ⋮ [n1] problem fetching disk stats: Incorrect function.; disk stats will be empty.
I231214 15:44:39.285789 185 server/status/runtime.go:522 ⋮ [n1] runtime stats: 140 MiB RSS, 174 goroutines, 34 MiB/8.0 MiB/49 MiB GO alloc/idle/total, 623 KiB/1.3 MiB CGO alloc/total, 973.7 CGO/sec, 0.9/0.8 %(u/s)time, 0.0 %gc (0x), 450 B/235 B (r/w)net
W231214 15:44:49.359665 185 server/status/runtime.go:459 ⋮ [n1] problem fetching disk stats: Incorrect function.; disk stats will be empty.
I231214 15:44:49.382453 185 server/status/runtime.go:522 ⋮ [n1] runtime stats: 141 MiB RSS, 174 goroutines, 24 MiB/16 MiB/49 MiB GO alloc/idle/total, 623 KiB/1.3 MiB CGO alloc/total, 939.2 CGO/sec, 0.9/0.9 %(u/s)time, 0.0 %gc (1x), 0 B/0 B (r/w)net
I231214 15:44:58.786425 59 gossip/gossip.go:568 ⋮ [n1] gossip status (ok, 1 node‹›)
gossip client (0/3 cur/max conns)
gossip server (0/3 cur/max conns, infos 0/0 sent/received, bytes 0B/0B sent/received)
W231214 15:44:59.350085 185 server/status/runtime.go:459 ⋮ [n1] problem fetching disk stats: Incorrect function.; disk stats will be empty.
I231214 15:44:59.357278 185 server/status/runtime.go:522 ⋮ [n1] runtime stats: 141 MiB RSS, 175 goroutines, 31 MiB/11 MiB/49 MiB GO alloc/idle/total, 623 KiB/1.3 MiB CGO alloc/total, 975.9 CGO/sec, 0.8/0.5 %(u/s)time, 0.0 %gc (0x), 1.2 KiB/3.9 KiB (r/w)net
W231214 15:45:09.361239 185 server/status/runtime.go:459 ⋮ [n1] problem fetching disk stats: Incorrect function.; disk stats will be empty.
I231214 15:45:09.368281 185 server/status/runtime.go:522 ⋮ [n1] runtime stats: 141 MiB RSS, 173 goroutines, 20 MiB/19 MiB/49 MiB GO alloc/idle/total, 623 KiB/1.3 MiB CGO alloc/total, 1006.0 CGO/sec, 0.5/0.3 %(u/s)time, 0.0 %gc (1x), 42 KiB/22 KiB (r/w)net
W231214 15:45:19.362003 185 server/status/runtime.go:459 ⋮ [n1] problem fetching disk stats: Incorrect function.; disk stats will be empty.
I231214 15:45:19.369978 185 server/status/runtime.go:522 ⋮ [n1] runtime stats: 142 MiB RSS, 173 goroutines, 28 MiB/13 MiB/49 MiB GO alloc/idle/total, 623 KiB/1.3 MiB CGO alloc/total, 1124.5 CGO/sec, 0.6/0.8 %(u/s)time, 0.0 %gc (0x), 2.2 KiB/8.4 KiB (r/w)net
W231214 15:45:29.377749 185 server/status/runtime.go:459 ⋮ [n1] problem fetching disk stats: Incorrect function.; disk stats will be empty.
I231214 15:45:29.386712 185 server/status/runtime.go:522 ⋮ [n1] runtime stats: 142 MiB RSS, 173 goroutines, 35 MiB/7.4 MiB/49 MiB GO alloc/idle/total, 623 KiB/1.3 MiB CGO alloc/total, 944.8 CGO/sec, 1.2/0.9 %(u/s)time, 0.0 %gc (0x), 388 B/3.1 KiB (r/w)net
W231214 15:45:39.378068 185 server/status/runtime.go:459 ⋮ [n1] problem fetching disk stats: Incorrect function.; disk stats will be empty.
I231214 15:45:39.385357 185 server/status/runtime.go:522 ⋮ [n1] runtime stats: 142 MiB RSS, 174 goroutines, 24 MiB/15 MiB/49 MiB GO alloc/idle/total, 623 KiB/1.3 MiB CGO alloc/total, 971.4 CGO/sec, 0.6/0.3 %(u/s)time, 0.0 %gc (1x), 492 B/268 B (r/w)net
W231214 15:45:49.383262 185 server/status/runtime.go:459 ⋮ [n1] problem fetching disk stats: Incorrect function.; disk stats will be empty.
I231214 15:45:49.395627 185 server/status/runtime.go:522 ⋮ [n1] runtime stats: 142 MiB RSS, 174 goroutines, 31 MiB/10 MiB/49 MiB GO alloc/idle/total, 623 KiB/1.3 MiB CGO alloc/total, 938.5 CGO/sec, 0.8/0.2 %(u/s)time, 0.0 %gc (0x), 922 B/6.0 KiB (r/w)net
I231214 15:45:58.787798 59 gossip/gossip.go:568 ⋮ [n1] gossip status (ok, 1 node‹›)
gossip client (0/3 cur/max conns)
gossip server (0/3 cur/max conns, infos 0/0 sent/received, bytes 0B/0B sent/received)
W231214 15:45:59.381874 185 server/status/runtime.go:459 ⋮ [n1] problem fetching disk stats: Incorrect function.; disk stats will be empty.
I231214 15:45:59.391486 185 server/status/runtime.go:522 ⋮ [n1] runtime stats: 143 MiB RSS, 174 goroutines, 22 MiB/18 MiB/49 MiB GO alloc/idle/total, 623 KiB/1.3 MiB CGO alloc/total, 974.3 CGO/sec, 1.4/1.1 %(u/s)time, 0.0 %gc (1x), 7.1 KiB/26 KiB (r/w)net
W231214 15:46:09.390141 185 server/status/runtime.go:459 ⋮ [n1] problem fetching disk stats: Incorrect function.; disk stats will be empty.
I231214 15:46:09.407159 185 server/status/runtime.go:522 ⋮ [n1] runtime stats: 143 MiB RSS, 173 goroutines, 30 MiB/12 MiB/49 MiB GO alloc/idle/total, 623 KiB/1.3 MiB CGO alloc/total, 1010.6 CGO/sec, 0.6/0.6 %(u/s)time, 0.0 %gc (0x), 3.0 KiB/34 KiB (r/w)net
W231214 15:46:19.464666 185 server/status/runtime.go:459 ⋮ [n1] problem fetching disk stats: Incorrect function.; disk stats will be empty.
I231214 15:46:19.525140 185 server/status/runtime.go:522 ⋮ [n1] runtime stats: 144 MiB RSS, 177 goroutines, 20 MiB/18 MiB/49 MiB GO alloc/idle/total, 623 KiB/1.3 MiB CGO alloc/total, 1078.7 CGO/sec, 1.7/0.5 %(u/s)time, 0.1 %gc (1x), 1.9 KiB/36 KiB (r/w)net
W231214 15:46:29.437961 185 server/status/runtime.go:459 ⋮ [n1] problem fetching disk stats: Incorrect function.; disk stats will be empty.
I231214 15:46:29.444725 185 server/status/runtime.go:522 ⋮ [n1] runtime stats: 144 MiB RSS, 173 goroutines, 27 MiB/13 MiB/49 MiB GO alloc/idle/total, 623 KiB/1.3 MiB CGO alloc/total, 954.9 CGO/sec, 0.8/0.5 %(u/s)time, 0.0 %gc (0x), 2.6 KiB/4.3 KiB (r/w)net
W231214 15:46:39.439656 185 server/status/runtime.go:459 ⋮ [n1] problem fetching disk stats: Incorrect function.; disk stats will be empty.
I231214 15:46:39.446908 185 server/status/runtime.go:522 ⋮ [n1] runtime stats: 144 MiB RSS, 174 goroutines, 34 MiB/7.4 MiB/49 MiB GO alloc/idle/total, 623 KiB/1.3 MiB CGO alloc/total, 982.9 CGO/sec, 1.1/0.5 %(u/s)time, 0.0 %gc (0x), 183 B/129 B (r/w)net
W231214 15:46:49.453937 185 server/status/runtime.go:459 ⋮ [n1] problem fetching disk stats: Incorrect function.; disk stats will be empty.
I231214 15:46:49.463661 185 server/status/runtime.go:522 ⋮ [n1] runtime stats: 144 MiB RSS, 174 goroutines, 24 MiB/15 MiB/49 MiB GO alloc/idle/total, 623 KiB/1.3 MiB CGO alloc/total, 935.8 CGO/sec, 1.1/0.6 %(u/s)time, 0.0 %gc (1x), 2.4 KiB/18 KiB (r/w)net
I231214 15:46:58.791026 59 gossip/gossip.go:568 ⋮ [n1] gossip status (ok, 1 node‹›)
gossip client (0/3 cur/max conns)
gossip server (0/3 cur/max conns, infos 0/0 sent/received, bytes 0B/0B sent/received)
W231214 15:46:59.457543 185 server/status/runtime.go:459 ⋮ [n1] problem fetching disk stats: Incorrect function.; disk stats will be empty.
I231214 15:46:59.465423 185 server/status/runtime.go:522 ⋮ [n1] runtime stats: 145 MiB RSS, 174 goroutines, 31 MiB/10 MiB/49 MiB GO alloc/idle/total, 623 KiB/1.3 MiB CGO alloc/total, 987.6 CGO/sec, 0.8/1.1 %(u/s)time, 0.0 %gc (0x), 597 B/3.4 KiB (r/w)net
W231214 15:47:09.460643 185 server/status/runtime.go:459 ⋮ [n1] problem fetching disk stats: Incorrect function.; disk stats will be empty.
I231214 15:47:09.470422 185 server/status/runtime.go:522 ⋮ [n1] runtime stats: 145 MiB RSS, 173 goroutines, 22 MiB/18 MiB/49 MiB GO alloc/idle/total, 623 KiB/1.3 MiB CGO alloc/total, 1004.5 CGO/sec, 1.4/0.0 %(u/s)time, 0.0 %gc (1x), 1.4 KiB/18 KiB (r/w)net
