I231210 16:14:09.777606 1 util/log/sync_buffer.go:195 ⋮ [config] file created at: 2023/12/10 16:14:09
I231210 16:14:09.777672 1 util/log/sync_buffer.go:195 ⋮ [config] running on machine: ‹DESKTOP-Q36URSU›
I231210 16:14:09.777719 1 util/log/sync_buffer.go:195 ⋮ [config] binary: CockroachDB CCL v20.2.3 (x86_64-w64-mingw32, built 2020/12/14 18:43:04, go1.13.14)
I231210 16:14:09.777755 1 util/log/sync_buffer.go:195 ⋮ [config] arguments: ‹[C:\Program Files\cockroach-v20.2.3.windows-6.2-amd64\cockroach.exe start-single-node --insecure --listen-addr 127.0.0.1]›
I231210 16:14:09.777831 1 util/log/sync_buffer.go:195 ⋮ [config] line format: [IWEF]yymmdd hh:mm:ss.uuuuuu goid file:line msg utf8=✓
W231210 16:14:09.775184 1 cli/start.go:1139 ⋮ ALL SECURITY CONTROLS HAVE BEEN DISABLED!

This mode is intended for non-production testing only.

In this mode:
- Your cluster is open to any client that can access ‹127.0.0.1›.
- Intruders with access to your machine or network can observe client-server traffic.
- Intruders can log in without password and read or write any data in the cluster.
- Intruders can consume all your server's resources and cause unavailability.
I231210 16:14:09.813220 1 cli/start.go:1149 ⋮ To start a secure server without mandating TLS for clients,
consider --accept-sql-without-tls instead. For other options, see:

- ‹https://go.crdb.dev/issue-v/53404/v20.2›
- https://www.cockroachlabs.com/docs/v20.2/secure-a-cluster.html
W231210 16:14:09.813639 1 cli/start.go:983 ⋮ ‹Using the default setting for --cache (128 MiB).›
‹  A significantly larger value is usually needed for good performance.›
‹  If you have a dedicated server a reasonable setting is --cache=.25 (2.0 GiB).›
I231210 16:14:09.853280 1 cli/start.go:1164 ⋮ ‹CockroachDB CCL v20.2.3 (x86_64-w64-mingw32, built 2020/12/14 18:43:04, go1.13.14)›
I231210 16:14:10.495323 1 server/config.go:434 ⋮ system total memory: ‹7.9 GiB›
I231210 16:14:10.516877 1 server/config.go:436 ⋮ server configuration:
‹max offset             500000000›
‹cache size             128 MiB›
‹SQL memory pool size   2.0 GiB›
‹scan interval          10m0s›
‹scan min idle time     10ms›
‹scan max idle time     1s›
‹event log enabled      true›
I231210 16:14:10.537392 1 cli/start.go:968 ⋮ process identity: ‹uid S-1-5-21-1398560072-253756905-2351049174-1001, gid S-1-5-21-1398560072-253756905-2351049174-513›
I231210 16:14:14.099441 1 cli/start.go:504 ⋮ GEOS loaded from directory ‹C:\Program Files\cockroach-v20.2.3.windows-6.2-amd64\lib›
I231210 16:14:14.100037 1 cli/start.go:509 ⋮ starting cockroach node
E231210 16:14:15.064849 20 server/status/runtime.go:328 ⋮ [n?] could not get initial disk IO counters: Incorrect function.
I231210 16:14:20.911766 20 server/server.go:782 ⋮ [n?] monitoring forward clock jumps based on server.clock.forward_jump_check_enabled
I231210 16:14:32.469343 20 server/config.go:625 ⋮ [n?] 1 storage engine‹› initialized
I231210 16:14:32.469632 20 server/config.go:628 ⋮ [n?] ‹Pebble cache size: 128 MiB›
I231210 16:14:32.469726 20 server/config.go:628 ⋮ [n?] ‹store 0: RocksDB, max size 0 B, max open file limit 10000›
I231210 16:14:33.520025 103 server/server.go:1416 ⋮ [n?] connecting to gossip network to verify cluster ID ‹"82c4472b-2e0b-4098-a55e-d93881b12bd5"›
I231210 16:14:33.716626 20 gossip/gossip.go:403 ⋮ [n1] NodeDescriptor set to ‹node_id:1 address:<network_field:"tcp" address_field:"127.0.0.1:26257" > attrs:<> locality:<> ServerVersion:<major_val:20 minor_val:2 patch:0 unstable:0 > build_tag:"v20.2.3" started_at:1702224873716571700 cluster_name:"" sql_address:<network_field:"tcp" address_field:"127.0.0.1:26257" >›
I231210 16:14:34.350807 103 server/server.go:1419 ⋮ [n1] node connected via gossip
W231210 16:14:34.356790 173 kv/kvserver/replica_range_lease.go:555 ⋮ [n1,s1,r6/1:‹/Table/{SystemCon…-11}›] can't determine lease status of (n1,s1):1 due to node liveness error: node not in the liveness table
(1) attached stack trace
  -- stack trace:
  | github.com/cockroachdb/cockroach/pkg/kv/kvserver.init
  | 	/go/src/github.com/cockroachdb/cockroach/pkg/kv/kvserver/node_liveness.go:45
  | runtime.doInit
  | 	/usr/local/go/src/runtime/proc.go:5228
  | runtime.doInit
  | 	/usr/local/go/src/runtime/proc.go:5223
  | runtime.doInit
  | 	/usr/local/go/src/runtime/proc.go:5223
  | runtime.doInit
  | 	/usr/local/go/src/runtime/proc.go:5223
  | runtime.doInit
  | 	/usr/local/go/src/runtime/proc.go:5223
  | runtime.main
  | 	/usr/local/go/src/runtime/proc.go:190
  | runtime.goexit
  | 	/usr/local/go/src/runtime/asm_amd64.s:1357
Wraps: (2) node not in the liveness table
Error types: (1) *withstack.withStack (2) *errutil.leafError
W231210 16:14:34.371883 173 kv/kvserver/store.go:1704 ⋮ [n1,s1,r6/1:‹/Table/{SystemCon…-11}›] could not gossip system config: ‹[NotLeaseHolderError] r6: replica (n1,s1):1 not lease holder; lease holder unknown›
(1) ‹[NotLeaseHolderError] r6: replica (n1,s1):1 not lease holder; lease holder unknown›
Error types: (1) *roachpb.NotLeaseHolderError
W231210 16:14:34.425558 173 kv/kvserver/store.go:1704 ⋮ [n1,s1,r6/1:‹/Table/{SystemCon…-11}›] could not gossip system config: ‹[NotLeaseHolderError] r6: replica (n1,s1):1 not lease holder; lease holder unknown›
(1) ‹[NotLeaseHolderError] r6: replica (n1,s1):1 not lease holder; lease holder unknown›
Error types: (1) *roachpb.NotLeaseHolderError
I231210 16:14:34.516978 20 server/node.go:430 ⋮ [n1] initialized store [n1,s1]: disk (capacity=416 GiB, available=179 GiB, used=1.8 MiB, logicalBytes=24 MiB), ranges=35, leases=0, queries=0.00, writes=0.00, bytesPerReplica={p10=0.00 p25=0.00 p50=0.00 p75=1529.00 p90=19648.00 pMax=24933328.00}, writesPerReplica={p10=0.00 p25=0.00 p50=0.00 p75=0.00 p90=0.00 pMax=0.00}
W231210 16:14:34.544683 173 kv/kvserver/store.go:1704 ⋮ [n1,s1,r6/1:‹/Table/{SystemCon…-11}›] could not gossip system config: ‹[NotLeaseHolderError] r6: replica (n1,s1):1 not lease holder; lease holder unknown›
(1) ‹[NotLeaseHolderError] r6: replica (n1,s1):1 not lease holder; lease holder unknown›
Error types: (1) *roachpb.NotLeaseHolderError
I231210 16:14:34.545661 20 kv/kvserver/stores.go:236 ⋮ [n1] read 0 node addresses from persistent storage
I231210 16:14:34.755566 20 server/node.go:489 ⋮ [n1] started with engine type ‹2›
I231210 16:14:34.755753 20 server/node.go:491 ⋮ [n1] started with attributes ‹[]›
W231210 16:14:34.773780 173 kv/kvserver/store.go:1704 ⋮ [n1,s1,r6/1:‹/Table/{SystemCon…-11}›] could not gossip system config: ‹[NotLeaseHolderError] r6: replica (n1,s1):1 not lease holder; lease holder unknown›
(1) ‹[NotLeaseHolderError] r6: replica (n1,s1):1 not lease holder; lease holder unknown›
Error types: (1) *roachpb.NotLeaseHolderError
I231210 16:14:34.854885 20 server/goroutinedumper/goroutinedumper.go:120 ⋮ [n1] writing goroutine dumps to ‹D:\lain\cockroach-data\logs\goroutine_dump›
I231210 16:14:34.892034 20 server/heapprofiler/heapprofiler.go:49 ⋮ [n1] writing go heap profiles to ‹D:\lain\cockroach-data\logs\heap_profiler› at least every 1h0m0s
I231210 16:14:34.892458 20 server/heapprofiler/cgoprofiler.go:53 ⋮ [n1] to enable jmalloc profiling: "export MALLOC_CONF=prof:true" or "ln -s prof:true /etc/malloc.conf"
I231210 16:14:34.945371 20 server/heapprofiler/statsprofiler.go:54 ⋮ [n1] writing memory stats to ‹D:\lain\cockroach-data\logs\heap_profiler› at last every 1h0m0s
I231210 16:14:34.945598 20 server/server.go:1536 ⋮ [n1] starting http server at ‹127.0.0.1:8080› (use: ‹127.0.0.1:8080›)
I231210 16:14:34.945845 20 server/server.go:1543 ⋮ [n1] starting grpc/postgres server at ‹127.0.0.1:26257›
I231210 16:14:34.945952 20 server/server.go:1544 ⋮ [n1] advertising CockroachDB node at ‹127.0.0.1:26257›
W231210 16:14:35.206558 173 kv/kvserver/store.go:1704 ⋮ [n1,s1,r6/1:‹/Table/{SystemCon…-11}›] could not gossip system config: ‹[NotLeaseHolderError] r6: replica (n1,s1):1 not lease holder; lease holder unknown›
(1) ‹[NotLeaseHolderError] r6: replica (n1,s1):1 not lease holder; lease holder unknown›
Error types: (1) *roachpb.NotLeaseHolderError
I231210 16:14:35.412263 96 gossip/gossip.go:1508 ⋮ [n1] node has connected to cluster via gossip
I231210 16:14:35.450248 96 kv/kvserver/stores.go:255 ⋮ [n1] wrote 0 node addresses to persistent storage
I231210 16:14:35.981961 20 sql/sqlliveness/slinstance/slinstance.go:252 ⋮ [n1] starting SQL liveness instance
I231210 16:14:36.311604 234 sql/temporary_schema.go:497 ⋮ [n1] running temporary object cleanup background job
I231210 16:14:36.395525 20 server/server_sql.go:753 ⋮ [n1] done ensuring all necessary migrations have run
I231210 16:14:36.395638 20 server/server.go:1876 ⋮ [n1] serving sql connections
W231210 16:14:36.471378 146 kv/kvserver/store_raft.go:493 ⋮ [n1,s1,r4/1:‹/System{/tsd-tse}›] handle raft ready: 0.5s [applied=1, batches=1, state_assertions=0]
I231210 16:14:36.544430 20 cli/start.go:670 ⋮ [config] clusterID: ‹82c4472b-2e0b-4098-a55e-d93881b12bd5›
I231210 16:14:36.544683 20 cli/start.go:680 ⋮ node startup completed:
CockroachDB node starting at 2023-12-10 16:14:36.5439634 +0000 UTC (took 27.2s)
build:               CCL v20.2.3 @ 2020/12/14 18:43:04 (go1.13.14)
webui:               ‹http://127.0.0.1:8080›
sql:                 ‹postgresql://root@127.0.0.1:26257?sslmode=disable›
RPC client flags:    ‹C:\Program Files\cockroach-v20.2.3.windows-6.2-amd64\cockroach.exe <client cmd> --host=127.0.0.1:26257 --insecure›
logs:                ‹D:\lain\cockroach-data\logs›
temp dir:            ‹D:\lain\cockroach-data\cockroach-temp193569811›
external I/O path:   ‹D:\lain\cockroach-data\extern›
store[0]:            ‹path=D:\lain\cockroach-data›
storage engine:      pebble
status:              restarted pre-existing node
clusterID:           ‹82c4472b-2e0b-4098-a55e-d93881b12bd5›
nodeID:              1
I231210 16:14:36.609424 253 jobs/job_scheduler.go:346 ⋮ [n1] waiting 4m0s before scheduled jobs daemon start
W231210 16:14:36.808258 161 kv/kvserver/store_raft.go:493 ⋮ [n1,s1,r6/1:‹/Table/{SystemCon…-11}›] handle raft ready: 0.5s [applied=3, batches=2, state_assertions=0]
I231210 16:14:37.235275 234 sql/temporary_schema.go:532 ⋮ [n1] found 0 temporary schemas
I231210 16:14:37.235628 234 sql/temporary_schema.go:535 ⋮ [n1] early exiting temporary schema cleaner as no temporary schemas were found
I231210 16:14:37.235870 234 sql/temporary_schema.go:536 ⋮ [n1] completed temporary object cleanup job
I231210 16:14:37.327500 234 sql/temporary_schema.go:614 ⋮ [n1] temporary object cleaner next scheduled to run at 2023-12-10 16:44:36.0821704 +0000 UTC
I231210 16:14:38.571999 254 server/server_update.go:55 ⋮ [n1] no need to upgrade, cluster already at the newest version
I231210 16:14:38.662736 230 sql/event_log.go:162 ⋮ [n1] Event: ‹"node_restart"›, target: 1, info: ‹{Descriptor:{NodeID:1 Address:127.0.0.1:26257 Attrs: Locality: ServerVersion:20.2 BuildTag:v20.2.3 StartedAt:1702224873716571700 LocalityAddress:[] ClusterName: SQLAddress:127.0.0.1:26257} ClusterID:82c4472b-2e0b-4098-a55e-d93881b12bd5 StartedAt:1702224873716571700 LastUp:1702193005998602500}›
I231210 16:14:38.778477 232 sql/sqlliveness/slstorage/slstorage.go:342 ⋮ [n1] inserted sqlliveness session ‹4640a826551e4d90bd5473c6ff21b232›
I231210 16:14:38.778610 232 sql/sqlliveness/slinstance/slinstance.go:143 ⋮ [n1] created new SQL liveness session ‹4640a826551e4d90bd5473c6ff21b232›
W231210 16:14:45.036260 180 server/status/runtime.go:449 ⋮ [n1] unable to get file descriptor usage (will not try again): ‹not implemented on windows›
W231210 16:14:45.037052 180 server/status/runtime.go:459 ⋮ [n1] problem fetching disk stats: Incorrect function.; disk stats will be empty.
I231210 16:14:45.056527 180 server/status/runtime.go:522 ⋮ [n1] runtime stats: 86 MiB RSS, 164 goroutines, 19 MiB/20 MiB/38 MiB GO alloc/idle/total, 710 KiB/1.5 MiB CGO alloc/total, 0.0 CGO/sec, 0.0/0.0 %(u/s)time, 0.0 %gc (23x), 2.4 KiB/5.7 KiB (r/w)net
I231210 16:14:54.845415 128 kv/kvserver/store.go:2638 ⋮ [n1,s1] sstables (read amplification = 1):
‹6 [ 809K 1 ]: 809K›
I231210 16:14:54.846651 128 kv/kvserver/store.go:2639 ⋮ [n1,s1] ‹›
‹__level_____count____size___score______in__ingest(sz_cnt)____move(sz_cnt)___write(sz_cnt)____read___r-amp___w-amp›
‹    WAL         2   555 K       -   552 K       -       -       -       -   555 K       -       -       -     1.0›
‹      0         0     0 B    0.00     0 B     0 B       0     0 B       0     0 B       0     0 B       0     0.0›
‹      1         0     0 B    0.00     0 B     0 B       0     0 B       0     0 B       0     0 B       0     0.0›
‹      2         0     0 B    0.00     0 B     0 B       0     0 B       0     0 B       0     0 B       0     0.0›
‹      3         0     0 B    0.00     0 B     0 B       0     0 B       0     0 B       0     0 B       0     0.0›
‹      4         0     0 B    0.00     0 B     0 B       0     0 B       0     0 B       0     0 B       0     0.0›
‹      5         0     0 B    0.00     0 B     0 B       0     0 B       0     0 B       0     0 B       0     0.0›
‹      6         1   809 K       -   407 K     0 B       0     0 B       0   809 K       1   978 K       1     2.0›
‹  total         1   809 K       -   555 K     0 B       0     0 B       0   1.3 M       1   978 K       1     2.5›
‹  flush         0›
‹compact         1     0 B          (size == estimated-debt)›
‹ memtbl         2    64 M›
‹zmemtbl         0     0 B›
‹   ztbl         0     0 B›
‹ bcache        13   406 K   87.8%  (score == hit-rate)›
‹ tcache         1   616 B   99.5%  (score == hit-rate)›
‹ titers         0›
‹ filter         -       -   83.3%  (score == utility)›
W231210 16:14:55.017594 180 server/status/runtime.go:459 ⋮ [n1] problem fetching disk stats: Incorrect function.; disk stats will be empty.
I231210 16:14:55.033631 180 server/status/runtime.go:522 ⋮ [n1] runtime stats: 88 MiB RSS, 164 goroutines, 17 MiB/20 MiB/38 MiB GO alloc/idle/total, 710 KiB/1.5 MiB CGO alloc/total, 854.4 CGO/sec, 3.8/1.6 %(u/s)time, 0.0 %gc (1x), 86 B/141 B (r/w)net
I231210 16:14:57.283415 231 sql/sqlliveness/slstorage/slstorage.go:320 ⋮ [n1] deleted 1 expired SQL liveness sessions
W231210 16:15:05.020395 180 server/status/runtime.go:459 ⋮ [n1] problem fetching disk stats: Incorrect function.; disk stats will be empty.
I231210 16:15:05.038515 180 server/status/runtime.go:522 ⋮ [n1] runtime stats: 88 MiB RSS, 164 goroutines, 24 MiB/14 MiB/38 MiB GO alloc/idle/total, 710 KiB/1.5 MiB CGO alloc/total, 1086.4 CGO/sec, 1.9/1.2 %(u/s)time, 0.0 %gc (0x), 3.4 KiB/15 KiB (r/w)net
W231210 16:15:13.865545 157 kv/kvserver/store_raft.go:493 ⋮ [n1,s1,r1/1:‹/{Min-System/NodeL…}›] handle raft ready: 1.3s [applied=1, batches=1, state_assertions=0]
W231210 16:15:15.019745 180 server/status/runtime.go:459 ⋮ [n1] problem fetching disk stats: Incorrect function.; disk stats will be empty.
I231210 16:15:15.039715 180 server/status/runtime.go:522 ⋮ [n1] runtime stats: 92 MiB RSS, 165 goroutines, 20 MiB/17 MiB/42 MiB GO alloc/idle/total, 710 KiB/1.5 MiB CGO alloc/total, 1324.2 CGO/sec, 3.9/2.3 %(u/s)time, 0.2 %gc (1x), 7.2 KiB/5.1 KiB (r/w)net
W231210 16:15:20.165525 150 kv/kvserver/store_raft.go:493 ⋮ [n1,s1,r35/1:‹/{Table/39-Max}›] handle raft ready: 0.5s [applied=2, batches=1, state_assertions=0]
W231210 16:15:25.020264 180 server/status/runtime.go:459 ⋮ [n1] problem fetching disk stats: Incorrect function.; disk stats will be empty.
I231210 16:15:25.039435 180 server/status/runtime.go:522 ⋮ [n1] runtime stats: 92 MiB RSS, 165 goroutines, 27 MiB/11 MiB/42 MiB GO alloc/idle/total, 710 KiB/1.5 MiB CGO alloc/total, 1278.3 CGO/sec, 1.7/0.8 %(u/s)time, 0.0 %gc (0x), 7.9 KiB/6.4 KiB (r/w)net
I231210 16:15:34.853692 129 gossip/gossip.go:568 ⋮ [n1] gossip status (ok, 1 node‹›)
gossip client (0/3 cur/max conns)
gossip server (0/3 cur/max conns, infos 0/0 sent/received, bytes 0B/0B sent/received)
gossip connectivity
  n1 [sentinel];
W231210 16:15:35.103404 180 server/status/runtime.go:459 ⋮ [n1] problem fetching disk stats: Incorrect function.; disk stats will be empty.
I231210 16:15:35.124333 180 server/status/runtime.go:522 ⋮ [n1] runtime stats: 95 MiB RSS, 167 goroutines, 21 MiB/16 MiB/44 MiB GO alloc/idle/total, 710 KiB/1.5 MiB CGO alloc/total, 1328.3 CGO/sec, 3.7/1.2 %(u/s)time, 0.0 %gc (1x), 86 B/86 B (r/w)net
W231210 16:15:45.091115 180 server/status/runtime.go:459 ⋮ [n1] problem fetching disk stats: Incorrect function.; disk stats will be empty.
I231210 16:15:45.143627 180 server/status/runtime.go:522 ⋮ [n1] runtime stats: 95 MiB RSS, 164 goroutines, 29 MiB/8.9 MiB/44 MiB GO alloc/idle/total, 710 KiB/1.5 MiB CGO alloc/total, 1290.0 CGO/sec, 2.2/1.1 %(u/s)time, 0.0 %gc (0x), 113 KiB/22 KiB (r/w)net
W231210 16:15:55.094094 180 server/status/runtime.go:459 ⋮ [n1] problem fetching disk stats: Incorrect function.; disk stats will be empty.
I231210 16:15:55.119560 180 server/status/runtime.go:522 ⋮ [n1] runtime stats: 96 MiB RSS, 164 goroutines, 23 MiB/14 MiB/44 MiB GO alloc/idle/total, 710 KiB/1.5 MiB CGO alloc/total, 1130.7 CGO/sec, 2.2/1.6 %(u/s)time, 0.0 %gc (1x), 294 KiB/53 KiB (r/w)net
W231210 16:16:05.094236 180 server/status/runtime.go:459 ⋮ [n1] problem fetching disk stats: Incorrect function.; disk stats will be empty.
I231210 16:16:05.118848 180 server/status/runtime.go:522 ⋮ [n1] runtime stats: 96 MiB RSS, 164 goroutines, 30 MiB/8.4 MiB/44 MiB GO alloc/idle/total, 710 KiB/1.5 MiB CGO alloc/total, 1113.2 CGO/sec, 4.5/1.7 %(u/s)time, 0.0 %gc (0x), 254 KiB/38 KiB (r/w)net
W231210 16:16:15.102695 180 server/status/runtime.go:459 ⋮ [n1] problem fetching disk stats: Incorrect function.; disk stats will be empty.
I231210 16:16:15.133095 180 server/status/runtime.go:522 ⋮ [n1] runtime stats: 96 MiB RSS, 165 goroutines, 23 MiB/14 MiB/44 MiB GO alloc/idle/total, 710 KiB/1.5 MiB CGO alloc/total, 1148.9 CGO/sec, 4.7/1.6 %(u/s)time, 0.0 %gc (1x), 255 KiB/48 KiB (r/w)net
W231210 16:16:25.103233 180 server/status/runtime.go:459 ⋮ [n1] problem fetching disk stats: Incorrect function.; disk stats will be empty.
I231210 16:16:25.129120 180 server/status/runtime.go:522 ⋮ [n1] runtime stats: 97 MiB RSS, 165 goroutines, 30 MiB/8.6 MiB/44 MiB GO alloc/idle/total, 711 KiB/1.5 MiB CGO alloc/total, 1119.1 CGO/sec, 3.6/1.4 %(u/s)time, 0.0 %gc (0x), 261 KiB/22 KiB (r/w)net
I231210 16:16:34.830564 129 gossip/gossip.go:568 ⋮ [n1] gossip status (ok, 1 node‹›)
gossip client (0/3 cur/max conns)
gossip server (0/3 cur/max conns, infos 0/0 sent/received, bytes 0B/0B sent/received)
W231210 16:16:35.117538 180 server/status/runtime.go:459 ⋮ [n1] problem fetching disk stats: Incorrect function.; disk stats will be empty.
I231210 16:16:35.147834 180 server/status/runtime.go:522 ⋮ [n1] runtime stats: 97 MiB RSS, 165 goroutines, 23 MiB/14 MiB/44 MiB GO alloc/idle/total, 711 KiB/1.5 MiB CGO alloc/total, 1141.1 CGO/sec, 3.6/2.2 %(u/s)time, 0.0 %gc (1x), 223 KiB/31 KiB (r/w)net
W231210 16:16:45.127662 180 server/status/runtime.go:459 ⋮ [n1] problem fetching disk stats: Incorrect function.; disk stats will be empty.
I231210 16:16:45.160791 180 server/status/runtime.go:522 ⋮ [n1] runtime stats: 97 MiB RSS, 164 goroutines, 31 MiB/6.8 MiB/44 MiB GO alloc/idle/total, 711 KiB/1.5 MiB CGO alloc/total, 1295.1 CGO/sec, 4.4/0.6 %(u/s)time, 0.0 %gc (0x), 217 KiB/33 KiB (r/w)net
W231210 16:16:55.126707 180 server/status/runtime.go:459 ⋮ [n1] problem fetching disk stats: Incorrect function.; disk stats will be empty.
I231210 16:16:55.133563 180 server/status/runtime.go:522 ⋮ [n1] runtime stats: 98 MiB RSS, 164 goroutines, 25 MiB/11 MiB/44 MiB GO alloc/idle/total, 711 KiB/1.5 MiB CGO alloc/total, 1127.6 CGO/sec, 3.3/1.4 %(u/s)time, 0.0 %gc (1x), 256 KiB/42 KiB (r/w)net
W231210 16:17:05.129112 180 server/status/runtime.go:459 ⋮ [n1] problem fetching disk stats: Incorrect function.; disk stats will be empty.
I231210 16:17:05.158067 180 server/status/runtime.go:522 ⋮ [n1] runtime stats: 99 MiB RSS, 164 goroutines, 32 MiB/5.5 MiB/44 MiB GO alloc/idle/total, 711 KiB/1.5 MiB CGO alloc/total, 1125.4 CGO/sec, 3.6/1.7 %(u/s)time, 0.0 %gc (0x), 218 KiB/45 KiB (r/w)net
W231210 16:17:15.128478 180 server/status/runtime.go:459 ⋮ [n1] problem fetching disk stats: Incorrect function.; disk stats will be empty.
I231210 16:17:15.150112 180 server/status/runtime.go:522 ⋮ [n1] runtime stats: 99 MiB RSS, 165 goroutines, 23 MiB/14 MiB/45 MiB GO alloc/idle/total, 711 KiB/1.5 MiB CGO alloc/total, 1142.3 CGO/sec, 4.7/0.9 %(u/s)time, 0.0 %gc (1x), 561 KiB/26 KiB (r/w)net
W231210 16:17:25.129059 180 server/status/runtime.go:459 ⋮ [n1] problem fetching disk stats: Incorrect function.; disk stats will be empty.
I231210 16:17:25.168461 180 server/status/runtime.go:522 ⋮ [n1] runtime stats: 100 MiB RSS, 165 goroutines, 30 MiB/8.0 MiB/45 MiB GO alloc/idle/total, 711 KiB/1.5 MiB CGO alloc/total, 1107.0 CGO/sec, 1.9/0.9 %(u/s)time, 0.0 %gc (0x), 484 B/582 B (r/w)net
I231210 16:17:34.849212 129 gossip/gossip.go:568 ⋮ [n1] gossip status (ok, 1 node‹›)
gossip client (0/3 cur/max conns)
gossip server (0/3 cur/max conns, infos 0/0 sent/received, bytes 0B/0B sent/received)
W231210 16:17:35.135494 180 server/status/runtime.go:459 ⋮ [n1] problem fetching disk stats: Incorrect function.; disk stats will be empty.
I231210 16:17:35.157817 180 server/status/runtime.go:522 ⋮ [n1] runtime stats: 100 MiB RSS, 165 goroutines, 22 MiB/15 MiB/45 MiB GO alloc/idle/total, 711 KiB/1.5 MiB CGO alloc/total, 1157.9 CGO/sec, 2.7/1.9 %(u/s)time, 0.0 %gc (1x), 9.2 KiB/5.5 KiB (r/w)net
W231210 16:17:45.135658 180 server/status/runtime.go:459 ⋮ [n1] problem fetching disk stats: Incorrect function.; disk stats will be empty.
I231210 16:17:45.160930 180 server/status/runtime.go:522 ⋮ [n1] runtime stats: 101 MiB RSS, 164 goroutines, 30 MiB/7.6 MiB/45 MiB GO alloc/idle/total, 711 KiB/1.5 MiB CGO alloc/total, 1282.3 CGO/sec, 3.3/1.7 %(u/s)time, 0.0 %gc (0x), 5.3 KiB/6.7 KiB (r/w)net
W231210 16:17:55.136734 180 server/status/runtime.go:459 ⋮ [n1] problem fetching disk stats: Incorrect function.; disk stats will be empty.
I231210 16:17:55.161741 180 server/status/runtime.go:522 ⋮ [n1] runtime stats: 101 MiB RSS, 164 goroutines, 22 MiB/14 MiB/46 MiB GO alloc/idle/total, 711 KiB/1.5 MiB CGO alloc/total, 1094.2 CGO/sec, 1.7/1.1 %(u/s)time, 0.1 %gc (1x), 1.4 KiB/1.9 KiB (r/w)net
W231210 16:18:05.135993 180 server/status/runtime.go:459 ⋮ [n1] problem fetching disk stats: Incorrect function.; disk stats will be empty.
I231210 16:18:05.157930 180 server/status/runtime.go:522 ⋮ [n1] runtime stats: 102 MiB RSS, 164 goroutines, 29 MiB/8.9 MiB/46 MiB GO alloc/idle/total, 711 KiB/1.5 MiB CGO alloc/total, 1119.8 CGO/sec, 2.5/0.3 %(u/s)time, 0.0 %gc (0x), 47 KiB/11 KiB (r/w)net
W231210 16:18:15.137630 180 server/status/runtime.go:459 ⋮ [n1] problem fetching disk stats: Incorrect function.; disk stats will be empty.
I231210 16:18:15.164862 180 server/status/runtime.go:522 ⋮ [n1] runtime stats: 102 MiB RSS, 165 goroutines, 20 MiB/16 MiB/46 MiB GO alloc/idle/total, 711 KiB/1.5 MiB CGO alloc/total, 1137.1 CGO/sec, 2.8/1.6 %(u/s)time, 0.0 %gc (1x), 141 KiB/26 KiB (r/w)net
W231210 16:18:25.137214 180 server/status/runtime.go:459 ⋮ [n1] problem fetching disk stats: Incorrect function.; disk stats will be empty.
I231210 16:18:25.145981 180 server/status/runtime.go:522 ⋮ [n1] runtime stats: 102 MiB RSS, 165 goroutines, 27 MiB/11 MiB/46 MiB GO alloc/idle/total, 711 KiB/1.5 MiB CGO alloc/total, 1104.7 CGO/sec, 3.1/0.8 %(u/s)time, 0.0 %gc (0x), 30 KiB/40 KiB (r/w)net
I231210 16:18:34.855968 129 gossip/gossip.go:568 ⋮ [n1] gossip status (ok, 1 node‹›)
gossip client (0/3 cur/max conns)
gossip server (0/3 cur/max conns, infos 0/0 sent/received, bytes 0B/0B sent/received)
W231210 16:18:35.138103 180 server/status/runtime.go:459 ⋮ [n1] problem fetching disk stats: Incorrect function.; disk stats will be empty.
I231210 16:18:35.169058 180 server/status/runtime.go:522 ⋮ [n1] runtime stats: 101 MiB RSS, 166 goroutines, 18 MiB/18 MiB/44 MiB GO alloc/idle/total, 711 KiB/1.5 MiB CGO alloc/total, 1126.4 CGO/sec, 3.4/1.2 %(u/s)time, 0.0 %gc (1x), 163 KiB/30 KiB (r/w)net
W231210 16:18:45.137967 180 server/status/runtime.go:459 ⋮ [n1] problem fetching disk stats: Incorrect function.; disk stats will be empty.
I231210 16:18:45.148820 180 server/status/runtime.go:522 ⋮ [n1] runtime stats: 102 MiB RSS, 164 goroutines, 28 MiB/10 MiB/44 MiB GO alloc/idle/total, 711 KiB/1.5 MiB CGO alloc/total, 1319.7 CGO/sec, 4.2/1.6 %(u/s)time, 0.0 %gc (0x), 980 KiB/53 KiB (r/w)net
W231210 16:18:55.139401 180 server/status/runtime.go:459 ⋮ [n1] problem fetching disk stats: Incorrect function.; disk stats will be empty.
I231210 16:18:55.159178 180 server/status/runtime.go:522 ⋮ [n1] runtime stats: 102 MiB RSS, 164 goroutines, 20 MiB/16 MiB/44 MiB GO alloc/idle/total, 711 KiB/1.5 MiB CGO alloc/total, 1047.9 CGO/sec, 2.8/0.9 %(u/s)time, 0.0 %gc (1x), 1.2 MiB/95 KiB (r/w)net
W231210 16:19:05.138632 180 server/status/runtime.go:459 ⋮ [n1] problem fetching disk stats: Incorrect function.; disk stats will be empty.
I231210 16:19:05.146976 180 server/status/runtime.go:522 ⋮ [n1] runtime stats: 102 MiB RSS, 164 goroutines, 27 MiB/11 MiB/44 MiB GO alloc/idle/total, 711 KiB/1.5 MiB CGO alloc/total, 1067.9 CGO/sec, 3.3/1.4 %(u/s)time, 0.0 %gc (0x), 208 KiB/54 KiB (r/w)net
W231210 16:19:15.141481 180 server/status/runtime.go:459 ⋮ [n1] problem fetching disk stats: Incorrect function.; disk stats will be empty.
I231210 16:19:15.164379 180 server/status/runtime.go:522 ⋮ [n1] runtime stats: 103 MiB RSS, 165 goroutines, 18 MiB/18 MiB/44 MiB GO alloc/idle/total, 711 KiB/1.5 MiB CGO alloc/total, 1086.7 CGO/sec, 4.4/0.5 %(u/s)time, 0.0 %gc (1x), 1.0 MiB/56 KiB (r/w)net
W231210 16:19:25.141683 180 server/status/runtime.go:459 ⋮ [n1] problem fetching disk stats: Incorrect function.; disk stats will be empty.
I231210 16:19:25.162190 180 server/status/runtime.go:522 ⋮ [n1] runtime stats: 103 MiB RSS, 165 goroutines, 25 MiB/12 MiB/44 MiB GO alloc/idle/total, 711 KiB/1.5 MiB CGO alloc/total, 1070.7 CGO/sec, 1.7/0.6 %(u/s)time, 0.0 %gc (0x), 512 KiB/78 KiB (r/w)net
I231210 16:19:34.829378 129 gossip/gossip.go:568 ⋮ [n1] gossip status (ok, 1 node‹›)
gossip client (0/3 cur/max conns)
gossip server (0/3 cur/max conns, infos 0/0 sent/received, bytes 0B/0B sent/received)
W231210 16:19:35.143248 180 server/status/runtime.go:459 ⋮ [n1] problem fetching disk stats: Incorrect function.; disk stats will be empty.
I231210 16:19:35.167908 180 server/status/runtime.go:522 ⋮ [n1] runtime stats: 103 MiB RSS, 165 goroutines, 17 MiB/18 MiB/44 MiB GO alloc/idle/total, 711 KiB/1.5 MiB CGO alloc/total, 1078.5 CGO/sec, 3.0/1.1 %(u/s)time, 0.0 %gc (1x), 624 B/558 B (r/w)net
W231210 16:19:45.153856 180 server/status/runtime.go:459 ⋮ [n1] problem fetching disk stats: Incorrect function.; disk stats will be empty.
I231210 16:19:45.196593 180 server/status/runtime.go:522 ⋮ [n1] runtime stats: 104 MiB RSS, 164 goroutines, 27 MiB/11 MiB/44 MiB GO alloc/idle/total, 711 KiB/1.5 MiB CGO alloc/total, 1289.3 CGO/sec, 3.3/0.6 %(u/s)time, 0.0 %gc (0x), 1.8 KiB/1012 B (r/w)net
W231210 16:19:55.149526 180 server/status/runtime.go:459 ⋮ [n1] problem fetching disk stats: Incorrect function.; disk stats will be empty.
I231210 16:19:55.182573 180 server/status/runtime.go:522 ⋮ [n1] runtime stats: 104 MiB RSS, 164 goroutines, 20 MiB/16 MiB/44 MiB GO alloc/idle/total, 711 KiB/1.5 MiB CGO alloc/total, 1075.7 CGO/sec, 3.1/1.6 %(u/s)time, 0.0 %gc (1x), 124 KiB/29 KiB (r/w)net
W231210 16:20:05.149696 180 server/status/runtime.go:459 ⋮ [n1] problem fetching disk stats: Incorrect function.; disk stats will be empty.
I231210 16:20:05.185496 180 server/status/runtime.go:522 ⋮ [n1] runtime stats: 104 MiB RSS, 164 goroutines, 27 MiB/11 MiB/44 MiB GO alloc/idle/total, 711 KiB/1.5 MiB CGO alloc/total, 1066.8 CGO/sec, 3.9/1.7 %(u/s)time, 0.0 %gc (0x), 479 KiB/101 KiB (r/w)net
W231210 16:20:15.149754 180 server/status/runtime.go:459 ⋮ [n1] problem fetching disk stats: Incorrect function.; disk stats will be empty.
I231210 16:20:15.177703 180 server/status/runtime.go:522 ⋮ [n1] runtime stats: 105 MiB RSS, 165 goroutines, 17 MiB/18 MiB/44 MiB GO alloc/idle/total, 711 KiB/1.5 MiB CGO alloc/total, 1084.6 CGO/sec, 3.6/1.4 %(u/s)time, 0.0 %gc (1x), 792 KiB/47 KiB (r/w)net
W231210 16:20:25.148975 180 server/status/runtime.go:459 ⋮ [n1] problem fetching disk stats: Incorrect function.; disk stats will be empty.
I231210 16:20:25.175177 180 server/status/runtime.go:522 ⋮ [n1] runtime stats: 105 MiB RSS, 165 goroutines, 25 MiB/12 MiB/44 MiB GO alloc/idle/total, 711 KiB/1.5 MiB CGO alloc/total, 1063.8 CGO/sec, 2.8/1.4 %(u/s)time, 0.0 %gc (0x), 1.7 KiB/746 B (r/w)net
I231210 16:20:34.857105 129 gossip/gossip.go:568 ⋮ [n1] gossip status (ok, 1 node‹›)
gossip client (0/3 cur/max conns)
gossip server (0/3 cur/max conns, infos 0/0 sent/received, bytes 0B/0B sent/received)
W231210 16:20:35.161915 180 server/status/runtime.go:459 ⋮ [n1] problem fetching disk stats: Incorrect function.; disk stats will be empty.
I231210 16:20:35.179382 180 server/status/runtime.go:522 ⋮ [n1] runtime stats: 105 MiB RSS, 165 goroutines, 32 MiB/6.2 MiB/44 MiB GO alloc/idle/total, 711 KiB/1.5 MiB CGO alloc/total, 1088.2 CGO/sec, 1.6/1.6 %(u/s)time, 0.0 %gc (0x), 13 KiB/9.8 KiB (r/w)net
W231210 16:20:45.163211 180 server/status/runtime.go:459 ⋮ [n1] problem fetching disk stats: Incorrect function.; disk stats will be empty.
I231210 16:20:45.189419 180 server/status/runtime.go:522 ⋮ [n1] runtime stats: 106 MiB RSS, 164 goroutines, 26 MiB/12 MiB/44 MiB GO alloc/idle/total, 711 KiB/1.5 MiB CGO alloc/total, 1292.0 CGO/sec, 5.8/1.7 %(u/s)time, 0.0 %gc (1x), 933 KiB/79 KiB (r/w)net
W231210 16:20:55.161973 180 server/status/runtime.go:459 ⋮ [n1] problem fetching disk stats: Incorrect function.; disk stats will be empty.
I231210 16:20:55.171239 180 server/status/runtime.go:522 ⋮ [n1] runtime stats: 106 MiB RSS, 164 goroutines, 33 MiB/5.5 MiB/44 MiB GO alloc/idle/total, 711 KiB/1.5 MiB CGO alloc/total, 1060.7 CGO/sec, 3.0/1.7 %(u/s)time, 0.0 %gc (0x), 1.4 MiB/71 KiB (r/w)net
W231210 16:21:05.173707 180 server/status/runtime.go:459 ⋮ [n1] problem fetching disk stats: Incorrect function.; disk stats will be empty.
I231210 16:21:05.196598 180 server/status/runtime.go:522 ⋮ [n1] runtime stats: 107 MiB RSS, 164 goroutines, 26 MiB/11 MiB/45 MiB GO alloc/idle/total, 711 KiB/1.5 MiB CGO alloc/total, 1088.5 CGO/sec, 3.1/1.1 %(u/s)time, 0.0 %gc (1x), 1.1 MiB/170 KiB (r/w)net
W231210 16:21:15.175566 180 server/status/runtime.go:459 ⋮ [n1] problem fetching disk stats: Incorrect function.; disk stats will be empty.
I231210 16:21:15.201684 180 server/status/runtime.go:522 ⋮ [n1] runtime stats: 107 MiB RSS, 165 goroutines, 33 MiB/5.2 MiB/45 MiB GO alloc/idle/total, 711 KiB/1.5 MiB CGO alloc/total, 1089.6 CGO/sec, 3.1/0.9 %(u/s)time, 0.0 %gc (0x), 1.4 MiB/126 KiB (r/w)net
W231210 16:21:25.176204 180 server/status/runtime.go:459 ⋮ [n1] problem fetching disk stats: Incorrect function.; disk stats will be empty.
I231210 16:21:25.217511 180 server/status/runtime.go:522 ⋮ [n1] runtime stats: 108 MiB RSS, 165 goroutines, 26 MiB/11 MiB/46 MiB GO alloc/idle/total, 711 KiB/1.5 MiB CGO alloc/total, 1104.4 CGO/sec, 5.2/1.7 %(u/s)time, 0.0 %gc (1x), 1.2 MiB/238 KiB (r/w)net
I231210 16:21:34.835513 129 gossip/gossip.go:568 ⋮ [n1] gossip status (ok, 1 node‹›)
gossip client (0/3 cur/max conns)
gossip server (0/3 cur/max conns, infos 0/0 sent/received, bytes 0B/0B sent/received)
W231210 16:21:35.181588 180 server/status/runtime.go:459 ⋮ [n1] problem fetching disk stats: Incorrect function.; disk stats will be empty.
I231210 16:21:35.192991 180 server/status/runtime.go:522 ⋮ [n1] runtime stats: 109 MiB RSS, 166 goroutines, 33 MiB/4.5 MiB/46 MiB GO alloc/idle/total, 711 KiB/1.5 MiB CGO alloc/total, 1078.3 CGO/sec, 1.9/1.3 %(u/s)time, 0.0 %gc (0x), 863 KiB/95 KiB (r/w)net
W231210 16:21:45.181536 180 server/status/runtime.go:459 ⋮ [n1] problem fetching disk stats: Incorrect function.; disk stats will be empty.
I231210 16:21:45.195550 180 server/status/runtime.go:522 ⋮ [n1] runtime stats: 110 MiB RSS, 164 goroutines, 26 MiB/12 MiB/47 MiB GO alloc/idle/total, 711 KiB/1.5 MiB CGO alloc/total, 1291.3 CGO/sec, 4.7/2.2 %(u/s)time, 0.0 %gc (1x), 977 KiB/146 KiB (r/w)net
W231210 16:21:55.183866 180 server/status/runtime.go:459 ⋮ [n1] problem fetching disk stats: Incorrect function.; disk stats will be empty.
I231210 16:21:55.214467 180 server/status/runtime.go:522 ⋮ [n1] runtime stats: 110 MiB RSS, 164 goroutines, 32 MiB/5.9 MiB/47 MiB GO alloc/idle/total, 711 KiB/1.5 MiB CGO alloc/total, 1057.3 CGO/sec, 2.2/1.7 %(u/s)time, 0.0 %gc (0x), 1.2 MiB/165 KiB (r/w)net
W231210 16:22:05.183883 180 server/status/runtime.go:459 ⋮ [n1] problem fetching disk stats: Incorrect function.; disk stats will be empty.
I231210 16:22:05.209075 180 server/status/runtime.go:522 ⋮ [n1] runtime stats: 109 MiB RSS, 165 goroutines, 22 MiB/14 MiB/45 MiB GO alloc/idle/total, 711 KiB/1.5 MiB CGO alloc/total, 1064.5 CGO/sec, 4.7/1.1 %(u/s)time, 0.0 %gc (1x), 610 KiB/46 KiB (r/w)net
W231210 16:22:15.184471 180 server/status/runtime.go:459 ⋮ [n1] problem fetching disk stats: Incorrect function.; disk stats will be empty.
I231210 16:22:15.211330 180 server/status/runtime.go:522 ⋮ [n1] runtime stats: 109 MiB RSS, 165 goroutines, 30 MiB/7.8 MiB/45 MiB GO alloc/idle/total, 711 KiB/1.5 MiB CGO alloc/total, 1087.5 CGO/sec, 3.0/1.6 %(u/s)time, 0.0 %gc (0x), 4.5 KiB/5.5 KiB (r/w)net
W231210 16:22:25.185622 180 server/status/runtime.go:459 ⋮ [n1] problem fetching disk stats: Incorrect function.; disk stats will be empty.
I231210 16:22:25.206268 180 server/status/runtime.go:522 ⋮ [n1] runtime stats: 110 MiB RSS, 165 goroutines, 21 MiB/15 MiB/45 MiB GO alloc/idle/total, 711 KiB/1.5 MiB CGO alloc/total, 1055.8 CGO/sec, 3.4/1.3 %(u/s)time, 0.0 %gc (1x), 4.9 KiB/7.2 KiB (r/w)net
I231210 16:22:34.829789 129 gossip/gossip.go:568 ⋮ [n1] gossip status (ok, 1 node‹›)
gossip client (0/3 cur/max conns)
gossip server (0/3 cur/max conns, infos 0/0 sent/received, bytes 0B/0B sent/received)
W231210 16:22:35.185297 180 server/status/runtime.go:459 ⋮ [n1] problem fetching disk stats: Incorrect function.; disk stats will be empty.
I231210 16:22:35.213356 180 server/status/runtime.go:522 ⋮ [n1] runtime stats: 110 MiB RSS, 165 goroutines, 28 MiB/9.7 MiB/45 MiB GO alloc/idle/total, 711 KiB/1.5 MiB CGO alloc/total, 1080.0 CGO/sec, 4.4/1.2 %(u/s)time, 0.0 %gc (0x), 20 KiB/15 KiB (r/w)net
W231210 16:22:45.186820 180 server/status/runtime.go:459 ⋮ [n1] problem fetching disk stats: Incorrect function.; disk stats will be empty.
I231210 16:22:45.208751 180 server/status/runtime.go:522 ⋮ [n1] runtime stats: 110 MiB RSS, 164 goroutines, 20 MiB/17 MiB/45 MiB GO alloc/idle/total, 711 KiB/1.5 MiB CGO alloc/total, 1281.9 CGO/sec, 6.3/0.9 %(u/s)time, 0.0 %gc (1x), 37 KiB/27 KiB (r/w)net
W231210 16:22:55.190096 180 server/status/runtime.go:459 ⋮ [n1] problem fetching disk stats: Incorrect function.; disk stats will be empty.
I231210 16:22:55.213943 180 server/status/runtime.go:522 ⋮ [n1] runtime stats: 111 MiB RSS, 164 goroutines, 27 MiB/11 MiB/45 MiB GO alloc/idle/total, 711 KiB/1.5 MiB CGO alloc/total, 1071.1 CGO/sec, 3.6/1.4 %(u/s)time, 0.0 %gc (0x), 39 KiB/24 KiB (r/w)net
W231210 16:23:05.193255 180 server/status/runtime.go:459 ⋮ [n1] problem fetching disk stats: Incorrect function.; disk stats will be empty.
I231210 16:23:05.259415 180 server/status/runtime.go:522 ⋮ [n1] runtime stats: 110 MiB RSS, 164 goroutines, 18 MiB/17 MiB/44 MiB GO alloc/idle/total, 711 KiB/1.5 MiB CGO alloc/total, 1052.9 CGO/sec, 3.4/0.5 %(u/s)time, 0.0 %gc (1x), 466 KiB/40 KiB (r/w)net
W231210 16:23:15.193525 180 server/status/runtime.go:459 ⋮ [n1] problem fetching disk stats: Incorrect function.; disk stats will be empty.
I231210 16:23:15.233442 180 server/status/runtime.go:522 ⋮ [n1] runtime stats: 110 MiB RSS, 165 goroutines, 26 MiB/12 MiB/44 MiB GO alloc/idle/total, 711 KiB/1.5 MiB CGO alloc/total, 1096.5 CGO/sec, 3.3/0.9 %(u/s)time, 0.0 %gc (0x), 1.0 MiB/129 KiB (r/w)net
W231210 16:23:25.195854 180 server/status/runtime.go:459 ⋮ [n1] problem fetching disk stats: Incorrect function.; disk stats will be empty.
I231210 16:23:25.228607 180 server/status/runtime.go:522 ⋮ [n1] runtime stats: 110 MiB RSS, 165 goroutines, 18 MiB/18 MiB/44 MiB GO alloc/idle/total, 711 KiB/1.5 MiB CGO alloc/total, 1049.3 CGO/sec, 3.6/1.4 %(u/s)time, 0.0 %gc (1x), 839 KiB/56 KiB (r/w)net
I231210 16:23:34.830354 129 gossip/gossip.go:568 ⋮ [n1] gossip status (ok, 1 node‹›)
gossip client (0/3 cur/max conns)
gossip server (0/3 cur/max conns, infos 0/0 sent/received, bytes 0B/0B sent/received)
W231210 16:23:35.194275 180 server/status/runtime.go:459 ⋮ [n1] problem fetching disk stats: Incorrect function.; disk stats will be empty.
I231210 16:23:35.221407 180 server/status/runtime.go:522 ⋮ [n1] runtime stats: 110 MiB RSS, 165 goroutines, 25 MiB/12 MiB/44 MiB GO alloc/idle/total, 711 KiB/1.5 MiB CGO alloc/total, 1097.6 CGO/sec, 2.0/2.0 %(u/s)time, 0.0 %gc (0x), 674 KiB/95 KiB (r/w)net
W231210 16:23:41.438243 159 kv/kvserver/store_raft.go:493 ⋮ [n1,s1,r3/1:‹/System/{NodeLive…-tsd}›] handle raft ready: 0.8s [applied=1, batches=1, state_assertions=0]
W231210 16:23:45.195117 180 server/status/runtime.go:459 ⋮ [n1] problem fetching disk stats: Incorrect function.; disk stats will be empty.
I231210 16:23:45.203133 180 server/status/runtime.go:522 ⋮ [n1] runtime stats: 111 MiB RSS, 164 goroutines, 19 MiB/17 MiB/44 MiB GO alloc/idle/total, 711 KiB/1.5 MiB CGO alloc/total, 1279.2 CGO/sec, 5.9/1.4 %(u/s)time, 0.0 %gc (1x), 542 KiB/59 KiB (r/w)net
W231210 16:23:55.196621 180 server/status/runtime.go:459 ⋮ [n1] problem fetching disk stats: Incorrect function.; disk stats will be empty.
I231210 16:23:55.219203 180 server/status/runtime.go:522 ⋮ [n1] runtime stats: 111 MiB RSS, 164 goroutines, 26 MiB/11 MiB/44 MiB GO alloc/idle/total, 711 KiB/1.5 MiB CGO alloc/total, 1068.1 CGO/sec, 2.8/1.4 %(u/s)time, 0.0 %gc (0x), 266 KiB/27 KiB (r/w)net
W231210 16:24:05.197034 180 server/status/runtime.go:459 ⋮ [n1] problem fetching disk stats: Incorrect function.; disk stats will be empty.
I231210 16:24:05.217810 180 server/status/runtime.go:522 ⋮ [n1] runtime stats: 112 MiB RSS, 164 goroutines, 17 MiB/18 MiB/44 MiB GO alloc/idle/total, 711 KiB/1.5 MiB CGO alloc/total, 1052.6 CGO/sec, 3.8/1.7 %(u/s)time, 0.0 %gc (1x), 762 B/611 B (r/w)net
W231210 16:24:15.197071 180 server/status/runtime.go:459 ⋮ [n1] problem fetching disk stats: Incorrect function.; disk stats will be empty.
I231210 16:24:15.230077 180 server/status/runtime.go:522 ⋮ [n1] runtime stats: 112 MiB RSS, 165 goroutines, 25 MiB/12 MiB/44 MiB GO alloc/idle/total, 711 KiB/1.5 MiB CGO alloc/total, 1099.1 CGO/sec, 2.8/1.6 %(u/s)time, 0.0 %gc (0x), 15 KiB/12 KiB (r/w)net
W231210 16:24:25.198208 180 server/status/runtime.go:459 ⋮ [n1] problem fetching disk stats: Incorrect function.; disk stats will be empty.
I231210 16:24:25.215985 180 server/status/runtime.go:522 ⋮ [n1] runtime stats: 112 MiB RSS, 165 goroutines, 31 MiB/6.7 MiB/44 MiB GO alloc/idle/total, 711 KiB/1.5 MiB CGO alloc/total, 1060.9 CGO/sec, 1.6/1.3 %(u/s)time, 0.0 %gc (0x), 476 B/410 B (r/w)net
I231210 16:24:34.860941 129 gossip/gossip.go:568 ⋮ [n1] gossip status (ok, 1 node‹›)
gossip client (0/3 cur/max conns)
gossip server (0/3 cur/max conns, infos 0/0 sent/received, bytes 0B/0B sent/received)
W231210 16:24:35.211279 180 server/status/runtime.go:459 ⋮ [n1] problem fetching disk stats: Incorrect function.; disk stats will be empty.
I231210 16:24:35.234859 180 server/status/runtime.go:522 ⋮ [n1] runtime stats: 112 MiB RSS, 165 goroutines, 23 MiB/14 MiB/44 MiB GO alloc/idle/total, 711 KiB/1.5 MiB CGO alloc/total, 1097.1 CGO/sec, 3.3/0.9 %(u/s)time, 0.0 %gc (1x), 2.2 KiB/1.9 KiB (r/w)net
W231210 16:24:45.212248 180 server/status/runtime.go:459 ⋮ [n1] problem fetching disk stats: Incorrect function.; disk stats will be empty.
I231210 16:24:45.237318 180 server/status/runtime.go:522 ⋮ [n1] runtime stats: 113 MiB RSS, 164 goroutines, 18 MiB/17 MiB/44 MiB GO alloc/idle/total, 711 KiB/1.5 MiB CGO alloc/total, 1293.6 CGO/sec, 5.3/1.4 %(u/s)time, 0.0 %gc (1x), 1.4 KiB/1.0 KiB (r/w)net
I231210 16:24:54.852525 128 kv/kvserver/store.go:2638 ⋮ [n1,s1] sstables (read amplification = 1):
‹6 [ 809K 1 ]: 809K›
I231210 16:24:54.858396 128 kv/kvserver/store.go:2639 ⋮ [n1,s1] ‹›
‹__level_____count____size___score______in__ingest(sz_cnt)____move(sz_cnt)___write(sz_cnt)____read___r-amp___w-amp›
‹    WAL         2    16 M       -    16 M       -       -       -       -    16 M       -       -       -     1.0›
‹      0         0     0 B    0.00     0 B     0 B       0     0 B       0     0 B       0     0 B       0     0.0›
‹      1         0     0 B    0.00     0 B     0 B       0     0 B       0     0 B       0     0 B       0     0.0›
‹      2         0     0 B    0.00     0 B     0 B       0     0 B       0     0 B       0     0 B       0     0.0›
‹      3         0     0 B    0.00     0 B     0 B       0     0 B       0     0 B       0     0 B       0     0.0›
‹      4         0     0 B    0.00     0 B     0 B       0     0 B       0     0 B       0     0 B       0     0.0›
‹      5         0     0 B    0.00     0 B     0 B       0     0 B       0     0 B       0     0 B       0     0.0›
‹      6         1   809 K       -   407 K     0 B       0     0 B       0   809 K       1   978 K       1     2.0›
‹  total         1   809 K       -    16 M     0 B       0     0 B       0    16 M       1   978 K       1     1.1›
‹  flush         0›
‹compact         1     0 B          (size == estimated-debt)›
‹ memtbl         2    64 M›
‹zmemtbl         0     0 B›
‹   ztbl         0     0 B›
‹ bcache        14   438 K   98.9%  (score == hit-rate)›
‹ tcache         1   616 B  100.0%  (score == hit-rate)›
‹ titers         0›
‹ filter         -       -   83.3%  (score == utility)›
W231210 16:24:55.212017 180 server/status/runtime.go:459 ⋮ [n1] problem fetching disk stats: Incorrect function.; disk stats will be empty.
I231210 16:24:55.239864 180 server/status/runtime.go:522 ⋮ [n1] runtime stats: 113 MiB RSS, 164 goroutines, 25 MiB/12 MiB/44 MiB GO alloc/idle/total, 711 KiB/1.5 MiB CGO alloc/total, 1019.9 CGO/sec, 2.5/2.0 %(u/s)time, 0.0 %gc (0x), 1.1 KiB/869 B (r/w)net
W231210 16:25:05.219511 180 server/status/runtime.go:459 ⋮ [n1] problem fetching disk stats: Incorrect function.; disk stats will be empty.
I231210 16:25:05.239505 180 server/status/runtime.go:522 ⋮ [n1] runtime stats: 113 MiB RSS, 164 goroutines, 31 MiB/6.6 MiB/44 MiB GO alloc/idle/total, 711 KiB/1.5 MiB CGO alloc/total, 1025.7 CGO/sec, 3.3/0.5 %(u/s)time, 0.0 %gc (0x), 1.7 KiB/1.2 KiB (r/w)net
W231210 16:25:15.219986 180 server/status/runtime.go:459 ⋮ [n1] problem fetching disk stats: Incorrect function.; disk stats will be empty.
I231210 16:25:15.235443 180 server/status/runtime.go:522 ⋮ [n1] runtime stats: 114 MiB RSS, 165 goroutines, 23 MiB/14 MiB/44 MiB GO alloc/idle/total, 711 KiB/1.5 MiB CGO alloc/total, 1052.5 CGO/sec, 1.9/1.1 %(u/s)time, 0.0 %gc (1x), 1.9 KiB/1.4 KiB (r/w)net
W231210 16:25:25.220947 180 server/status/runtime.go:459 ⋮ [n1] problem fetching disk stats: Incorrect function.; disk stats will be empty.
I231210 16:25:25.240209 180 server/status/runtime.go:522 ⋮ [n1] runtime stats: 114 MiB RSS, 165 goroutines, 30 MiB/8.2 MiB/44 MiB GO alloc/idle/total, 711 KiB/1.5 MiB CGO alloc/total, 1015.4 CGO/sec, 1.6/1.2 %(u/s)time, 0.0 %gc (0x), 1.9 KiB/1.6 KiB (r/w)net
I231210 16:25:34.829464 129 gossip/gossip.go:568 ⋮ [n1] gossip status (ok, 1 node‹›)
gossip client (0/3 cur/max conns)
gossip server (0/3 cur/max conns, infos 0/0 sent/received, bytes 0B/0B sent/received)
W231210 16:25:35.222033 180 server/status/runtime.go:459 ⋮ [n1] problem fetching disk stats: Incorrect function.; disk stats will be empty.
I231210 16:25:35.238699 180 server/status/runtime.go:522 ⋮ [n1] runtime stats: 115 MiB RSS, 167 goroutines, 21 MiB/16 MiB/44 MiB GO alloc/idle/total, 711 KiB/1.5 MiB CGO alloc/total, 1044.4 CGO/sec, 4.4/1.3 %(u/s)time, 0.0 %gc (1x), 2.0 KiB/1.3 KiB (r/w)net
W231210 16:25:45.222688 180 server/status/runtime.go:459 ⋮ [n1] problem fetching disk stats: Incorrect function.; disk stats will be empty.
I231210 16:25:45.240809 180 server/status/runtime.go:522 ⋮ [n1] runtime stats: 115 MiB RSS, 164 goroutines, 30 MiB/8.1 MiB/44 MiB GO alloc/idle/total, 711 KiB/1.5 MiB CGO alloc/total, 1240.1 CGO/sec, 3.7/0.9 %(u/s)time, 0.0 %gc (0x), 1.3 KiB/1.0 KiB (r/w)net
W231210 16:25:55.223120 180 server/status/runtime.go:459 ⋮ [n1] problem fetching disk stats: Incorrect function.; disk stats will be empty.
I231210 16:25:55.242276 180 server/status/runtime.go:522 ⋮ [n1] runtime stats: 116 MiB RSS, 165 goroutines, 20 MiB/16 MiB/45 MiB GO alloc/idle/total, 711 KiB/1.5 MiB CGO alloc/total, 1023.5 CGO/sec, 2.0/0.9 %(u/s)time, 0.0 %gc (1x), 1.1 KiB/1.2 KiB (r/w)net
W231210 16:26:05.223512 180 server/status/runtime.go:459 ⋮ [n1] problem fetching disk stats: Incorrect function.; disk stats will be empty.
I231210 16:26:05.240915 180 server/status/runtime.go:522 ⋮ [n1] runtime stats: 116 MiB RSS, 164 goroutines, 27 MiB/10 MiB/45 MiB GO alloc/idle/total, 711 KiB/1.5 MiB CGO alloc/total, 997.7 CGO/sec, 2.2/1.4 %(u/s)time, 0.0 %gc (0x), 3.8 KiB/3.0 KiB (r/w)net
W231210 16:26:15.225363 180 server/status/runtime.go:459 ⋮ [n1] problem fetching disk stats: Incorrect function.; disk stats will be empty.
I231210 16:26:15.245357 180 server/status/runtime.go:522 ⋮ [n1] runtime stats: 116 MiB RSS, 165 goroutines, 18 MiB/17 MiB/45 MiB GO alloc/idle/total, 711 KiB/1.5 MiB CGO alloc/total, 1054.4 CGO/sec, 4.2/0.9 %(u/s)time, 0.0 %gc (1x), 18 KiB/54 KiB (r/w)net
W231210 16:26:25.226291 180 server/status/runtime.go:459 ⋮ [n1] problem fetching disk stats: Incorrect function.; disk stats will be empty.
I231210 16:26:25.243412 180 server/status/runtime.go:522 ⋮ [n1] runtime stats: 117 MiB RSS, 165 goroutines, 25 MiB/12 MiB/45 MiB GO alloc/idle/total, 711 KiB/1.5 MiB CGO alloc/total, 1030.6 CGO/sec, 3.0/0.6 %(u/s)time, 0.0 %gc (0x), 1.9 KiB/637 B (r/w)net
W231210 16:26:27.033877 182 kv/kvserver/node_liveness.go:748 ⋮ [n1,liveness-hb] slow heartbeat took 1.0256467s; err=<nil>
I231210 16:26:34.879346 129 gossip/gossip.go:568 ⋮ [n1] gossip status (ok, 1 node‹›)
gossip client (0/3 cur/max conns)
gossip server (0/3 cur/max conns, infos 0/0 sent/received, bytes 0B/0B sent/received)
W231210 16:26:35.226450 180 server/status/runtime.go:459 ⋮ [n1] problem fetching disk stats: Incorrect function.; disk stats will be empty.
I231210 16:26:35.245560 180 server/status/runtime.go:522 ⋮ [n1] runtime stats: 117 MiB RSS, 165 goroutines, 17 MiB/18 MiB/45 MiB GO alloc/idle/total, 711 KiB/1.5 MiB CGO alloc/total, 1057.1 CGO/sec, 4.1/1.1 %(u/s)time, 0.0 %gc (1x), 580 B/357 B (r/w)net
W231210 16:26:45.226480 180 server/status/runtime.go:459 ⋮ [n1] problem fetching disk stats: Incorrect function.; disk stats will be empty.
I231210 16:26:45.242103 180 server/status/runtime.go:522 ⋮ [n1] runtime stats: 117 MiB RSS, 164 goroutines, 26 MiB/11 MiB/45 MiB GO alloc/idle/total, 711 KiB/1.5 MiB CGO alloc/total, 1250.5 CGO/sec, 3.3/0.8 %(u/s)time, 0.0 %gc (0x), 1.2 KiB/920 B (r/w)net
W231210 16:26:55.228389 180 server/status/runtime.go:459 ⋮ [n1] problem fetching disk stats: Incorrect function.; disk stats will be empty.
I231210 16:26:55.246995 180 server/status/runtime.go:522 ⋮ [n1] runtime stats: 117 MiB RSS, 164 goroutines, 18 MiB/17 MiB/45 MiB GO alloc/idle/total, 711 KiB/1.5 MiB CGO alloc/total, 1022.3 CGO/sec, 2.3/0.2 %(u/s)time, 0.0 %gc (1x), 967 B/725 B (r/w)net
W231210 16:27:05.228616 180 server/status/runtime.go:459 ⋮ [n1] problem fetching disk stats: Incorrect function.; disk stats will be empty.
I231210 16:27:05.249219 180 server/status/runtime.go:522 ⋮ [n1] runtime stats: 118 MiB RSS, 164 goroutines, 25 MiB/12 MiB/45 MiB GO alloc/idle/total, 711 KiB/1.5 MiB CGO alloc/total, 1014.6 CGO/sec, 3.0/1.4 %(u/s)time, 0.0 %gc (0x), 320 B/313 B (r/w)net
W231210 16:27:15.230914 180 server/status/runtime.go:459 ⋮ [n1] problem fetching disk stats: Incorrect function.; disk stats will be empty.
I231210 16:27:15.248361 180 server/status/runtime.go:522 ⋮ [n1] runtime stats: 118 MiB RSS, 165 goroutines, 17 MiB/18 MiB/45 MiB GO alloc/idle/total, 711 KiB/1.5 MiB CGO alloc/total, 1061.1 CGO/sec, 3.0/0.0 %(u/s)time, 0.0 %gc (1x), 1.0 KiB/848 B (r/w)net
W231210 16:27:25.231098 180 server/status/runtime.go:459 ⋮ [n1] problem fetching disk stats: Incorrect function.; disk stats will be empty.
I231210 16:27:25.251364 180 server/status/runtime.go:522 ⋮ [n1] runtime stats: 118 MiB RSS, 166 goroutines, 24 MiB/13 MiB/45 MiB GO alloc/idle/total, 711 KiB/1.5 MiB CGO alloc/total, 1016.6 CGO/sec, 1.2/0.6 %(u/s)time, 0.0 %gc (0x), 290 B/446 B (r/w)net
I231210 16:27:34.844088 129 gossip/gossip.go:568 ⋮ [n1] gossip status (ok, 1 node‹›)
gossip client (0/3 cur/max conns)
gossip server (0/3 cur/max conns, infos 0/0 sent/received, bytes 0B/0B sent/received)
W231210 16:27:35.231844 180 server/status/runtime.go:459 ⋮ [n1] problem fetching disk stats: Incorrect function.; disk stats will be empty.
I231210 16:27:35.250148 180 server/status/runtime.go:522 ⋮ [n1] runtime stats: 119 MiB RSS, 165 goroutines, 30 MiB/7.5 MiB/45 MiB GO alloc/idle/total, 711 KiB/1.5 MiB CGO alloc/total, 1051.1 CGO/sec, 2.2/0.6 %(u/s)time, 0.0 %gc (0x), 1.1 KiB/1.4 KiB (r/w)net
W231210 16:27:45.232926 180 server/status/runtime.go:459 ⋮ [n1] problem fetching disk stats: Incorrect function.; disk stats will be empty.
I231210 16:27:45.253086 180 server/status/runtime.go:522 ⋮ [n1] runtime stats: 119 MiB RSS, 164 goroutines, 24 MiB/13 MiB/45 MiB GO alloc/idle/total, 711 KiB/1.5 MiB CGO alloc/total, 1225.6 CGO/sec, 3.1/1.1 %(u/s)time, 0.0 %gc (1x), 993 B/1.1 KiB (r/w)net
W231210 16:27:55.233730 180 server/status/runtime.go:459 ⋮ [n1] problem fetching disk stats: Incorrect function.; disk stats will be empty.
I231210 16:27:55.250108 180 server/status/runtime.go:522 ⋮ [n1] runtime stats: 119 MiB RSS, 164 goroutines, 31 MiB/6.9 MiB/45 MiB GO alloc/idle/total, 711 KiB/1.5 MiB CGO alloc/total, 1015.9 CGO/sec, 1.1/1.1 %(u/s)time, 0.0 %gc (0x), 1.9 KiB/2.3 KiB (r/w)net
W231210 16:28:05.235386 180 server/status/runtime.go:459 ⋮ [n1] problem fetching disk stats: Incorrect function.; disk stats will be empty.
I231210 16:28:05.254457 180 server/status/runtime.go:522 ⋮ [n1] runtime stats: 119 MiB RSS, 164 goroutines, 23 MiB/13 MiB/45 MiB GO alloc/idle/total, 711 KiB/1.5 MiB CGO alloc/total, 1016.0 CGO/sec, 1.4/0.9 %(u/s)time, 0.0 %gc (1x), 570 B/882 B (r/w)net
W231210 16:28:15.235954 180 server/status/runtime.go:459 ⋮ [n1] problem fetching disk stats: Incorrect function.; disk stats will be empty.
I231210 16:28:15.255580 180 server/status/runtime.go:522 ⋮ [n1] runtime stats: 120 MiB RSS, 165 goroutines, 30 MiB/7.9 MiB/45 MiB GO alloc/idle/total, 711 KiB/1.5 MiB CGO alloc/total, 1047.7 CGO/sec, 3.1/0.5 %(u/s)time, 0.0 %gc (0x), 7.9 KiB/4.8 KiB (r/w)net
W231210 16:28:25.236455 180 server/status/runtime.go:459 ⋮ [n1] problem fetching disk stats: Incorrect function.; disk stats will be empty.
I231210 16:28:25.256381 180 server/status/runtime.go:522 ⋮ [n1] runtime stats: 120 MiB RSS, 165 goroutines, 21 MiB/15 MiB/45 MiB GO alloc/idle/total, 711 KiB/1.5 MiB CGO alloc/total, 1018.0 CGO/sec, 3.4/0.8 %(u/s)time, 0.0 %gc (1x), 638 B/627 B (r/w)net
I231210 16:28:34.842965 129 gossip/gossip.go:568 ⋮ [n1] gossip status (ok, 1 node‹›)
gossip client (0/3 cur/max conns)
gossip server (0/3 cur/max conns, infos 0/0 sent/received, bytes 0B/0B sent/received)
W231210 16:28:35.236138 180 server/status/runtime.go:459 ⋮ [n1] problem fetching disk stats: Incorrect function.; disk stats will be empty.
I231210 16:28:35.252708 180 server/status/runtime.go:522 ⋮ [n1] runtime stats: 120 MiB RSS, 165 goroutines, 28 MiB/9.4 MiB/45 MiB GO alloc/idle/total, 711 KiB/1.5 MiB CGO alloc/total, 1050.7 CGO/sec, 2.4/0.8 %(u/s)time, 0.0 %gc (0x), 515 B/309 B (r/w)net
W231210 16:28:45.238161 180 server/status/runtime.go:459 ⋮ [n1] problem fetching disk stats: Incorrect function.; disk stats will be empty.
I231210 16:28:45.256966 180 server/status/runtime.go:522 ⋮ [n1] runtime stats: 121 MiB RSS, 164 goroutines, 21 MiB/16 MiB/45 MiB GO alloc/idle/total, 711 KiB/1.5 MiB CGO alloc/total, 1237.4 CGO/sec, 4.8/1.2 %(u/s)time, 0.0 %gc (1x), 536 B/409 B (r/w)net
W231210 16:28:55.239454 180 server/status/runtime.go:459 ⋮ [n1] problem fetching disk stats: Incorrect function.; disk stats will be empty.
I231210 16:28:55.257565 180 server/status/runtime.go:522 ⋮ [n1] runtime stats: 121 MiB RSS, 164 goroutines, 27 MiB/11 MiB/45 MiB GO alloc/idle/total, 711 KiB/1.5 MiB CGO alloc/total, 1027.6 CGO/sec, 1.9/1.1 %(u/s)time, 0.0 %gc (0x), 42 B/117 B (r/w)net
W231210 16:29:05.239872 180 server/status/runtime.go:459 ⋮ [n1] problem fetching disk stats: Incorrect function.; disk stats will be empty.
I231210 16:29:05.256250 180 server/status/runtime.go:522 ⋮ [n1] runtime stats: 121 MiB RSS, 164 goroutines, 18 MiB/17 MiB/45 MiB GO alloc/idle/total, 711 KiB/1.5 MiB CGO alloc/total, 1011.7 CGO/sec, 2.2/1.6 %(u/s)time, 0.0 %gc (1x), 744 B/565 B (r/w)net
W231210 16:29:15.240211 180 server/status/runtime.go:459 ⋮ [n1] problem fetching disk stats: Incorrect function.; disk stats will be empty.
I231210 16:29:15.257041 180 server/status/runtime.go:522 ⋮ [n1] runtime stats: 122 MiB RSS, 165 goroutines, 25 MiB/12 MiB/45 MiB GO alloc/idle/total, 711 KiB/1.5 MiB CGO alloc/total, 1067.7 CGO/sec, 2.7/0.9 %(u/s)time, 0.0 %gc (0x), 360 B/292 B (r/w)net
W231210 16:29:25.241296 180 server/status/runtime.go:459 ⋮ [n1] problem fetching disk stats: Incorrect function.; disk stats will be empty.
I231210 16:29:25.261535 180 server/status/runtime.go:522 ⋮ [n1] runtime stats: 122 MiB RSS, 165 goroutines, 18 MiB/18 MiB/45 MiB GO alloc/idle/total, 711 KiB/1.5 MiB CGO alloc/total, 1011.7 CGO/sec, 2.8/0.6 %(u/s)time, 0.0 %gc (1x), 128 B/117 B (r/w)net
W231210 16:29:27.058836 182 kv/kvserver/node_liveness.go:748 ⋮ [n1,liveness-hb] slow heartbeat took 1.05119s; err=<nil>
I231210 16:29:34.849877 129 gossip/gossip.go:568 ⋮ [n1] gossip status (ok, 1 node‹›)
gossip client (0/3 cur/max conns)
gossip server (0/3 cur/max conns, infos 0/0 sent/received, bytes 0B/0B sent/received)
W231210 16:29:35.256823 180 server/status/runtime.go:459 ⋮ [n1] problem fetching disk stats: Incorrect function.; disk stats will be empty.
I231210 16:29:35.274899 180 server/status/runtime.go:522 ⋮ [n1] runtime stats: 122 MiB RSS, 165 goroutines, 25 MiB/12 MiB/45 MiB GO alloc/idle/total, 711 KiB/1.5 MiB CGO alloc/total, 1057.3 CGO/sec, 2.5/0.9 %(u/s)time, 0.0 %gc (0x), 518 B/325 B (r/w)net
W231210 16:29:45.257855 180 server/status/runtime.go:459 ⋮ [n1] problem fetching disk stats: Incorrect function.; disk stats will be empty.
I231210 16:29:45.278660 180 server/status/runtime.go:522 ⋮ [n1] runtime stats: 122 MiB RSS, 165 goroutines, 19 MiB/17 MiB/45 MiB GO alloc/idle/total, 711 KiB/1.5 MiB CGO alloc/total, 1230.4 CGO/sec, 4.8/0.8 %(u/s)time, 0.0 %gc (1x), 336 B/259 B (r/w)net
W231210 16:29:55.270589 180 server/status/runtime.go:459 ⋮ [n1] problem fetching disk stats: Incorrect function.; disk stats will be empty.
I231210 16:29:55.301485 180 server/status/runtime.go:522 ⋮ [n1] runtime stats: 123 MiB RSS, 164 goroutines, 26 MiB/12 MiB/45 MiB GO alloc/idle/total, 711 KiB/1.5 MiB CGO alloc/total, 1001.1 CGO/sec, 2.8/1.2 %(u/s)time, 0.0 %gc (0x), 552 B/1.3 KiB (r/w)net
W231210 16:30:05.270152 180 server/status/runtime.go:459 ⋮ [n1] problem fetching disk stats: Incorrect function.; disk stats will be empty.
I231210 16:30:05.292352 180 server/status/runtime.go:522 ⋮ [n1] runtime stats: 123 MiB RSS, 164 goroutines, 17 MiB/18 MiB/45 MiB GO alloc/idle/total, 711 KiB/1.5 MiB CGO alloc/total, 1025.1 CGO/sec, 3.4/1.6 %(u/s)time, 0.0 %gc (1x), 527 B/238 B (r/w)net
W231210 16:30:15.269722 180 server/status/runtime.go:459 ⋮ [n1] problem fetching disk stats: Incorrect function.; disk stats will be empty.
I231210 16:30:15.282301 180 server/status/runtime.go:522 ⋮ [n1] runtime stats: 123 MiB RSS, 165 goroutines, 25 MiB/12 MiB/45 MiB GO alloc/idle/total, 711 KiB/1.5 MiB CGO alloc/total, 1065.8 CGO/sec, 2.5/1.6 %(u/s)time, 0.0 %gc (0x), 1.7 KiB/1.1 KiB (r/w)net
W231210 16:30:25.272204 180 server/status/runtime.go:459 ⋮ [n1] problem fetching disk stats: Incorrect function.; disk stats will be empty.
I231210 16:30:25.293090 180 server/status/runtime.go:522 ⋮ [n1] runtime stats: 124 MiB RSS, 165 goroutines, 17 MiB/18 MiB/45 MiB GO alloc/idle/total, 711 KiB/1.5 MiB CGO alloc/total, 1021.5 CGO/sec, 2.3/1.6 %(u/s)time, 0.0 %gc (1x), 109 KiB/23 KiB (r/w)net
I231210 16:30:34.837517 129 gossip/gossip.go:568 ⋮ [n1] gossip status (ok, 1 node‹›)
gossip client (0/3 cur/max conns)
gossip server (0/3 cur/max conns, infos 0/0 sent/received, bytes 0B/0B sent/received)
W231210 16:30:35.273652 180 server/status/runtime.go:459 ⋮ [n1] problem fetching disk stats: Incorrect function.; disk stats will be empty.
I231210 16:30:35.284086 180 server/status/runtime.go:522 ⋮ [n1] runtime stats: 124 MiB RSS, 165 goroutines, 24 MiB/13 MiB/45 MiB GO alloc/idle/total, 711 KiB/1.5 MiB CGO alloc/total, 1047.8 CGO/sec, 3.0/1.9 %(u/s)time, 0.0 %gc (0x), 1.0 MiB/77 KiB (r/w)net
W231210 16:30:45.275915 180 server/status/runtime.go:459 ⋮ [n1] problem fetching disk stats: Incorrect function.; disk stats will be empty.
I231210 16:30:45.326033 180 server/status/runtime.go:522 ⋮ [n1] runtime stats: 124 MiB RSS, 164 goroutines, 18 MiB/17 MiB/45 MiB GO alloc/idle/total, 711 KiB/1.5 MiB CGO alloc/total, 1234.8 CGO/sec, 4.2/0.6 %(u/s)time, 0.0 %gc (1x), 736 KiB/49 KiB (r/w)net
W231210 16:30:55.275312 180 server/status/runtime.go:459 ⋮ [n1] problem fetching disk stats: Incorrect function.; disk stats will be empty.
I231210 16:30:55.283751 180 server/status/runtime.go:522 ⋮ [n1] runtime stats: 124 MiB RSS, 164 goroutines, 25 MiB/12 MiB/45 MiB GO alloc/idle/total, 711 KiB/1.5 MiB CGO alloc/total, 1023.3 CGO/sec, 0.9/1.1 %(u/s)time, 0.0 %gc (0x), 1.3 MiB/108 KiB (r/w)net
W231210 16:31:05.275333 180 server/status/runtime.go:459 ⋮ [n1] problem fetching disk stats: Incorrect function.; disk stats will be empty.
I231210 16:31:05.283941 180 server/status/runtime.go:522 ⋮ [n1] runtime stats: 125 MiB RSS, 164 goroutines, 32 MiB/6.5 MiB/45 MiB GO alloc/idle/total, 711 KiB/1.5 MiB CGO alloc/total, 1018.1 CGO/sec, 1.1/0.6 %(u/s)time, 0.0 %gc (0x), 1.3 MiB/99 KiB (r/w)net
W231210 16:31:15.277963 180 server/status/runtime.go:459 ⋮ [n1] problem fetching disk stats: Incorrect function.; disk stats will be empty.
I231210 16:31:15.309037 180 server/status/runtime.go:522 ⋮ [n1] runtime stats: 125 MiB RSS, 165 goroutines, 23 MiB/13 MiB/45 MiB GO alloc/idle/total, 711 KiB/1.5 MiB CGO alloc/total, 1038.2 CGO/sec, 2.8/0.9 %(u/s)time, 0.0 %gc (1x), 1.6 MiB/74 KiB (r/w)net
W231210 16:31:25.277096 180 server/status/runtime.go:459 ⋮ [n1] problem fetching disk stats: Incorrect function.; disk stats will be empty.
I231210 16:31:25.305299 180 server/status/runtime.go:522 ⋮ [n1] runtime stats: 125 MiB RSS, 165 goroutines, 30 MiB/7.8 MiB/45 MiB GO alloc/idle/total, 711 KiB/1.5 MiB CGO alloc/total, 1034.5 CGO/sec, 3.1/1.4 %(u/s)time, 0.0 %gc (0x), 991 KiB/52 KiB (r/w)net
I231210 16:31:34.855792 129 gossip/gossip.go:568 ⋮ [n1] gossip status (ok, 1 node‹›)
gossip client (0/3 cur/max conns)
gossip server (0/3 cur/max conns, infos 0/0 sent/received, bytes 0B/0B sent/received)
W231210 16:31:35.278031 180 server/status/runtime.go:459 ⋮ [n1] problem fetching disk stats: Incorrect function.; disk stats will be empty.
I231210 16:31:35.285628 180 server/status/runtime.go:522 ⋮ [n1] runtime stats: 126 MiB RSS, 165 goroutines, 21 MiB/16 MiB/45 MiB GO alloc/idle/total, 711 KiB/1.5 MiB CGO alloc/total, 1049.1 CGO/sec, 4.4/1.4 %(u/s)time, 0.0 %gc (1x), 570 KiB/46 KiB (r/w)net
W231210 16:31:45.282028 180 server/status/runtime.go:459 ⋮ [n1] problem fetching disk stats: Incorrect function.; disk stats will be empty.
I231210 16:31:45.316198 180 server/status/runtime.go:522 ⋮ [n1] runtime stats: 126 MiB RSS, 164 goroutines, 30 MiB/8.5 MiB/45 MiB GO alloc/idle/total, 711 KiB/1.5 MiB CGO alloc/total, 1206.8 CGO/sec, 2.7/0.6 %(u/s)time, 0.0 %gc (0x), 596 KiB/67 KiB (r/w)net
W231210 16:31:55.279274 180 server/status/runtime.go:459 ⋮ [n1] problem fetching disk stats: Incorrect function.; disk stats will be empty.
I231210 16:31:55.290085 180 server/status/runtime.go:522 ⋮ [n1] runtime stats: 126 MiB RSS, 164 goroutines, 22 MiB/14 MiB/45 MiB GO alloc/idle/total, 711 KiB/1.5 MiB CGO alloc/total, 1029.7 CGO/sec, 4.1/1.1 %(u/s)time, 0.0 %gc (1x), 118 KiB/9.7 KiB (r/w)net
W231210 16:32:05.280650 180 server/status/runtime.go:459 ⋮ [n1] problem fetching disk stats: Incorrect function.; disk stats will be empty.
I231210 16:32:05.352279 180 server/status/runtime.go:522 ⋮ [n1] runtime stats: 126 MiB RSS, 164 goroutines, 28 MiB/9.5 MiB/45 MiB GO alloc/idle/total, 711 KiB/1.5 MiB CGO alloc/total, 1002.2 CGO/sec, 2.8/1.1 %(u/s)time, 0.0 %gc (0x), 1.5 MiB/77 KiB (r/w)net
W231210 16:32:15.288463 180 server/status/runtime.go:459 ⋮ [n1] problem fetching disk stats: Incorrect function.; disk stats will be empty.
I231210 16:32:15.300626 180 server/status/runtime.go:522 ⋮ [n1] runtime stats: 127 MiB RSS, 165 goroutines, 19 MiB/17 MiB/45 MiB GO alloc/idle/total, 711 KiB/1.5 MiB CGO alloc/total, 1060.3 CGO/sec, 4.4/1.7 %(u/s)time, 0.0 %gc (1x), 1.3 MiB/102 KiB (r/w)net
W231210 16:32:25.289655 180 server/status/runtime.go:459 ⋮ [n1] problem fetching disk stats: Incorrect function.; disk stats will be empty.
I231210 16:32:25.305385 180 server/status/runtime.go:522 ⋮ [n1] runtime stats: 127 MiB RSS, 165 goroutines, 25 MiB/12 MiB/45 MiB GO alloc/idle/total, 711 KiB/1.5 MiB CGO alloc/total, 1011.9 CGO/sec, 2.3/0.9 %(u/s)time, 0.0 %gc (0x), 1.2 MiB/125 KiB (r/w)net
I231210 16:32:34.841613 129 gossip/gossip.go:568 ⋮ [n1] gossip status (ok, 1 node‹›)
gossip client (0/3 cur/max conns)
gossip server (0/3 cur/max conns, infos 0/0 sent/received, bytes 0B/0B sent/received)
W231210 16:32:35.290453 180 server/status/runtime.go:459 ⋮ [n1] problem fetching disk stats: Incorrect function.; disk stats will be empty.
I231210 16:32:35.313348 180 server/status/runtime.go:522 ⋮ [n1] runtime stats: 127 MiB RSS, 165 goroutines, 17 MiB/18 MiB/45 MiB GO alloc/idle/total, 711 KiB/1.5 MiB CGO alloc/total, 1052.5 CGO/sec, 3.0/0.3 %(u/s)time, 0.0 %gc (1x), 192 KiB/37 KiB (r/w)net
W231210 16:32:45.292498 180 server/status/runtime.go:459 ⋮ [n1] problem fetching disk stats: Incorrect function.; disk stats will be empty.
I231210 16:32:45.317038 180 server/status/runtime.go:522 ⋮ [n1] runtime stats: 128 MiB RSS, 164 goroutines, 27 MiB/11 MiB/45 MiB GO alloc/idle/total, 711 KiB/1.5 MiB CGO alloc/total, 1229.2 CGO/sec, 3.3/0.9 %(u/s)time, 0.0 %gc (0x), 640 KiB/38 KiB (r/w)net
W231210 16:32:55.298657 180 server/status/runtime.go:459 ⋮ [n1] problem fetching disk stats: Incorrect function.; disk stats will be empty.
I231210 16:32:55.324188 180 server/status/runtime.go:522 ⋮ [n1] runtime stats: 128 MiB RSS, 164 goroutines, 18 MiB/17 MiB/45 MiB GO alloc/idle/total, 711 KiB/1.5 MiB CGO alloc/total, 1017.0 CGO/sec, 3.4/1.1 %(u/s)time, 0.0 %gc (1x), 12 KiB/3.3 KiB (r/w)net
W231210 16:33:05.299264 180 server/status/runtime.go:459 ⋮ [n1] problem fetching disk stats: Incorrect function.; disk stats will be empty.
I231210 16:33:05.320866 180 server/status/runtime.go:522 ⋮ [n1] runtime stats: 128 MiB RSS, 164 goroutines, 25 MiB/12 MiB/45 MiB GO alloc/idle/total, 711 KiB/1.5 MiB CGO alloc/total, 1014.5 CGO/sec, 4.1/3.0 %(u/s)time, 0.0 %gc (0x), 14 KiB/3.1 KiB (r/w)net
W231210 16:33:15.317507 180 server/status/runtime.go:459 ⋮ [n1] problem fetching disk stats: Incorrect function.; disk stats will be empty.
I231210 16:33:15.337240 180 server/status/runtime.go:522 ⋮ [n1] runtime stats: 128 MiB RSS, 165 goroutines, 18 MiB/17 MiB/45 MiB GO alloc/idle/total, 711 KiB/1.5 MiB CGO alloc/total, 1051.2 CGO/sec, 4.4/1.4 %(u/s)time, 0.0 %gc (1x), 4.9 KiB/18 KiB (r/w)net
W231210 16:33:25.320375 180 server/status/runtime.go:459 ⋮ [n1] problem fetching disk stats: Incorrect function.; disk stats will be empty.
I231210 16:33:25.338524 180 server/status/runtime.go:522 ⋮ [n1] runtime stats: 129 MiB RSS, 165 goroutines, 24 MiB/13 MiB/45 MiB GO alloc/idle/total, 711 KiB/1.5 MiB CGO alloc/total, 1011.1 CGO/sec, 2.0/1.4 %(u/s)time, 0.0 %gc (0x), 519 KiB/62 KiB (r/w)net
I231210 16:33:34.835416 129 gossip/gossip.go:568 ⋮ [n1] gossip status (ok, 1 node‹›)
gossip client (0/3 cur/max conns)
gossip server (0/3 cur/max conns, infos 0/0 sent/received, bytes 0B/0B sent/received)
W231210 16:33:35.321862 180 server/status/runtime.go:459 ⋮ [n1] problem fetching disk stats: Incorrect function.; disk stats will be empty.
I231210 16:33:35.343515 180 server/status/runtime.go:522 ⋮ [n1] runtime stats: 129 MiB RSS, 165 goroutines, 31 MiB/6.7 MiB/45 MiB GO alloc/idle/total, 711 KiB/1.5 MiB CGO alloc/total, 1044.3 CGO/sec, 3.0/0.8 %(u/s)time, 0.0 %gc (0x), 6.4 KiB/603 B (r/w)net
W231210 16:33:45.325091 180 server/status/runtime.go:459 ⋮ [n1] problem fetching disk stats: Incorrect function.; disk stats will be empty.
I231210 16:33:45.354025 180 server/status/runtime.go:522 ⋮ [n1] runtime stats: 129 MiB RSS, 164 goroutines, 25 MiB/12 MiB/45 MiB GO alloc/idle/total, 711 KiB/1.5 MiB CGO alloc/total, 1218.0 CGO/sec, 5.3/1.6 %(u/s)time, 0.0 %gc (1x), 2.3 KiB/1.3 KiB (r/w)net
W231210 16:33:55.328238 180 server/status/runtime.go:459 ⋮ [n1] problem fetching disk stats: Incorrect function.; disk stats will be empty.
I231210 16:33:55.350874 180 server/status/runtime.go:522 ⋮ [n1] runtime stats: 130 MiB RSS, 164 goroutines, 32 MiB/6.5 MiB/45 MiB GO alloc/idle/total, 711 KiB/1.5 MiB CGO alloc/total, 1014.5 CGO/sec, 4.2/1.4 %(u/s)time, 0.0 %gc (0x), 2.2 KiB/2.7 KiB (r/w)net
W231210 16:34:05.329544 180 server/status/runtime.go:459 ⋮ [n1] problem fetching disk stats: Incorrect function.; disk stats will be empty.
I231210 16:34:05.352991 180 server/status/runtime.go:522 ⋮ [n1] runtime stats: 130 MiB RSS, 164 goroutines, 23 MiB/13 MiB/45 MiB GO alloc/idle/total, 711 KiB/1.5 MiB CGO alloc/total, 1041.3 CGO/sec, 2.8/0.8 %(u/s)time, 0.0 %gc (1x), 1.6 KiB/1.1 KiB (r/w)net
W231210 16:34:15.332685 180 server/status/runtime.go:459 ⋮ [n1] problem fetching disk stats: Incorrect function.; disk stats will be empty.
I231210 16:34:15.354532 180 server/status/runtime.go:522 ⋮ [n1] runtime stats: 130 MiB RSS, 165 goroutines, 30 MiB/8.0 MiB/45 MiB GO alloc/idle/total, 711 KiB/1.5 MiB CGO alloc/total, 1027.3 CGO/sec, 2.3/1.7 %(u/s)time, 0.0 %gc (0x), 2.2 KiB/2.2 KiB (r/w)net
W231210 16:34:25.333306 180 server/status/runtime.go:459 ⋮ [n1] problem fetching disk stats: Incorrect function.; disk stats will be empty.
I231210 16:34:25.363109 180 server/status/runtime.go:522 ⋮ [n1] runtime stats: 130 MiB RSS, 165 goroutines, 21 MiB/15 MiB/45 MiB GO alloc/idle/total, 711 KiB/1.5 MiB CGO alloc/total, 1032.8 CGO/sec, 4.2/1.9 %(u/s)time, 0.0 %gc (1x), 768 B/680 B (r/w)net
I231210 16:34:34.830517 129 gossip/gossip.go:568 ⋮ [n1] gossip status (ok, 1 node‹›)
gossip client (0/3 cur/max conns)
gossip server (0/3 cur/max conns, infos 0/0 sent/received, bytes 0B/0B sent/received)
W231210 16:34:35.333585 180 server/status/runtime.go:459 ⋮ [n1] problem fetching disk stats: Incorrect function.; disk stats will be empty.
I231210 16:34:35.352926 180 server/status/runtime.go:522 ⋮ [n1] runtime stats: 131 MiB RSS, 165 goroutines, 28 MiB/9.4 MiB/45 MiB GO alloc/idle/total, 711 KiB/1.5 MiB CGO alloc/total, 1045.2 CGO/sec, 3.3/0.8 %(u/s)time, 0.0 %gc (0x), 1.1 KiB/801 B (r/w)net
W231210 16:34:45.339225 180 server/status/runtime.go:459 ⋮ [n1] problem fetching disk stats: Incorrect function.; disk stats will be empty.
I231210 16:34:45.361405 180 server/status/runtime.go:522 ⋮ [n1] runtime stats: 131 MiB RSS, 164 goroutines, 20 MiB/16 MiB/45 MiB GO alloc/idle/total, 711 KiB/1.5 MiB CGO alloc/total, 1267.5 CGO/sec, 5.6/1.2 %(u/s)time, 0.0 %gc (1x), 2.1 KiB/1.8 KiB (r/w)net
I231210 16:34:54.853026 128 kv/kvserver/store.go:2638 ⋮ [n1,s1] sstables (read amplification = 1):
‹6 [ 809K 1 ]: 809K›
I231210 16:34:54.853610 128 kv/kvserver/store.go:2639 ⋮ [n1,s1] ‹›
‹__level_____count____size___score______in__ingest(sz_cnt)____move(sz_cnt)___write(sz_cnt)____read___r-amp___w-amp›
‹    WAL         2    31 M       -    30 M       -       -       -       -    31 M       -       -       -     1.0›
‹      0         0     0 B    0.00     0 B     0 B       0     0 B       0     0 B       0     0 B       0     0.0›
‹      1         0     0 B    0.00     0 B     0 B       0     0 B       0     0 B       0     0 B       0     0.0›
‹      2         0     0 B    0.00     0 B     0 B       0     0 B       0     0 B       0     0 B       0     0.0›
‹      3         0     0 B    0.00     0 B     0 B       0     0 B       0     0 B       0     0 B       0     0.0›
‹      4         0     0 B    0.00     0 B     0 B       0     0 B       0     0 B       0     0 B       0     0.0›
‹      5         0     0 B    0.00     0 B     0 B       0     0 B       0     0 B       0     0 B       0     0.0›
‹      6         1   809 K       -   407 K     0 B       0     0 B       0   809 K       1   978 K       1     2.0›
‹  total         1   809 K       -    31 M     0 B       0     0 B       0    31 M       1   978 K       1     1.0›
‹  flush         0›
‹compact         1     0 B          (size == estimated-debt)›
‹ memtbl         2    64 M›
‹zmemtbl         0     0 B›
‹   ztbl         0     0 B›
‹ bcache        14   438 K   99.4%  (score == hit-rate)›
‹ tcache         1   616 B  100.0%  (score == hit-rate)›
‹ titers         0›
‹ filter         -       -   83.3%  (score == utility)›
W231210 16:34:55.339274 180 server/status/runtime.go:459 ⋮ [n1] problem fetching disk stats: Incorrect function.; disk stats will be empty.
I231210 16:34:55.360469 180 server/status/runtime.go:522 ⋮ [n1] runtime stats: 132 MiB RSS, 164 goroutines, 27 MiB/11 MiB/45 MiB GO alloc/idle/total, 711 KiB/1.5 MiB CGO alloc/total, 1019.6 CGO/sec, 3.8/1.1 %(u/s)time, 0.0 %gc (0x), 2.8 KiB/2.1 KiB (r/w)net
W231210 16:35:05.339496 180 server/status/runtime.go:459 ⋮ [n1] problem fetching disk stats: Incorrect function.; disk stats will be empty.
I231210 16:35:05.361299 180 server/status/runtime.go:522 ⋮ [n1] runtime stats: 132 MiB RSS, 164 goroutines, 19 MiB/16 MiB/45 MiB GO alloc/idle/total, 711 KiB/1.5 MiB CGO alloc/total, 1030.7 CGO/sec, 3.3/0.8 %(u/s)time, 0.0 %gc (1x), 1.4 KiB/914 B (r/w)net
W231210 16:35:15.342009 180 server/status/runtime.go:459 ⋮ [n1] problem fetching disk stats: Incorrect function.; disk stats will be empty.
I231210 16:35:15.364633 180 server/status/runtime.go:522 ⋮ [n1] runtime stats: 132 MiB RSS, 165 goroutines, 26 MiB/11 MiB/45 MiB GO alloc/idle/total, 711 KiB/1.5 MiB CGO alloc/total, 1029.5 CGO/sec, 2.7/0.6 %(u/s)time, 0.0 %gc (0x), 1.0 KiB/656 B (r/w)net
W231210 16:35:25.345659 180 server/status/runtime.go:459 ⋮ [n1] problem fetching disk stats: Incorrect function.; disk stats will be empty.
I231210 16:35:25.377970 180 server/status/runtime.go:522 ⋮ [n1] runtime stats: 132 MiB RSS, 165 goroutines, 18 MiB/17 MiB/45 MiB GO alloc/idle/total, 711 KiB/1.5 MiB CGO alloc/total, 1036.6 CGO/sec, 3.3/1.2 %(u/s)time, 0.0 %gc (1x), 22 KiB/15 KiB (r/w)net
I231210 16:35:34.849833 129 gossip/gossip.go:568 ⋮ [n1] gossip status (ok, 1 node‹›)
gossip client (0/3 cur/max conns)
gossip server (0/3 cur/max conns, infos 0/0 sent/received, bytes 0B/0B sent/received)
W231210 16:35:35.346787 180 server/status/runtime.go:459 ⋮ [n1] problem fetching disk stats: Incorrect function.; disk stats will be empty.
I231210 16:35:35.370878 180 server/status/runtime.go:522 ⋮ [n1] runtime stats: 133 MiB RSS, 165 goroutines, 25 MiB/12 MiB/45 MiB GO alloc/idle/total, 711 KiB/1.5 MiB CGO alloc/total, 1063.9 CGO/sec, 4.4/2.5 %(u/s)time, 0.0 %gc (0x), 306 KiB/27 KiB (r/w)net
W231210 16:35:45.346750 180 server/status/runtime.go:459 ⋮ [n1] problem fetching disk stats: Incorrect function.; disk stats will be empty.
I231210 16:35:45.389831 180 server/status/runtime.go:522 ⋮ [n1] runtime stats: 133 MiB RSS, 167 goroutines, 20 MiB/16 MiB/45 MiB GO alloc/idle/total, 711 KiB/1.5 MiB CGO alloc/total, 1218.9 CGO/sec, 4.4/1.4 %(u/s)time, 0.0 %gc (1x), 1011 KiB/107 KiB (r/w)net
W231210 16:35:55.347656 180 server/status/runtime.go:459 ⋮ [n1] problem fetching disk stats: Incorrect function.; disk stats will be empty.
I231210 16:35:55.370922 180 server/status/runtime.go:522 ⋮ [n1] runtime stats: 133 MiB RSS, 164 goroutines, 26 MiB/11 MiB/45 MiB GO alloc/idle/total, 711 KiB/1.5 MiB CGO alloc/total, 1028.5 CGO/sec, 2.5/1.3 %(u/s)time, 0.0 %gc (0x), 200 KiB/30 KiB (r/w)net
W231210 16:36:05.348948 180 server/status/runtime.go:459 ⋮ [n1] problem fetching disk stats: Incorrect function.; disk stats will be empty.
I231210 16:36:05.377723 180 server/status/runtime.go:522 ⋮ [n1] runtime stats: 134 MiB RSS, 167 goroutines, 18 MiB/16 MiB/45 MiB GO alloc/idle/total, 711 KiB/1.5 MiB CGO alloc/total, 1014.4 CGO/sec, 4.1/0.9 %(u/s)time, 0.0 %gc (1x), 3.9 KiB/2.6 KiB (r/w)net
W231210 16:36:05.491304 105 kv/kvserver/store_raft.go:493 ⋮ [n1,s1,r1/1:‹/{Min-System/NodeL…}›] handle raft ready: 0.6s [applied=1, batches=1, state_assertions=0]
W231210 16:36:05.635874 153 kv/kvserver/store_raft.go:493 ⋮ [n1,s1,r35/1:‹/{Table/39-Max}›] handle raft ready: 0.5s [applied=1, batches=1, state_assertions=0]
W231210 16:36:07.513542 182 kv/kvserver/node_liveness.go:748 ⋮ [n1,liveness-hb] slow heartbeat took 1.005798s; err=<nil>
W231210 16:36:15.349150 180 server/status/runtime.go:459 ⋮ [n1] problem fetching disk stats: Incorrect function.; disk stats will be empty.
I231210 16:36:15.366912 180 server/status/runtime.go:522 ⋮ [n1] runtime stats: 134 MiB RSS, 165 goroutines, 25 MiB/11 MiB/45 MiB GO alloc/idle/total, 711 KiB/1.5 MiB CGO alloc/total, 1044.6 CGO/sec, 1.3/0.6 %(u/s)time, 0.0 %gc (0x), 2.5 KiB/1.6 KiB (r/w)net
W231210 16:36:25.354617 180 server/status/runtime.go:459 ⋮ [n1] problem fetching disk stats: Incorrect function.; disk stats will be empty.
I231210 16:36:25.370324 180 server/status/runtime.go:522 ⋮ [n1] runtime stats: 134 MiB RSS, 165 goroutines, 32 MiB/5.7 MiB/45 MiB GO alloc/idle/total, 711 KiB/1.5 MiB CGO alloc/total, 1026.9 CGO/sec, 1.9/0.8 %(u/s)time, 0.0 %gc (0x), 3.6 KiB/3.6 KiB (r/w)net
I231210 16:36:34.832169 129 gossip/gossip.go:568 ⋮ [n1] gossip status (ok, 1 node‹›)
gossip client (0/3 cur/max conns)
gossip server (0/3 cur/max conns, infos 0/0 sent/received, bytes 0B/0B sent/received)
W231210 16:36:35.354668 180 server/status/runtime.go:459 ⋮ [n1] problem fetching disk stats: Incorrect function.; disk stats will be empty.
I231210 16:36:35.370627 180 server/status/runtime.go:522 ⋮ [n1] runtime stats: 135 MiB RSS, 165 goroutines, 22 MiB/14 MiB/46 MiB GO alloc/idle/total, 711 KiB/1.5 MiB CGO alloc/total, 1037.6 CGO/sec, 2.6/0.5 %(u/s)time, 0.0 %gc (1x), 1.2 KiB/966 B (r/w)net
W231210 16:36:45.355093 180 server/status/runtime.go:459 ⋮ [n1] problem fetching disk stats: Incorrect function.; disk stats will be empty.
I231210 16:36:45.362411 180 server/status/runtime.go:522 ⋮ [n1] runtime stats: 136 MiB RSS, 164 goroutines, 30 MiB/7.5 MiB/46 MiB GO alloc/idle/total, 711 KiB/1.5 MiB CGO alloc/total, 1103.6 CGO/sec, 1.7/0.8 %(u/s)time, 0.0 %gc (0x), 1002 B/812 B (r/w)net
W231210 16:36:55.356924 180 server/status/runtime.go:459 ⋮ [n1] problem fetching disk stats: Incorrect function.; disk stats will be empty.
I231210 16:36:55.375349 180 server/status/runtime.go:522 ⋮ [n1] runtime stats: 136 MiB RSS, 165 goroutines, 22 MiB/14 MiB/46 MiB GO alloc/idle/total, 711 KiB/1.5 MiB CGO alloc/total, 1157.2 CGO/sec, 2.8/0.3 %(u/s)time, 0.0 %gc (1x), 840 B/730 B (r/w)net
W231210 16:37:05.358162 180 server/status/runtime.go:459 ⋮ [n1] problem fetching disk stats: Incorrect function.; disk stats will be empty.
I231210 16:37:05.376258 180 server/status/runtime.go:522 ⋮ [n1] runtime stats: 136 MiB RSS, 164 goroutines, 28 MiB/8.9 MiB/46 MiB GO alloc/idle/total, 711 KiB/1.5 MiB CGO alloc/total, 1025.8 CGO/sec, 1.2/1.7 %(u/s)time, 0.0 %gc (0x), 755 B/528 B (r/w)net
W231210 16:37:15.359135 180 server/status/runtime.go:459 ⋮ [n1] problem fetching disk stats: Incorrect function.; disk stats will be empty.
I231210 16:37:15.376479 180 server/status/runtime.go:522 ⋮ [n1] runtime stats: 136 MiB RSS, 165 goroutines, 18 MiB/17 MiB/46 MiB GO alloc/idle/total, 711 KiB/1.5 MiB CGO alloc/total, 1047.9 CGO/sec, 3.1/1.1 %(u/s)time, 0.0 %gc (1x), 1.1 KiB/916 B (r/w)net
W231210 16:37:25.370973 180 server/status/runtime.go:459 ⋮ [n1] problem fetching disk stats: Incorrect function.; disk stats will be empty.
I231210 16:37:25.395926 180 server/status/runtime.go:522 ⋮ [n1] runtime stats: 137 MiB RSS, 165 goroutines, 26 MiB/11 MiB/46 MiB GO alloc/idle/total, 711 KiB/1.5 MiB CGO alloc/total, 1018.2 CGO/sec, 1.7/0.9 %(u/s)time, 0.0 %gc (0x), 22 KiB/13 KiB (r/w)net
I231210 16:37:34.851111 129 gossip/gossip.go:568 ⋮ [n1] gossip status (ok, 1 node‹›)
gossip client (0/3 cur/max conns)
gossip server (0/3 cur/max conns, infos 0/0 sent/received, bytes 0B/0B sent/received)
W231210 16:37:35.368814 180 server/status/runtime.go:459 ⋮ [n1] problem fetching disk stats: Incorrect function.; disk stats will be empty.
I231210 16:37:35.393203 180 server/status/runtime.go:522 ⋮ [n1] runtime stats: 137 MiB RSS, 165 goroutines, 32 MiB/5.7 MiB/46 MiB GO alloc/idle/total, 711 KiB/1.5 MiB CGO alloc/total, 1022.8 CGO/sec, 0.8/0.8 %(u/s)time, 0.0 %gc (0x), 16 KiB/35 KiB (r/w)net
W231210 16:37:45.369843 180 server/status/runtime.go:459 ⋮ [n1] problem fetching disk stats: Incorrect function.; disk stats will be empty.
I231210 16:37:45.393115 180 server/status/runtime.go:522 ⋮ [n1] runtime stats: 137 MiB RSS, 164 goroutines, 24 MiB/12 MiB/46 MiB GO alloc/idle/total, 711 KiB/1.5 MiB CGO alloc/total, 1090.2 CGO/sec, 3.1/1.1 %(u/s)time, 0.0 %gc (1x), 671 B/558 B (r/w)net
W231210 16:37:55.372318 180 server/status/runtime.go:459 ⋮ [n1] problem fetching disk stats: Incorrect function.; disk stats will be empty.
I231210 16:37:55.432515 180 server/status/runtime.go:522 ⋮ [n1] runtime stats: 138 MiB RSS, 164 goroutines, 32 MiB/5.6 MiB/46 MiB GO alloc/idle/total, 711 KiB/1.5 MiB CGO alloc/total, 1167.4 CGO/sec, 3.0/1.2 %(u/s)time, 0.0 %gc (0x), 1.4 MiB/104 KiB (r/w)net
W231210 16:38:05.372289 180 server/status/runtime.go:459 ⋮ [n1] problem fetching disk stats: Incorrect function.; disk stats will be empty.
I231210 16:38:05.394658 180 server/status/runtime.go:522 ⋮ [n1] runtime stats: 138 MiB RSS, 164 goroutines, 22 MiB/13 MiB/46 MiB GO alloc/idle/total, 711 KiB/1.5 MiB CGO alloc/total, 1028.1 CGO/sec, 4.5/0.8 %(u/s)time, 0.0 %gc (1x), 1.1 MiB/103 KiB (r/w)net
W231210 16:38:15.373187 180 server/status/runtime.go:459 ⋮ [n1] problem fetching disk stats: Incorrect function.; disk stats will be empty.
I231210 16:38:15.399478 180 server/status/runtime.go:522 ⋮ [n1] runtime stats: 138 MiB RSS, 165 goroutines, 30 MiB/7.5 MiB/46 MiB GO alloc/idle/total, 711 KiB/1.5 MiB CGO alloc/total, 1059.9 CGO/sec, 2.5/1.2 %(u/s)time, 0.0 %gc (0x), 302 KiB/23 KiB (r/w)net
W231210 16:38:25.374533 180 server/status/runtime.go:459 ⋮ [n1] problem fetching disk stats: Incorrect function.; disk stats will be empty.
I231210 16:38:25.405337 180 server/status/runtime.go:522 ⋮ [n1] runtime stats: 138 MiB RSS, 165 goroutines, 21 MiB/14 MiB/46 MiB GO alloc/idle/total, 711 KiB/1.5 MiB CGO alloc/total, 1014.9 CGO/sec, 3.6/1.2 %(u/s)time, 0.0 %gc (1x), 126 KiB/71 KiB (r/w)net
I231210 16:38:34.830662 129 gossip/gossip.go:568 ⋮ [n1] gossip status (ok, 1 node‹›)
gossip client (0/3 cur/max conns)
gossip server (0/3 cur/max conns, infos 0/0 sent/received, bytes 0B/0B sent/received)
W231210 16:38:35.376640 180 server/status/runtime.go:459 ⋮ [n1] problem fetching disk stats: Incorrect function.; disk stats will be empty.
I231210 16:38:35.397446 180 server/status/runtime.go:522 ⋮ [n1] runtime stats: 139 MiB RSS, 165 goroutines, 28 MiB/9.6 MiB/46 MiB GO alloc/idle/total, 711 KiB/1.5 MiB CGO alloc/total, 1044.7 CGO/sec, 2.8/1.6 %(u/s)time, 0.0 %gc (0x), 1.6 KiB/755 B (r/w)net
W231210 16:38:45.379566 180 server/status/runtime.go:459 ⋮ [n1] problem fetching disk stats: Incorrect function.; disk stats will be empty.
I231210 16:38:45.417860 180 server/status/runtime.go:522 ⋮ [n1] runtime stats: 139 MiB RSS, 164 goroutines, 19 MiB/16 MiB/46 MiB GO alloc/idle/total, 711 KiB/1.5 MiB CGO alloc/total, 1084.9 CGO/sec, 4.1/1.4 %(u/s)time, 0.0 %gc (1x), 147 KiB/66 KiB (r/w)net
W231210 16:38:55.377525 180 server/status/runtime.go:459 ⋮ [n1] problem fetching disk stats: Incorrect function.; disk stats will be empty.
I231210 16:38:55.402224 180 server/status/runtime.go:522 ⋮ [n1] runtime stats: 139 MiB RSS, 164 goroutines, 27 MiB/11 MiB/46 MiB GO alloc/idle/total, 711 KiB/1.5 MiB CGO alloc/total, 1164.7 CGO/sec, 2.4/1.3 %(u/s)time, 0.0 %gc (0x), 143 KiB/104 KiB (r/w)net
W231210 16:39:05.737175 180 server/status/runtime.go:459 ⋮ [n1] problem fetching disk stats: Incorrect function.; disk stats will be empty.
I231210 16:39:05.758622 180 server/status/runtime.go:522 ⋮ [n1] runtime stats: 138 MiB RSS, 164 goroutines, 18 MiB/17 MiB/44 MiB GO alloc/idle/total, 711 KiB/1.5 MiB CGO alloc/total, 988.4 CGO/sec, 2.7/2.3 %(u/s)time, 0.0 %gc (1x), 3.5 KiB/4.2 KiB (r/w)net
W231210 16:39:15.409457 180 server/status/runtime.go:459 ⋮ [n1] problem fetching disk stats: Incorrect function.; disk stats will be empty.
I231210 16:39:15.429860 180 server/status/runtime.go:522 ⋮ [n1] runtime stats: 139 MiB RSS, 165 goroutines, 25 MiB/12 MiB/44 MiB GO alloc/idle/total, 711 KiB/1.5 MiB CGO alloc/total, 1051.8 CGO/sec, 1.4/0.7 %(u/s)time, 0.0 %gc (0x), 6.8 KiB/3.5 KiB (r/w)net
W231210 16:39:25.412742 180 server/status/runtime.go:459 ⋮ [n1] problem fetching disk stats: Incorrect function.; disk stats will be empty.
I231210 16:39:25.434647 180 server/status/runtime.go:522 ⋮ [n1] runtime stats: 139 MiB RSS, 165 goroutines, 32 MiB/6.4 MiB/44 MiB GO alloc/idle/total, 711 KiB/1.5 MiB CGO alloc/total, 1009.4 CGO/sec, 2.0/1.6 %(u/s)time, 0.0 %gc (0x), 2.1 KiB/1.3 KiB (r/w)net
I231210 16:39:34.847549 129 gossip/gossip.go:568 ⋮ [n1] gossip status (ok, 1 node‹›)
gossip client (0/3 cur/max conns)
gossip server (0/3 cur/max conns, infos 0/0 sent/received, bytes 0B/0B sent/received)
W231210 16:39:35.413365 180 server/status/runtime.go:459 ⋮ [n1] problem fetching disk stats: Incorrect function.; disk stats will be empty.
I231210 16:39:35.442186 180 server/status/runtime.go:522 ⋮ [n1] runtime stats: 139 MiB RSS, 165 goroutines, 23 MiB/13 MiB/44 MiB GO alloc/idle/total, 711 KiB/1.5 MiB CGO alloc/total, 1036.5 CGO/sec, 4.1/1.2 %(u/s)time, 0.0 %gc (1x), 826 B/559 B (r/w)net
W231210 16:39:45.418812 180 server/status/runtime.go:459 ⋮ [n1] problem fetching disk stats: Incorrect function.; disk stats will be empty.
I231210 16:39:45.438534 180 server/status/runtime.go:522 ⋮ [n1] runtime stats: 140 MiB RSS, 164 goroutines, 31 MiB/7.0 MiB/44 MiB GO alloc/idle/total, 711 KiB/1.5 MiB CGO alloc/total, 1088.1 CGO/sec, 3.6/0.3 %(u/s)time, 0.0 %gc (0x), 71 KiB/28 KiB (r/w)net
W231210 16:39:55.425090 180 server/status/runtime.go:459 ⋮ [n1] problem fetching disk stats: Incorrect function.; disk stats will be empty.
I231210 16:39:55.446323 180 server/status/runtime.go:522 ⋮ [n1] runtime stats: 140 MiB RSS, 164 goroutines, 22 MiB/14 MiB/45 MiB GO alloc/idle/total, 711 KiB/1.5 MiB CGO alloc/total, 1159.4 CGO/sec, 4.5/0.8 %(u/s)time, 0.0 %gc (1x), 32 KiB/17 KiB (r/w)net
W231210 16:40:05.428328 180 server/status/runtime.go:459 ⋮ [n1] problem fetching disk stats: Incorrect function.; disk stats will be empty.
I231210 16:40:05.452011 180 server/status/runtime.go:522 ⋮ [n1] runtime stats: 140 MiB RSS, 164 goroutines, 29 MiB/8.6 MiB/45 MiB GO alloc/idle/total, 711 KiB/1.5 MiB CGO alloc/total, 1027.6 CGO/sec, 1.9/1.7 %(u/s)time, 0.0 %gc (0x), 4.4 KiB/3.1 KiB (r/w)net
W231210 16:40:15.432595 180 server/status/runtime.go:459 ⋮ [n1] problem fetching disk stats: Incorrect function.; disk stats will be empty.
I231210 16:40:15.454155 180 server/status/runtime.go:522 ⋮ [n1] runtime stats: 141 MiB RSS, 165 goroutines, 20 MiB/16 MiB/45 MiB GO alloc/idle/total, 711 KiB/1.5 MiB CGO alloc/total, 1045.4 CGO/sec, 3.1/0.6 %(u/s)time, 0.0 %gc (1x), 779 B/648 B (r/w)net
W231210 16:40:25.437821 180 server/status/runtime.go:459 ⋮ [n1] problem fetching disk stats: Incorrect function.; disk stats will be empty.
I231210 16:40:25.458101 180 server/status/runtime.go:522 ⋮ [n1] runtime stats: 141 MiB RSS, 165 goroutines, 27 MiB/11 MiB/45 MiB GO alloc/idle/total, 711 KiB/1.5 MiB CGO alloc/total, 1016.5 CGO/sec, 1.7/0.6 %(u/s)time, 0.0 %gc (0x), 1.4 KiB/1.0 KiB (r/w)net
I231210 16:40:34.851612 129 gossip/gossip.go:568 ⋮ [n1] gossip status (ok, 1 node‹›)
gossip client (0/3 cur/max conns)
gossip server (0/3 cur/max conns, infos 0/0 sent/received, bytes 0B/0B sent/received)
W231210 16:40:35.438528 180 server/status/runtime.go:459 ⋮ [n1] problem fetching disk stats: Incorrect function.; disk stats will be empty.
I231210 16:40:35.458988 180 server/status/runtime.go:522 ⋮ [n1] runtime stats: 141 MiB RSS, 165 goroutines, 18 MiB/17 MiB/45 MiB GO alloc/idle/total, 711 KiB/1.5 MiB CGO alloc/total, 1045.9 CGO/sec, 3.1/1.6 %(u/s)time, 0.0 %gc (1x), 1.0 KiB/647 B (r/w)net
W231210 16:40:45.438016 180 server/status/runtime.go:459 ⋮ [n1] problem fetching disk stats: Incorrect function.; disk stats will be empty.
I231210 16:40:45.455075 180 server/status/runtime.go:522 ⋮ [n1] runtime stats: 141 MiB RSS, 164 goroutines, 26 MiB/11 MiB/45 MiB GO alloc/idle/total, 711 KiB/1.5 MiB CGO alloc/total, 1094.2 CGO/sec, 2.8/1.3 %(u/s)time, 0.0 %gc (0x), 471 B/345 B (r/w)net
W231210 16:40:55.440468 180 server/status/runtime.go:459 ⋮ [n1] problem fetching disk stats: Incorrect function.; disk stats will be empty.
I231210 16:40:55.490695 180 server/status/runtime.go:522 ⋮ [n1] runtime stats: 142 MiB RSS, 164 goroutines, 18 MiB/17 MiB/45 MiB GO alloc/idle/total, 711 KiB/1.5 MiB CGO alloc/total, 1163.5 CGO/sec, 3.3/0.6 %(u/s)time, 0.0 %gc (1x), 14 KiB/10 KiB (r/w)net
W231210 16:41:05.549199 180 server/status/runtime.go:459 ⋮ [n1] problem fetching disk stats: Incorrect function.; disk stats will be empty.
I231210 16:41:05.568470 180 server/status/runtime.go:522 ⋮ [n1] runtime stats: 142 MiB RSS, 164 goroutines, 25 MiB/11 MiB/45 MiB GO alloc/idle/total, 711 KiB/1.5 MiB CGO alloc/total, 1022.5 CGO/sec, 2.8/1.9 %(u/s)time, 0.0 %gc (0x), 21 KiB/21 KiB (r/w)net
