I231213 15:13:59.628233 42 util/log/sync_buffer.go:195 ⋮ [config] file created at: 2023/12/13 15:13:59
I231213 15:13:59.628321 42 util/log/sync_buffer.go:195 ⋮ [config] running on machine: ‹DESKTOP-Q36URSU›
I231213 15:13:59.628392 42 util/log/sync_buffer.go:195 ⋮ [config] binary: CockroachDB CCL v20.2.3 (x86_64-w64-mingw32, built 2020/12/14 18:43:04, go1.13.14)
I231213 15:13:59.628447 42 util/log/sync_buffer.go:195 ⋮ [config] arguments: ‹[C:\Program Files\cockroach-v20.2.3.windows-6.2-amd64\cockroach.exe start-single-node --insecure --listen-addr 127.0.0.1]›
I231213 15:13:59.628510 42 util/log/sync_buffer.go:195 ⋮ [config] line format: [IWEF]yymmdd hh:mm:ss.uuuuuu goid file:line msg utf8=✓
I231213 15:13:59.608920 42 vendor/github.com/cockroachdb/pebble/version_set.go:142 ⋮ [n?] [JOB 1] MANIFEST created 000001
I231213 15:13:59.641279 42 vendor/github.com/cockroachdb/pebble/open.go:295 ⋮ [n?] [JOB 1] WAL created 000002
I231213 15:13:59.784072 25 vendor/github.com/cockroachdb/pebble/table_stats.go:118 ⋮ [n?] [JOB 2] all initial table stats loaded
I231213 15:14:00.825729 42 vendor/github.com/cockroachdb/pebble/compaction.go:1559 ⋮ [n?] [JOB 1] flushing: sstable created 000027
I231213 15:14:06.491699 42 vendor/github.com/cockroachdb/pebble/compaction.go:1559 ⋮ [n?] [JOB 1] flushing: sstable created 000028
I231213 15:14:10.057977 42 vendor/github.com/cockroachdb/pebble/open.go:295 ⋮ [n?] [JOB 1] WAL created 000029
I231213 15:14:10.285323 42 vendor/github.com/cockroachdb/pebble/version_set.go:442 ⋮ [n?] [JOB 1] MANIFEST created 000030
I231213 15:14:10.344047 42 vendor/github.com/cockroachdb/pebble/compaction.go:2298 ⋮ [n?] [JOB 1] WAL deleted 000022
I231213 15:14:10.915289 42 vendor/github.com/cockroachdb/pebble/compaction.go:2298 ⋮ [n?] [JOB 1] WAL deleted 000026
I231213 15:14:10.916817 42 vendor/github.com/cockroachdb/pebble/compaction.go:2305 ⋮ [n?] [JOB 1] MANIFEST deleted 000023
I231213 15:14:11.008379 98 vendor/github.com/cockroachdb/pebble/compaction.go:1369 ⋮ [n?] [JOB 2] compacting L0 [000027 000028] (341 K) + L6 [000025] (809 K)
I231213 15:14:11.267453 16 vendor/github.com/cockroachdb/pebble/table_stats.go:118 ⋮ [n?] [JOB 3] all initial table stats loaded
I231213 15:14:11.286866 98 vendor/github.com/cockroachdb/pebble/compaction.go:1559 ⋮ [n?] [JOB 2] compacting: sstable created 000032
I231213 15:14:12.941955 98 vendor/github.com/cockroachdb/pebble/compaction.go:1408 ⋮ [n?] [JOB 2] compacted L0 [000027 000028] (341 K) + L6 [000025] (809 K) -> L6 [000032] (1005 K), in 1.7s, output rate 599 K/s
I231213 15:14:13.025809 98 vendor/github.com/cockroachdb/pebble/compaction.go:2312 ⋮ [n?] [JOB 2] sstable deleted 000025
I231213 15:14:13.029267 98 vendor/github.com/cockroachdb/pebble/compaction.go:2312 ⋮ [n?] [JOB 2] sstable deleted 000027
I231213 15:14:13.039000 98 vendor/github.com/cockroachdb/pebble/compaction.go:2312 ⋮ [n?] [JOB 2] sstable deleted 000028
I231213 15:14:17.447756 112 vendor/github.com/cockroachdb/pebble/db.go:1366 ⋮ [n1] [JOB 4] WAL created 000033
