I231214 15:19:50.353752 11 util/log/sync_buffer.go:195 ⋮ [config] file created at: 2023/12/14 15:19:50
I231214 15:19:50.353779 11 util/log/sync_buffer.go:195 ⋮ [config] running on machine: ‹DESKTOP-Q36URSU›
I231214 15:19:50.353791 11 util/log/sync_buffer.go:195 ⋮ [config] binary: CockroachDB CCL v20.2.3 (x86_64-w64-mingw32, built 2020/12/14 18:43:04, go1.13.14)
I231214 15:19:50.353799 11 util/log/sync_buffer.go:195 ⋮ [config] arguments: ‹[C:\Program Files\cockroach-v20.2.3.windows-6.2-amd64\cockroach.exe start-single-node --insecure --listen-addr 127.0.0.1]›
I231214 15:19:50.353819 11 util/log/sync_buffer.go:195 ⋮ [config] line format: [IWEF]yymmdd hh:mm:ss.uuuuuu goid file:line msg utf8=✓
I231214 15:19:50.288589 11 vendor/github.com/cockroachdb/pebble/version_set.go:142 ⋮ [n?] [JOB 1] MANIFEST created 000001
I231214 15:19:50.387970 11 vendor/github.com/cockroachdb/pebble/open.go:295 ⋮ [n?] [JOB 1] WAL created 000002
I231214 15:19:50.573064 55 vendor/github.com/cockroachdb/pebble/table_stats.go:118 ⋮ [n?] [JOB 2] all initial table stats loaded
I231214 15:19:51.586007 11 vendor/github.com/cockroachdb/pebble/compaction.go:1559 ⋮ [n?] [JOB 1] flushing: sstable created 000034
I231214 15:19:54.631977 11 vendor/github.com/cockroachdb/pebble/compaction.go:1559 ⋮ [n?] [JOB 1] flushing: sstable created 000035
I231214 15:19:55.600346 11 vendor/github.com/cockroachdb/pebble/open.go:295 ⋮ [n?] [JOB 1] WAL created 000036
I231214 15:19:55.702134 11 vendor/github.com/cockroachdb/pebble/version_set.go:442 ⋮ [n?] [JOB 1] MANIFEST created 000037
I231214 15:19:55.808181 11 vendor/github.com/cockroachdb/pebble/compaction.go:2298 ⋮ [n?] [JOB 1] WAL deleted 000029
I231214 15:19:56.245004 11 vendor/github.com/cockroachdb/pebble/compaction.go:2298 ⋮ [n?] [JOB 1] WAL deleted 000033
I231214 15:19:56.245460 11 vendor/github.com/cockroachdb/pebble/compaction.go:2305 ⋮ [n?] [JOB 1] MANIFEST deleted 000030
I231214 15:19:56.246877 115 vendor/github.com/cockroachdb/pebble/compaction.go:1369 ⋮ [n?] [JOB 2] compacting L0 [000034 000035] (362 K) + L6 [000032] (1005 K)
I231214 15:19:56.427045 114 vendor/github.com/cockroachdb/pebble/table_stats.go:118 ⋮ [n?] [JOB 3] all initial table stats loaded
I231214 15:19:56.428066 115 vendor/github.com/cockroachdb/pebble/compaction.go:1559 ⋮ [n?] [JOB 2] compacting: sstable created 000039
I231214 15:19:57.469557 115 vendor/github.com/cockroachdb/pebble/compaction.go:1408 ⋮ [n?] [JOB 2] compacted L0 [000034 000035] (362 K) + L6 [000032] (1005 K) -> L6 [000039] (1.1 M), in 1.1s, output rate 1.0 M/s
I231214 15:19:57.597734 115 vendor/github.com/cockroachdb/pebble/compaction.go:2312 ⋮ [n1] [JOB 2] sstable deleted 000032
I231214 15:19:57.598441 115 vendor/github.com/cockroachdb/pebble/compaction.go:2312 ⋮ [n1] [JOB 2] sstable deleted 000034
I231214 15:19:57.600178 115 vendor/github.com/cockroachdb/pebble/compaction.go:2312 ⋮ [n1] [JOB 2] sstable deleted 000035
I231214 15:20:00.010895 148 vendor/github.com/cockroachdb/pebble/db.go:1366 ⋮ [n1] [JOB 4] WAL created 000040
