I231214 15:51:51.254007 14 util/log/sync_buffer.go:195 ⋮ [config] file created at: 2023/12/14 15:51:51
I231214 15:51:51.254033 14 util/log/sync_buffer.go:195 ⋮ [config] running on machine: ‹DESKTOP-Q36URSU›
I231214 15:51:51.254048 14 util/log/sync_buffer.go:195 ⋮ [config] binary: CockroachDB CCL v20.2.3 (x86_64-w64-mingw32, built 2020/12/14 18:43:04, go1.13.14)
I231214 15:51:51.254064 14 util/log/sync_buffer.go:195 ⋮ [config] arguments: ‹[C:\Program Files\cockroach-v20.2.3.windows-6.2-amd64\cockroach.exe start-single-node --insecure --listen-addr 127.0.0.1]›
I231214 15:51:51.254083 14 util/log/sync_buffer.go:195 ⋮ [config] line format: [IWEF]yymmdd hh:mm:ss.uuuuuu goid file:line msg utf8=✓
I231214 15:51:51.253132 14 vendor/github.com/cockroachdb/pebble/version_set.go:142 ⋮ [n?] [JOB 1] MANIFEST created 000001
I231214 15:51:51.279942 14 vendor/github.com/cockroachdb/pebble/open.go:295 ⋮ [n?] [JOB 1] WAL created 000002
I231214 15:51:51.398846 30 vendor/github.com/cockroachdb/pebble/table_stats.go:118 ⋮ [n?] [JOB 2] all initial table stats loaded
I231214 15:51:51.560893 14 vendor/github.com/cockroachdb/pebble/compaction.go:1559 ⋮ [n?] [JOB 1] flushing: sstable created 000041
I231214 15:51:51.973302 14 vendor/github.com/cockroachdb/pebble/compaction.go:1559 ⋮ [n?] [JOB 1] flushing: sstable created 000042
I231214 15:51:52.330768 14 vendor/github.com/cockroachdb/pebble/open.go:295 ⋮ [n?] [JOB 1] WAL created 000043
I231214 15:51:52.434222 14 vendor/github.com/cockroachdb/pebble/version_set.go:442 ⋮ [n?] [JOB 1] MANIFEST created 000044
I231214 15:51:52.491722 14 vendor/github.com/cockroachdb/pebble/compaction.go:2298 ⋮ [n?] [JOB 1] WAL deleted 000036
I231214 15:51:52.498669 14 vendor/github.com/cockroachdb/pebble/compaction.go:2298 ⋮ [n?] [JOB 1] WAL deleted 000040
I231214 15:51:52.499514 14 vendor/github.com/cockroachdb/pebble/compaction.go:2305 ⋮ [n?] [JOB 1] MANIFEST deleted 000037
I231214 15:51:52.501285 104 vendor/github.com/cockroachdb/pebble/compaction.go:1369 ⋮ [n?] [JOB 3] compacting L0 [000041 000042] (322 K) + L6 [000039] (1.1 M)
I231214 15:51:52.502523 103 vendor/github.com/cockroachdb/pebble/table_stats.go:118 ⋮ [n?] [JOB 2] all initial table stats loaded
I231214 15:51:52.505709 104 vendor/github.com/cockroachdb/pebble/compaction.go:1559 ⋮ [n?] [JOB 3] compacting: sstable created 000046
I231214 15:51:53.095184 104 vendor/github.com/cockroachdb/pebble/compaction.go:1408 ⋮ [n1] [JOB 3] compacted L0 [000041 000042] (322 K) + L6 [000039] (1.1 M) -> L6 [000046] (1.3 M), in 0.4s, output rate 3.6 M/s
I231214 15:51:53.102412 104 vendor/github.com/cockroachdb/pebble/compaction.go:2312 ⋮ [n1] [JOB 3] sstable deleted 000039
I231214 15:51:53.104950 104 vendor/github.com/cockroachdb/pebble/compaction.go:2312 ⋮ [n1] [JOB 3] sstable deleted 000041
I231214 15:51:53.106705 104 vendor/github.com/cockroachdb/pebble/compaction.go:2312 ⋮ [n1] [JOB 3] sstable deleted 000042
I231214 15:51:54.344335 141 vendor/github.com/cockroachdb/pebble/db.go:1366 ⋮ [n1] [JOB 4] WAL created 000047
I231214 16:29:44.506936 147 vendor/github.com/cockroachdb/pebble/db.go:1366 ⋮ [n1] [JOB 5] WAL created 000048
I231214 16:29:44.531992 28872 vendor/github.com/cockroachdb/pebble/compaction.go:953 ⋮ [n1] [JOB 6] flushing 2 memtables to L0
I231214 16:29:44.562849 28872 vendor/github.com/cockroachdb/pebble/compaction.go:1559 ⋮ [n1] [JOB 6] flushing: sstable created 000049
I231214 16:29:45.047450 28872 vendor/github.com/cockroachdb/pebble/compaction.go:1008 ⋮ [n1] [JOB 6] flushed 2 memtables to L0 [000049] (418 K), in 0.4s, output rate 958 K/s
I231214 16:29:45.056585 28876 vendor/github.com/cockroachdb/pebble/compaction.go:1369 ⋮ [n1] [JOB 7] compacting L0 [000049] (418 K) + L6 [000046] (1.3 M)
I231214 16:29:45.087447 28876 vendor/github.com/cockroachdb/pebble/compaction.go:1559 ⋮ [n1] [JOB 7] compacting: sstable created 000050
I231214 16:29:45.623637 28876 vendor/github.com/cockroachdb/pebble/compaction.go:1408 ⋮ [n1] [JOB 7] compacted L0 [000049] (418 K) + L6 [000046] (1.3 M) -> L6 [000050] (1.6 M), in 0.5s, output rate 3.1 M/s
I231214 16:29:45.628855 28876 vendor/github.com/cockroachdb/pebble/compaction.go:2312 ⋮ [n1] [JOB 7] sstable deleted 000046
I231214 16:29:45.630905 28876 vendor/github.com/cockroachdb/pebble/compaction.go:2312 ⋮ [n1] [JOB 7] sstable deleted 000049
I231214 17:07:34.573946 142 vendor/github.com/cockroachdb/pebble/db.go:1366 ⋮ [n1] [JOB 8] WAL created 000051 (recycled 000043)
I231214 17:07:34.588477 57092 vendor/github.com/cockroachdb/pebble/compaction.go:953 ⋮ [n1] [JOB 9] flushing 1 memtable to L0
I231214 17:07:34.589187 57092 vendor/github.com/cockroachdb/pebble/compaction.go:1559 ⋮ [n1] [JOB 9] flushing: sstable created 000052
I231214 17:07:35.579208 57092 vendor/github.com/cockroachdb/pebble/compaction.go:1008 ⋮ [n1] [JOB 9] flushed 1 memtable to L0 [000052] (412 K), in 0.9s, output rate 444 K/s
I231214 17:07:35.591240 57096 vendor/github.com/cockroachdb/pebble/compaction.go:1369 ⋮ [n1] [JOB 10] compacting L0 [000052] (412 K) + L6 [000050] (1.6 M)
I231214 17:07:35.606016 57096 vendor/github.com/cockroachdb/pebble/compaction.go:1559 ⋮ [n1] [JOB 10] compacting: sstable created 000053
I231214 17:07:36.291239 57096 vendor/github.com/cockroachdb/pebble/compaction.go:1408 ⋮ [n1] [JOB 10] compacted L0 [000052] (412 K) + L6 [000050] (1.6 M) -> L6 [000053] (1.8 M), in 0.7s, output rate 2.7 M/s
I231214 17:07:36.298652 57096 vendor/github.com/cockroachdb/pebble/compaction.go:2312 ⋮ [n1] [JOB 10] sstable deleted 000050
I231214 17:07:36.301701 57096 vendor/github.com/cockroachdb/pebble/compaction.go:2312 ⋮ [n1] [JOB 10] sstable deleted 000052
