I231231 04:05:31.930098 1 util/log/sync_buffer.go:195 ⋮ [config] file created at: 2023/12/31 04:05:31
I231231 04:05:31.930119 1 util/log/sync_buffer.go:195 ⋮ [config] running on machine: ‹DESKTOP-Q36URSU›
I231231 04:05:31.930130 1 util/log/sync_buffer.go:195 ⋮ [config] binary: CockroachDB CCL v20.2.3 (x86_64-w64-mingw32, built 2020/12/14 18:43:04, go1.13.14)
I231231 04:05:31.930137 1 util/log/sync_buffer.go:195 ⋮ [config] arguments: ‹[C:\Program Files\cockroach-v20.2.3.windows-6.2-amd64\cockroach.exe start-single-node --insecure --listen-addr 127.0.0.1]›
I231231 04:05:31.930154 1 util/log/sync_buffer.go:195 ⋮ [config] line format: [IWEF]yymmdd hh:mm:ss.uuuuuu goid file:line msg utf8=✓
W231231 04:05:31.929297 1 cli/start.go:1139 ⋮ ALL SECURITY CONTROLS HAVE BEEN DISABLED!

This mode is intended for non-production testing only.

In this mode:
- Your cluster is open to any client that can access ‹127.0.0.1›.
- Intruders with access to your machine or network can observe client-server traffic.
- Intruders can log in without password and read or write any data in the cluster.
- Intruders can consume all your server's resources and cause unavailability.
I231231 04:05:31.936623 1 cli/start.go:1149 ⋮ To start a secure server without mandating TLS for clients,
consider --accept-sql-without-tls instead. For other options, see:

- ‹https://go.crdb.dev/issue-v/53404/v20.2›
- https://www.cockroachlabs.com/docs/v20.2/secure-a-cluster.html
W231231 04:05:31.936737 1 cli/start.go:983 ⋮ ‹Using the default setting for --cache (128 MiB).›
‹  A significantly larger value is usually needed for good performance.›
‹  If you have a dedicated server a reasonable setting is --cache=.25 (2.0 GiB).›
I231231 04:05:31.936806 1 cli/start.go:1164 ⋮ ‹CockroachDB CCL v20.2.3 (x86_64-w64-mingw32, built 2020/12/14 18:43:04, go1.13.14)›
I231231 04:05:31.952742 1 server/config.go:434 ⋮ system total memory: ‹7.9 GiB›
I231231 04:05:31.952804 1 server/config.go:436 ⋮ server configuration:
‹max offset             500000000›
‹cache size             128 MiB›
‹SQL memory pool size   2.0 GiB›
‹scan interval          10m0s›
‹scan min idle time     10ms›
‹scan max idle time     1s›
‹event log enabled      true›
I231231 04:05:31.952960 1 cli/start.go:968 ⋮ process identity: ‹uid S-1-5-21-1398560072-253756905-2351049174-1001, gid S-1-5-21-1398560072-253756905-2351049174-513›
I231231 04:05:31.963968 1 cli/start.go:504 ⋮ GEOS loaded from directory ‹C:\Program Files\cockroach-v20.2.3.windows-6.2-amd64\lib›
I231231 04:05:31.964045 1 cli/start.go:509 ⋮ starting cockroach node
E231231 04:05:31.965108 53 server/status/runtime.go:328 ⋮ [n?] could not get initial disk IO counters: Incorrect function.
I231231 04:05:32.313677 53 server/server.go:782 ⋮ [n?] monitoring forward clock jumps based on server.clock.forward_jump_check_enabled
I231231 04:05:32.899163 53 server/config.go:625 ⋮ [n?] 1 storage engine‹› initialized
I231231 04:05:32.899352 53 server/config.go:628 ⋮ [n?] ‹Pebble cache size: 128 MiB›
I231231 04:05:32.899437 53 server/config.go:628 ⋮ [n?] ‹store 0: RocksDB, max size 0 B, max open file limit 10000›
I231231 04:05:32.963596 104 server/server.go:1416 ⋮ [n?] connecting to gossip network to verify cluster ID ‹"82c4472b-2e0b-4098-a55e-d93881b12bd5"›
I231231 04:05:33.029904 53 gossip/gossip.go:403 ⋮ [n1] NodeDescriptor set to ‹node_id:1 address:<network_field:"tcp" address_field:"127.0.0.1:26257" > attrs:<> locality:<> ServerVersion:<major_val:20 minor_val:2 patch:0 unstable:0 > build_tag:"v20.2.3" started_at:1703995533029883300 cluster_name:"" sql_address:<network_field:"tcp" address_field:"127.0.0.1:26257" >›
W231231 04:05:33.042331 163 kv/kvserver/replica_range_lease.go:555 ⋮ [n1,s1,r6/1:‹/Table/{SystemCon…-11}›] can't determine lease status of (n1,s1):1 due to node liveness error: node not in the liveness table
(1) attached stack trace
  -- stack trace:
  | github.com/cockroachdb/cockroach/pkg/kv/kvserver.init
  | 	/go/src/github.com/cockroachdb/cockroach/pkg/kv/kvserver/node_liveness.go:45
  | runtime.doInit
  | 	/usr/local/go/src/runtime/proc.go:5228
  | runtime.doInit
  | 	/usr/local/go/src/runtime/proc.go:5223
  | runtime.doInit
  | 	/usr/local/go/src/runtime/proc.go:5223
  | runtime.doInit
  | 	/usr/local/go/src/runtime/proc.go:5223
  | runtime.doInit
  | 	/usr/local/go/src/runtime/proc.go:5223
  | runtime.main
  | 	/usr/local/go/src/runtime/proc.go:190
  | runtime.goexit
  | 	/usr/local/go/src/runtime/asm_amd64.s:1357
Wraps: (2) node not in the liveness table
Error types: (1) *withstack.withStack (2) *errutil.leafError
W231231 04:05:33.042593 163 kv/kvserver/store.go:1704 ⋮ [n1,s1,r6/1:‹/Table/{SystemCon…-11}›] could not gossip system config: ‹[NotLeaseHolderError] r6: replica (n1,s1):1 not lease holder; lease holder unknown›
(1) ‹[NotLeaseHolderError] r6: replica (n1,s1):1 not lease holder; lease holder unknown›
Error types: (1) *roachpb.NotLeaseHolderError
I231231 04:05:33.044860 104 server/server.go:1419 ⋮ [n1] node connected via gossip
I231231 04:05:33.049585 53 server/node.go:430 ⋮ [n1] initialized store [n1,s1]: disk (capacity=416 GiB, available=125 GiB, used=8.0 MiB, logicalBytes=16 MiB), ranges=36, leases=0, queries=0.00, writes=0.00, bytesPerReplica={p10=0.00 p25=0.00 p50=0.00 p75=1569.00 p90=13896.00 pMax=16869492.00}, writesPerReplica={p10=0.00 p25=0.00 p50=0.00 p75=0.00 p90=0.00 pMax=0.00}
I231231 04:05:33.049953 53 kv/kvserver/stores.go:236 ⋮ [n1] read 0 node addresses from persistent storage
W231231 04:05:33.095352 163 kv/kvserver/store.go:1704 ⋮ [n1,s1,r6/1:‹/Table/{SystemCon…-11}›] could not gossip system config: ‹[NotLeaseHolderError] r6: replica (n1,s1):1 not lease holder; lease holder unknown›
(1) ‹[NotLeaseHolderError] r6: replica (n1,s1):1 not lease holder; lease holder unknown›
Error types: (1) *roachpb.NotLeaseHolderError
W231231 04:05:33.191539 163 kv/kvserver/store.go:1704 ⋮ [n1,s1,r6/1:‹/Table/{SystemCon…-11}›] could not gossip system config: ‹[NotLeaseHolderError] r6: replica (n1,s1):1 not lease holder; lease holder unknown›
(1) ‹[NotLeaseHolderError] r6: replica (n1,s1):1 not lease holder; lease holder unknown›
Error types: (1) *roachpb.NotLeaseHolderError
I231231 04:05:33.269065 53 server/node.go:489 ⋮ [n1] started with engine type ‹2›
I231231 04:05:33.269411 53 server/node.go:491 ⋮ [n1] started with attributes ‹[]›
I231231 04:05:33.270014 53 server/goroutinedumper/goroutinedumper.go:120 ⋮ [n1] writing goroutine dumps to ‹D:\lain\cockroach-data\logs\goroutine_dump›
I231231 04:05:33.270221 53 server/heapprofiler/heapprofiler.go:49 ⋮ [n1] writing go heap profiles to ‹D:\lain\cockroach-data\logs\heap_profiler› at least every 1h0m0s
I231231 04:05:33.270376 53 server/heapprofiler/cgoprofiler.go:53 ⋮ [n1] to enable jmalloc profiling: "export MALLOC_CONF=prof:true" or "ln -s prof:true /etc/malloc.conf"
I231231 04:05:33.270476 53 server/heapprofiler/statsprofiler.go:54 ⋮ [n1] writing memory stats to ‹D:\lain\cockroach-data\logs\heap_profiler› at last every 1h0m0s
I231231 04:05:33.270642 53 server/server.go:1536 ⋮ [n1] starting http server at ‹127.0.0.1:8080› (use: ‹127.0.0.1:8080›)
I231231 04:05:33.270803 53 server/server.go:1543 ⋮ [n1] starting grpc/postgres server at ‹127.0.0.1:26257›
I231231 04:05:33.270925 53 server/server.go:1544 ⋮ [n1] advertising CockroachDB node at ‹127.0.0.1:26257›
I231231 04:05:33.929140 53 sql/sqlliveness/slinstance/slinstance.go:252 ⋮ [n1] starting SQL liveness instance
I231231 04:05:33.930486 53 server/server_sql.go:753 ⋮ [n1] done ensuring all necessary migrations have run
I231231 04:05:33.930585 53 server/server.go:1876 ⋮ [n1] serving sql connections
I231231 04:05:33.931329 53 cli/start.go:670 ⋮ [config] clusterID: ‹82c4472b-2e0b-4098-a55e-d93881b12bd5›
I231231 04:05:33.931476 53 cli/start.go:680 ⋮ node startup completed:
CockroachDB node starting at 2023-12-31 04:05:33.9310097 +0000 UTC (took 2.1s)
build:               CCL v20.2.3 @ 2020/12/14 18:43:04 (go1.13.14)
webui:               ‹http://127.0.0.1:8080›
sql:                 ‹postgresql://root@127.0.0.1:26257?sslmode=disable›
RPC client flags:    ‹C:\Program Files\cockroach-v20.2.3.windows-6.2-amd64\cockroach.exe <client cmd> --host=127.0.0.1:26257 --insecure›
logs:                ‹D:\lain\cockroach-data\logs›
temp dir:            ‹D:\lain\cockroach-data\cockroach-temp078697331›
external I/O path:   ‹D:\lain\cockroach-data\extern›
store[0]:            ‹path=D:\lain\cockroach-data›
storage engine:      pebble
status:              restarted pre-existing node
clusterID:           ‹82c4472b-2e0b-4098-a55e-d93881b12bd5›
nodeID:              1
I231231 04:05:33.948281 309 sql/temporary_schema.go:497 ⋮ [n1] running temporary object cleanup background job
I231231 04:05:33.948379 323 jobs/job_scheduler.go:346 ⋮ [n1] waiting 4m0s before scheduled jobs daemon start
I231231 04:05:34.233906 309 sql/temporary_schema.go:532 ⋮ [n1] found 0 temporary schemas
I231231 04:05:34.233985 309 sql/temporary_schema.go:535 ⋮ [n1] early exiting temporary schema cleaner as no temporary schemas were found
I231231 04:05:34.234018 309 sql/temporary_schema.go:536 ⋮ [n1] completed temporary object cleanup job
I231231 04:05:34.234055 309 sql/temporary_schema.go:614 ⋮ [n1] temporary object cleaner next scheduled to run at 2023-12-31 04:35:33.9463016 +0000 UTC
I231231 04:05:34.241495 324 server/server_update.go:55 ⋮ [n1] no need to upgrade, cluster already at the newest version
I231231 04:05:34.588658 307 sql/sqlliveness/slstorage/slstorage.go:342 ⋮ [n1] inserted sqlliveness session ‹1981d18fc838462eb59fc6be0f61aacf›
I231231 04:05:34.588757 307 sql/sqlliveness/slinstance/slinstance.go:143 ⋮ [n1] created new SQL liveness session ‹1981d18fc838462eb59fc6be0f61aacf›
I231231 04:05:34.801742 241 sql/event_log.go:162 ⋮ [n1] Event: ‹"node_restart"›, target: 1, info: ‹{Descriptor:{NodeID:1 Address:127.0.0.1:26257 Attrs: Locality: ServerVersion:20.2 BuildTag:v20.2.3 StartedAt:1703995533029883300 LocalityAddress:[] ClusterName: SQLAddress:127.0.0.1:26257} ClusterID:82c4472b-2e0b-4098-a55e-d93881b12bd5 StartedAt:1703995533029883300 LastUp:1703995513029182900}›
I231231 04:05:34.867860 118 gossip/gossip.go:1508 ⋮ [n1] node has connected to cluster via gossip
I231231 04:05:34.915716 118 kv/kvserver/stores.go:255 ⋮ [n1] wrote 0 node addresses to persistent storage
I231231 04:05:40.269835 325 server/updates.go:241 ⋮ [n1] a new version is available: ‹23.1.13›, details: ‹https://www.cockroachlabs.com/docs/releases/v23.1#v23-1-13›
W231231 04:05:43.273870 173 server/status/runtime.go:449 ⋮ [n1] unable to get file descriptor usage (will not try again): ‹not implemented on windows›
W231231 04:05:43.275089 173 server/status/runtime.go:459 ⋮ [n1] problem fetching disk stats: Incorrect function.; disk stats will be empty.
I231231 04:05:43.303980 173 server/status/runtime.go:522 ⋮ [n1] runtime stats: 92 MiB RSS, 179 goroutines, 27 MiB/2.3 MiB/38 MiB GO alloc/idle/total, 622 KiB/1.3 MiB CGO alloc/total, 0.0 CGO/sec, 0.0/0.0 %(u/s)time, 0.0 %gc (13x), 8.5 KiB/3.4 KiB (r/w)net
W231231 04:05:53.274425 173 server/status/runtime.go:459 ⋮ [n1] problem fetching disk stats: Incorrect function.; disk stats will be empty.
I231231 04:05:53.294811 179 kv/kvserver/store.go:2638 ⋮ [n1,s1] sstables (read amplification = 1):
‹6 [ 433K 1 ]: 433K›
I231231 04:05:53.295860 179 kv/kvserver/store.go:2639 ⋮ [n1,s1] ‹›
‹__level_____count____size___score______in__ingest(sz_cnt)____move(sz_cnt)___write(sz_cnt)____read___r-amp___w-amp›
‹    WAL         2   566 K       -   562 K       -       -       -       -   566 K       -       -       -     1.0›
‹      0         0     0 B    0.00     0 B     0 B       0     0 B       0     0 B       0     0 B       0     0.0›
‹      1         0     0 B    0.00     0 B     0 B       0     0 B       0     0 B       0     0 B       0     0.0›
‹      2         0     0 B    0.00     0 B     0 B       0     0 B       0     0 B       0     0 B       0     0.0›
‹      3         0     0 B    0.00     0 B     0 B       0     0 B       0     0 B       0     0 B       0     0.0›
‹      4         0     0 B    0.00     0 B     0 B       0     0 B       0     0 B       0     0 B       0     0.0›
‹      5         0     0 B    0.00     0 B     0 B       0     0 B       0     0 B       0     0 B       0     0.0›
‹      6         1   433 K       -   446 K     0 B       0     0 B       0   433 K       1   3.5 M       1     1.0›
‹  total         1   433 K       -   566 K     0 B       0     0 B       0  1000 K       1   3.5 M       1     1.8›
‹  flush         0›
‹compact         1     0 B          (size == estimated-debt)›
‹ memtbl         2    16 M›
‹zmemtbl         0     0 B›
‹   ztbl         0     0 B›
‹ bcache        14   441 K   82.2%  (score == hit-rate)›
‹ tcache         1   616 B   99.8%  (score == hit-rate)›
‹ titers         0›
‹ filter         -       -   74.8%  (score == utility)›
I231231 04:05:53.298455 173 server/status/runtime.go:522 ⋮ [n1] runtime stats: 96 MiB RSS, 174 goroutines, 25 MiB/7.7 MiB/43 MiB GO alloc/idle/total, 622 KiB/1.3 MiB CGO alloc/total, 522.2 CGO/sec, 3.4/1.9 %(u/s)time, 0.0 %gc (1x), 6.7 KiB/4.0 KiB (r/w)net
W231231 04:06:03.275797 173 server/status/runtime.go:459 ⋮ [n1] problem fetching disk stats: Incorrect function.; disk stats will be empty.
I231231 04:06:03.299845 173 server/status/runtime.go:522 ⋮ [n1] runtime stats: 98 MiB RSS, 174 goroutines, 32 MiB/2.0 MiB/43 MiB GO alloc/idle/total, 622 KiB/1.3 MiB CGO alloc/total, 452.1 CGO/sec, 3.4/1.6 %(u/s)time, 0.0 %gc (0x), 280 B/130 B (r/w)net
I231231 04:06:06.326109 1033 kv/kvserver/replica_consistency.go:257 ⋮ [n1,consistencyChecker,s1,r4/1:‹/System{/tsd-tse}›] triggering stats recomputation to resolve delta of {ContainsEstimates:775000 LastUpdateNanos:1703995563945993700 IntentAge:0 GCBytesAge:0 LiveBytes:14956122 LiveCount:-5558 KeyBytes:-278098 KeyCount:-5558 ValBytes:15234220 ValCount:-5558 IntentBytes:0 IntentCount:0 SysBytes:0 SysCount:0 AbortSpanBytes:0}
W231231 04:06:13.276270 173 server/status/runtime.go:459 ⋮ [n1] problem fetching disk stats: Incorrect function.; disk stats will be empty.
I231231 04:06:13.302325 173 server/status/runtime.go:522 ⋮ [n1] runtime stats: 100 MiB RSS, 174 goroutines, 17 MiB/22 MiB/43 MiB GO alloc/idle/total, 622 KiB/1.3 MiB CGO alloc/total, 526.5 CGO/sec, 8.6/2.7 %(u/s)time, 0.0 %gc (5x), 331 KiB/22 KiB (r/w)net
I231231 04:06:14.936506 306 sql/sqlliveness/slstorage/slstorage.go:320 ⋮ [n1] deleted 1 expired SQL liveness sessions
W231231 04:06:23.276735 173 server/status/runtime.go:459 ⋮ [n1] problem fetching disk stats: Incorrect function.; disk stats will be empty.
I231231 04:06:23.314800 173 server/status/runtime.go:522 ⋮ [n1] runtime stats: 101 MiB RSS, 174 goroutines, 24 MiB/16 MiB/43 MiB GO alloc/idle/total, 622 KiB/1.3 MiB CGO alloc/total, 358.3 CGO/sec, 1.7/1.1 %(u/s)time, 0.0 %gc (0x), 67 KiB/5.4 KiB (r/w)net
W231231 04:06:33.278396 173 server/status/runtime.go:459 ⋮ [n1] problem fetching disk stats: Incorrect function.; disk stats will be empty.
I231231 04:06:33.305686 180 gossip/gossip.go:568 ⋮ [n1] gossip status (ok, 1 node‹›)
gossip client (0/3 cur/max conns)
gossip server (0/3 cur/max conns, infos 0/0 sent/received, bytes 0B/0B sent/received)
gossip connectivity
  n1 [sentinel];
I231231 04:06:33.316927 173 server/status/runtime.go:522 ⋮ [n1] runtime stats: 101 MiB RSS, 174 goroutines, 21 MiB/19 MiB/43 MiB GO alloc/idle/total, 623 KiB/1.3 MiB CGO alloc/total, 351.6 CGO/sec, 3.9/1.4 %(u/s)time, 0.0 %gc (1x), 132 KiB/3.1 KiB (r/w)net
W231231 04:06:43.278712 173 server/status/runtime.go:459 ⋮ [n1] problem fetching disk stats: Incorrect function.; disk stats will be empty.
I231231 04:06:43.306316 173 server/status/runtime.go:522 ⋮ [n1] runtime stats: 102 MiB RSS, 173 goroutines, 29 MiB/12 MiB/43 MiB GO alloc/idle/total, 623 KiB/1.3 MiB CGO alloc/total, 499.9 CGO/sec, 3.6/2.3 %(u/s)time, 0.0 %gc (0x), 774 B/398 B (r/w)net
W231231 04:06:53.280100 173 server/status/runtime.go:459 ⋮ [n1] problem fetching disk stats: Incorrect function.; disk stats will be empty.
I231231 04:06:53.304654 173 server/status/runtime.go:522 ⋮ [n1] runtime stats: 106 MiB RSS, 173 goroutines, 18 MiB/20 MiB/47 MiB GO alloc/idle/total, 623 KiB/1.3 MiB CGO alloc/total, 289.9 CGO/sec, 3.0/1.3 %(u/s)time, 0.0 %gc (1x), 228 B/75 B (r/w)net
I231231 04:06:57.598861 1 cli/start.go:733 ⋮ received signal 'interrupt'
I231231 04:06:57.625060 1 cli/start.go:817 ⋮ initiating graceful shutdown of server
I231231 04:06:57.770630 1713 server/drain.go:175 ⋮ [server drain process] drain remaining: 1
I231231 04:06:57.810336 1713 server/drain.go:177 ⋮ [server drain process] drain details: liveness record: 1
I231231 04:06:58.156950 1713 server/drain.go:175 ⋮ [server drain process] drain remaining: 0
I231231 04:06:58.180796 1713 util/stop/stopper.go:563 ⋮ [server drain process] quiescing
W231231 04:06:58.205928 307 sql/sqlliveness/slinstance/slinstance.go:182 ⋮ [n1] exiting heartbeat loop
W231231 04:06:58.206813 318 jobs/registry.go:672 ⋮ canceling all adopted jobs due to stopper quiescing
I231231 04:06:58.244508 129 kv/kvserver/queue.go:582 ⋮ [n1,s1] rate limited in MaybeAdd (gc): ‹node unavailable; try another peer›
I231231 04:06:58.279398 129 kv/kvserver/queue.go:582 ⋮ [n1,s1] rate limited in MaybeAdd (merge): ‹node unavailable; try another peer›
I231231 04:06:58.304046 129 kv/kvserver/queue.go:582 ⋮ [n1,s1] rate limited in MaybeAdd (split): ‹node unavailable; try another peer›
I231231 04:06:58.328341 129 kv/kvserver/queue.go:582 ⋮ [n1,s1] rate limited in MaybeAdd (replicate): ‹node unavailable; try another peer›
I231231 04:06:58.353795 129 kv/kvserver/queue.go:582 ⋮ [n1,s1] rate limited in MaybeAdd (replicaGC): ‹node unavailable; try another peer›
I231231 04:06:58.377536 129 kv/kvserver/queue.go:582 ⋮ [n1,s1] rate limited in MaybeAdd (raftlog): ‹node unavailable; try another peer›
I231231 04:06:58.402900 129 kv/kvserver/queue.go:582 ⋮ [n1,s1] rate limited in MaybeAdd (raftsnapshot): ‹node unavailable; try another peer›
I231231 04:06:58.427301 129 kv/kvserver/queue.go:582 ⋮ [n1,s1] rate limited in MaybeAdd (consistencyChecker): ‹node unavailable; try another peer›
I231231 04:06:58.451622 129 kv/kvserver/queue.go:582 ⋮ [n1,s1] rate limited in MaybeAdd (timeSeriesMaintenance): ‹node unavailable; try another peer›
I231231 04:06:58.625335 1 cli/start.go:869 ⋮ server drained and shutdown completed
E231231 04:06:58.695666 1 cli/error.go:398 ⋮ ‹ERROR: interrupted›
