I231215 15:30:36.899203 53 util/log/sync_buffer.go:195 ⋮ [config] file created at: 2023/12/15 15:30:36
I231215 15:30:36.899250 53 util/log/sync_buffer.go:195 ⋮ [config] running on machine: ‹DESKTOP-Q36URSU›
I231215 15:30:36.899291 53 util/log/sync_buffer.go:195 ⋮ [config] binary: CockroachDB CCL v20.2.3 (x86_64-w64-mingw32, built 2020/12/14 18:43:04, go1.13.14)
I231215 15:30:36.899335 53 util/log/sync_buffer.go:195 ⋮ [config] arguments: ‹[C:\Program Files\cockroach-v20.2.3.windows-6.2-amd64\cockroach.exe start-single-node --insecure --listen-addr 127.0.0.1]›
I231215 15:30:36.899373 53 util/log/sync_buffer.go:195 ⋮ [config] line format: [IWEF]yymmdd hh:mm:ss.uuuuuu goid file:line msg utf8=✓
I231215 15:30:36.882737 53 vendor/github.com/cockroachdb/pebble/version_set.go:142 ⋮ [n?] [JOB 1] MANIFEST created 000001
I231215 15:30:36.904674 53 vendor/github.com/cockroachdb/pebble/open.go:295 ⋮ [n?] [JOB 1] WAL created 000002
I231215 15:30:37.012587 57 vendor/github.com/cockroachdb/pebble/table_stats.go:118 ⋮ [n?] [JOB 2] all initial table stats loaded
I231215 15:30:37.084919 53 vendor/github.com/cockroachdb/pebble/compaction.go:1559 ⋮ [n?] [JOB 1] flushing: sstable created 000078
I231215 15:30:37.260717 53 vendor/github.com/cockroachdb/pebble/compaction.go:1559 ⋮ [n?] [JOB 1] flushing: sstable created 000079
I231215 15:30:37.567268 53 vendor/github.com/cockroachdb/pebble/open.go:295 ⋮ [n?] [JOB 1] WAL created 000080
I231215 15:30:37.685833 53 vendor/github.com/cockroachdb/pebble/version_set.go:442 ⋮ [n?] [JOB 1] MANIFEST created 000081
I231215 15:30:37.719803 53 vendor/github.com/cockroachdb/pebble/compaction.go:2298 ⋮ [n?] [JOB 1] WAL deleted 000073
I231215 15:30:37.728191 53 vendor/github.com/cockroachdb/pebble/compaction.go:2298 ⋮ [n?] [JOB 1] WAL deleted 000077
I231215 15:30:37.730272 53 vendor/github.com/cockroachdb/pebble/compaction.go:2305 ⋮ [n?] [JOB 1] MANIFEST deleted 000074
I231215 15:30:37.732951 101 vendor/github.com/cockroachdb/pebble/compaction.go:1369 ⋮ [n?] [JOB 2] compacting L0 [000078 000079] (151 K) + L6 [000076] (2.3 M)
I231215 15:30:37.736631 100 vendor/github.com/cockroachdb/pebble/table_stats.go:118 ⋮ [n?] [JOB 3] all initial table stats loaded
I231215 15:30:37.741345 101 vendor/github.com/cockroachdb/pebble/compaction.go:1559 ⋮ [n?] [JOB 2] compacting: sstable created 000083
I231215 15:30:38.801330 101 vendor/github.com/cockroachdb/pebble/compaction.go:1408 ⋮ [n1] [JOB 2] compacted L0 [000078 000079] (151 K) + L6 [000076] (2.3 M) -> L6 [000083] (2.3 M), in 1.0s, output rate 2.4 M/s
I231215 15:30:38.848200 101 vendor/github.com/cockroachdb/pebble/compaction.go:2312 ⋮ [n1] [JOB 2] sstable deleted 000076
I231215 15:30:38.852865 101 vendor/github.com/cockroachdb/pebble/compaction.go:2312 ⋮ [n1] [JOB 2] sstable deleted 000078
I231215 15:30:38.867337 101 vendor/github.com/cockroachdb/pebble/compaction.go:2312 ⋮ [n1] [JOB 2] sstable deleted 000079
I231215 15:30:39.034932 167 vendor/github.com/cockroachdb/pebble/db.go:1366 ⋮ [n1] [JOB 4] WAL created 000084
I231215 15:39:59.147870 113 vendor/github.com/cockroachdb/pebble/db.go:1366 ⋮ [n1] [JOB 5] WAL created 000085
I231215 15:58:49.472301 160 vendor/github.com/cockroachdb/pebble/db.go:1366 ⋮ [n1] [JOB 6] WAL created 000086
I231215 15:58:49.501794 21462 vendor/github.com/cockroachdb/pebble/compaction.go:953 ⋮ [n1] [JOB 7] flushing 3 memtables to L0
I231215 15:58:49.505661 21462 vendor/github.com/cockroachdb/pebble/compaction.go:1559 ⋮ [n1] [JOB 7] flushing: sstable created 000087
I231215 15:58:50.010242 21462 vendor/github.com/cockroachdb/pebble/compaction.go:1008 ⋮ [n1] [JOB 7] flushed 3 memtables to L0 [000087] (338 K), in 0.4s, output rate 752 K/s
I231215 15:58:50.019246 21481 vendor/github.com/cockroachdb/pebble/compaction.go:1369 ⋮ [n1] [JOB 8] compacting L0 [000087] (338 K) + L6 [000083] (2.3 M)
I231215 15:58:50.021278 21481 vendor/github.com/cockroachdb/pebble/compaction.go:1559 ⋮ [n1] [JOB 8] compacting: sstable created 000088
I231215 15:58:50.727786 21481 vendor/github.com/cockroachdb/pebble/compaction.go:1408 ⋮ [n1] [JOB 8] compacted L0 [000087] (338 K) + L6 [000083] (2.3 M) -> L6 [000088] (2.5 M), in 0.7s, output rate 3.9 M/s
I231215 15:58:50.761299 21481 vendor/github.com/cockroachdb/pebble/compaction.go:2312 ⋮ [n1] [JOB 8] sstable deleted 000083
I231215 15:58:50.770270 21481 vendor/github.com/cockroachdb/pebble/compaction.go:2312 ⋮ [n1] [JOB 8] sstable deleted 000087
I231215 16:36:39.135343 169 vendor/github.com/cockroachdb/pebble/db.go:1366 ⋮ [n1] [JOB 9] WAL created 000089 (recycled 000080)
I231215 16:36:39.137595 49795 vendor/github.com/cockroachdb/pebble/compaction.go:953 ⋮ [n1] [JOB 10] flushing 1 memtable to L0
I231215 16:36:39.140075 49795 vendor/github.com/cockroachdb/pebble/compaction.go:1559 ⋮ [n1] [JOB 10] flushing: sstable created 000090
I231215 16:36:40.292074 49795 vendor/github.com/cockroachdb/pebble/compaction.go:1008 ⋮ [n1] [JOB 10] flushed 1 memtable to L0 [000090] (399 K), in 1.0s, output rate 393 K/s
I231215 16:36:40.318070 49810 vendor/github.com/cockroachdb/pebble/compaction.go:1369 ⋮ [n1] [JOB 11] compacting L0 [000090] (399 K) + L6 [000088] (2.5 M)
I231215 16:36:40.322259 49810 vendor/github.com/cockroachdb/pebble/compaction.go:1559 ⋮ [n1] [JOB 11] compacting: sstable created 000091
I231215 16:36:41.211474 49810 vendor/github.com/cockroachdb/pebble/compaction.go:1408 ⋮ [n1] [JOB 11] compacted L0 [000090] (399 K) + L6 [000088] (2.5 M) -> L6 [000091] (2.8 M), in 0.8s, output rate 3.3 M/s
I231215 16:36:41.233490 49810 vendor/github.com/cockroachdb/pebble/compaction.go:2312 ⋮ [n1] [JOB 11] sstable deleted 000088
I231215 16:36:41.239416 49810 vendor/github.com/cockroachdb/pebble/compaction.go:2312 ⋮ [n1] [JOB 11] sstable deleted 000090
